file1: (g=0): rw=write, bs=128K-128K/128K-128K/128K-128K, ioengine=libaio, iodepth=8
fio-2.1.3
Starting 1 process
file1: Laying out IO file(s) (1 file(s) / 4096MB)

file1: (groupid=0, jobs=1): err= 0: pid=3637: Fri Jul 10 18:22:40 2015
  write: io=4096.0MB, bw=96855KB/s, iops=756, runt= 43305msec
    slat (usec): min=36, max=11792, avg=93.73, stdev=151.72
    clat (usec): min=748, max=264708, avg=10471.28, stdev=6208.31
     lat (usec): min=949, max=264758, avg=10565.67, stdev=6229.35
    clat percentiles (msec):
     |  1.00th=[    5],  5.00th=[    7], 10.00th=[    7], 20.00th=[    8],
     | 30.00th=[    8], 40.00th=[   12], 50.00th=[   12], 60.00th=[   12],
     | 70.00th=[   12], 80.00th=[   12], 90.00th=[   13], 95.00th=[   14],
     | 99.00th=[   26], 99.50th=[   34], 99.90th=[   67], 99.95th=[   70],
     | 99.99th=[  265]
    bw (KB  /s): min=39009, max=135424, per=100.00%, avg=96951.73, stdev=20345.81
    lat (usec) : 750=0.01%, 1000=0.01%
    lat (msec) : 2=0.01%, 4=0.20%, 10=37.53%, 20=60.33%, 50=1.72%
    lat (msec) : 100=0.15%, 250=0.02%, 500=0.02%
  cpu          : usr=2.61%, sys=12.59%, ctx=33555, majf=0, minf=1616
  IO depths    : 1=0.1%, 2=0.1%, 4=0.1%, 8=100.0%, 16=0.0%, 32=0.0%, >=64=0.0%
     submit    : 0=0.0%, 4=100.0%, 8=0.0%, 16=0.0%, 32=0.0%, 64=0.0%, >=64=0.0%
     complete  : 0=0.0%, 4=100.0%, 8=0.1%, 16=0.0%, 32=0.0%, 64=0.0%, >=64=0.0%
     issued    : total=r=0/w=32768/d=0, short=r=0/w=0/d=0

Run status group 0 (all jobs):
  WRITE: io=4096.0MB, aggrb=96854KB/s, minb=96854KB/s, maxb=96854KB/s, mint=43305msec, maxt=43305msec

Disk stats (read/write):
  sda: ios=0/32547, merge=0/252, ticks=0/331132, in_queue=331100, util=99.94%
