file1: (g=0): rw=read, bs=128K-128K/128K-128K/128K-128K, ioengine=libaio, iodepth=8
fio-2.1.3
Starting 1 process
file1: Laying out IO file(s) (1 file(s) / 4096MB)

file1: (groupid=0, jobs=1): err= 0: pid=27375: Fri Jul 10 00:01:08 2015
  read : io=4096.0MB, bw=262423KB/s, iops=2050, runt= 15983msec
    slat (usec): min=14, max=105, avg=38.52, stdev= 8.38
    clat (usec): min=824, max=127038, avg=3857.14, stdev=1902.69
     lat (usec): min=867, max=127067, avg=3896.24, stdev=1902.62
    clat percentiles (msec):
     |  1.00th=[    4],  5.00th=[    4], 10.00th=[    4], 20.00th=[    4],
     | 30.00th=[    4], 40.00th=[    4], 50.00th=[    4], 60.00th=[    4],
     | 70.00th=[    4], 80.00th=[    4], 90.00th=[    4], 95.00th=[    4],
     | 99.00th=[    4], 99.50th=[    5], 99.90th=[    5], 99.95th=[    6],
     | 99.99th=[  126]
    bw (KB  /s): min=201216, max=264704, per=100.00%, avg=262515.61, stdev=11379.35
    lat (usec) : 1000=0.01%
    lat (msec) : 2=0.01%, 4=99.41%, 10=0.56%, 250=0.02%
  cpu          : usr=2.72%, sys=14.38%, ctx=33313, majf=0, minf=282
  IO depths    : 1=0.1%, 2=0.1%, 4=0.1%, 8=100.0%, 16=0.0%, 32=0.0%, >=64=0.0%
     submit    : 0=0.0%, 4=100.0%, 8=0.0%, 16=0.0%, 32=0.0%, 64=0.0%, >=64=0.0%
     complete  : 0=0.0%, 4=100.0%, 8=0.1%, 16=0.0%, 32=0.0%, 64=0.0%, >=64=0.0%
     issued    : total=r=32768/w=0/d=0, short=r=0/w=0/d=0

Run status group 0 (all jobs):
   READ: io=4096.0MB, aggrb=262422KB/s, minb=262422KB/s, maxb=262422KB/s, mint=15983msec, maxt=15983msec

Disk stats (read/write):
  sda: ios=32637/8, merge=0/5, ticks=124548/8, in_queue=124548, util=99.46%
