file1: (g=0): rw=read, bs=128K-128K/128K-128K/128K-128K, ioengine=libaio, iodepth=8
fio-2.1.3
Starting 1 process
file1: Laying out IO file(s) (1 file(s) / 512MB)

file1: (groupid=0, jobs=1): err= 0: pid=23717: Wed Jul  8 10:09:20 2015
  read : io=524288KB, bw=79910KB/s, iops=624, runt=  6561msec
    slat (usec): min=14, max=148, avg=20.61, stdev= 3.80
    clat (msec): min=11, max=55, avg=12.78, stdev= 1.54
     lat (msec): min=11, max=55, avg=12.80, stdev= 1.54
    clat percentiles (usec):
     |  1.00th=[11968],  5.00th=[12352], 10.00th=[12352], 20.00th=[12352],
     | 30.00th=[12480], 40.00th=[12608], 50.00th=[12608], 60.00th=[12736],
     | 70.00th=[12736], 80.00th=[12992], 90.00th=[12992], 95.00th=[12992],
     | 99.00th=[13760], 99.50th=[16320], 99.90th=[40704], 99.95th=[52480],
     | 99.99th=[55552]
    bw (KB  /s): min=78305, max=81408, per=100.00%, avg=80280.15, stdev=1061.77
    lat (msec) : 20=99.66%, 50=0.24%, 100=0.10%
  cpu          : usr=0.00%, sys=2.68%, ctx=4099, majf=0, minf=282
  IO depths    : 1=0.1%, 2=0.1%, 4=0.1%, 8=99.8%, 16=0.0%, 32=0.0%, >=64=0.0%
     submit    : 0=0.0%, 4=100.0%, 8=0.0%, 16=0.0%, 32=0.0%, 64=0.0%, >=64=0.0%
     complete  : 0=0.0%, 4=100.0%, 8=0.1%, 16=0.0%, 32=0.0%, 64=0.0%, >=64=0.0%
     issued    : total=r=4096/w=0/d=0, short=r=0/w=0/d=0

Run status group 0 (all jobs):
   READ: io=524288KB, aggrb=79909KB/s, minb=79909KB/s, maxb=79909KB/s, mint=6561msec, maxt=6561msec

Disk stats (read/write):
  sda: ios=3988/0, merge=0/1, ticks=50672/0, in_queue=51612, util=98.53%
