file1: (g=0): rw=write, bs=128K-128K/128K-128K/128K-128K, ioengine=libaio, iodepth=8
fio-2.1.3
Starting 1 process
file1: Laying out IO file(s) (1 file(s) / 4096MB)

file1: (groupid=0, jobs=1): err= 0: pid=23195: Wed Jul  8 01:36:07 2015
  write: io=4096.0MB, bw=80462KB/s, iops=628, runt= 52128msec
    slat (usec): min=18, max=12338, avg=35.59, stdev=194.07
    clat (msec): min=1, max=1368, avg=12.69, stdev=10.08
     lat (msec): min=1, max=1368, avg=12.72, stdev=10.12
    clat percentiles (msec):
     |  1.00th=[    5],  5.00th=[   12], 10.00th=[   12], 20.00th=[   12],
     | 30.00th=[   12], 40.00th=[   13], 50.00th=[   13], 60.00th=[   13],
     | 70.00th=[   13], 80.00th=[   13], 90.00th=[   13], 95.00th=[   13],
     | 99.00th=[   19], 99.50th=[   34], 99.90th=[  102], 99.95th=[  210],
     | 99.99th=[  260]
    bw (KB  /s): min=39424, max=101888, per=100.00%, avg=80546.24, stdev=7135.19
    lat (msec) : 2=0.02%, 4=0.35%, 10=1.83%, 20=96.87%, 50=0.63%
    lat (msec) : 100=0.17%, 250=0.10%, 500=0.02%, 2000=0.01%
  cpu          : usr=0.00%, sys=3.26%, ctx=32652, majf=0, minf=291
  IO depths    : 1=0.1%, 2=0.1%, 4=0.1%, 8=100.0%, 16=0.0%, 32=0.0%, >=64=0.0%
     submit    : 0=0.0%, 4=100.0%, 8=0.0%, 16=0.0%, 32=0.0%, 64=0.0%, >=64=0.0%
     complete  : 0=0.0%, 4=100.0%, 8=0.1%, 16=0.0%, 32=0.0%, 64=0.0%, >=64=0.0%
     issued    : total=r=0/w=32768/d=0, short=r=0/w=0/d=0

Run status group 0 (all jobs):
  WRITE: io=4096.0MB, aggrb=80461KB/s, minb=80461KB/s, maxb=80461KB/s, mint=52128msec, maxt=52128msec

Disk stats (read/write):
  sda: ios=0/32691, merge=0/256, ticks=0/410492, in_queue=410520, util=99.88%
