file1: (g=0): rw=read, bs=128K-128K/128K-128K/128K-128K, ioengine=libaio, iodepth=8
fio-2.1.3
Starting 1 process
file1: Laying out IO file(s) (1 file(s) / 4096MB)

file1: (groupid=0, jobs=1): err= 0: pid=27444: Fri Jul 10 00:02:58 2015
  read : io=4096.0MB, bw=262406KB/s, iops=2050, runt= 15984msec
    slat (usec): min=14, max=158, avg=38.76, stdev= 8.47
    clat (msec): min=1, max=127, avg= 3.86, stdev= 1.90
     lat (msec): min=1, max=127, avg= 3.90, stdev= 1.90
    clat percentiles (msec):
     |  1.00th=[    4],  5.00th=[    4], 10.00th=[    4], 20.00th=[    4],
     | 30.00th=[    4], 40.00th=[    4], 50.00th=[    4], 60.00th=[    4],
     | 70.00th=[    4], 80.00th=[    4], 90.00th=[    4], 95.00th=[    4],
     | 99.00th=[    4], 99.50th=[    5], 99.90th=[    6], 99.95th=[    6],
     | 99.99th=[  127]
    bw (KB  /s): min=200704, max=264704, per=100.00%, avg=262466.06, stdev=11470.20
    lat (msec) : 2=0.01%, 4=99.42%, 10=0.55%, 250=0.02%
  cpu          : usr=2.70%, sys=14.50%, ctx=33292, majf=0, minf=283
  IO depths    : 1=0.1%, 2=0.1%, 4=0.1%, 8=100.0%, 16=0.0%, 32=0.0%, >=64=0.0%
     submit    : 0=0.0%, 4=100.0%, 8=0.0%, 16=0.0%, 32=0.0%, 64=0.0%, >=64=0.0%
     complete  : 0=0.0%, 4=100.0%, 8=0.1%, 16=0.0%, 32=0.0%, 64=0.0%, >=64=0.0%
     issued    : total=r=32768/w=0/d=0, short=r=0/w=0/d=0

Run status group 0 (all jobs):
   READ: io=4096.0MB, aggrb=262406KB/s, minb=262406KB/s, maxb=262406KB/s, mint=15984msec, maxt=15984msec

Disk stats (read/write):
  sda: ios=32689/7, merge=0/8, ticks=124776/8, in_queue=124784, util=99.47%
