file1: (g=0): rw=write, bs=128K-128K/128K-128K/128K-128K, ioengine=libaio, iodepth=8
fio-2.1.3
Starting 1 process
file1: Laying out IO file(s) (1 file(s) / 4096MB)

file1: (groupid=0, jobs=1): err= 0: pid=8939: Thu Jul  9 18:20:15 2015
  write: io=4096.0MB, bw=106032KB/s, iops=828, runt= 39557msec
    slat (usec): min=22, max=13792, avg=42.31, stdev=100.60
    clat (msec): min=3, max=117, avg= 9.61, stdev= 2.49
     lat (msec): min=3, max=117, avg= 9.65, stdev= 2.50
    clat percentiles (msec):
     |  1.00th=[   10],  5.00th=[   10], 10.00th=[   10], 20.00th=[   10],
     | 30.00th=[   10], 40.00th=[   10], 50.00th=[   10], 60.00th=[   10],
     | 70.00th=[   10], 80.00th=[   10], 90.00th=[   10], 95.00th=[   11],
     | 99.00th=[   15], 99.50th=[   17], 99.90th=[   30], 99.95th=[   79],
     | 99.99th=[  118]
    bw (KB  /s): min=85504, max=109056, per=100.00%, avg=106114.47, stdev=3905.30
    lat (msec) : 4=0.01%, 10=94.60%, 20=5.11%, 50=0.21%, 100=0.05%
    lat (msec) : 250=0.02%
  cpu          : usr=1.95%, sys=7.88%, ctx=33216, majf=0, minf=25
  IO depths    : 1=0.1%, 2=0.1%, 4=0.1%, 8=100.0%, 16=0.0%, 32=0.0%, >=64=0.0%
     submit    : 0=0.0%, 4=100.0%, 8=0.0%, 16=0.0%, 32=0.0%, 64=0.0%, >=64=0.0%
     complete  : 0=0.0%, 4=100.0%, 8=0.1%, 16=0.0%, 32=0.0%, 64=0.0%, >=64=0.0%
     issued    : total=r=0/w=32768/d=0, short=r=0/w=0/d=0

Run status group 0 (all jobs):
  WRITE: io=4096.0MB, aggrb=106031KB/s, minb=106031KB/s, maxb=106031KB/s, mint=39557msec, maxt=39557msec

Disk stats (read/write):
  sda: ios=0/32743, merge=0/284, ticks=0/347400, in_queue=347396, util=99.86%
