file1: (g=0): rw=write, bs=128K-128K/128K-128K/128K-128K, ioengine=libaio, iodepth=8
fio-2.1.3
Starting 1 process
file1: Laying out IO file(s) (1 file(s) / 4096MB)

file1: (groupid=0, jobs=1): err= 0: pid=18241: Thu Jul  9 18:55:18 2015
  write: io=4096.0MB, bw=75116KB/s, iops=586, runt= 55838msec
    slat (usec): min=38, max=20503, avg=113.90, stdev=193.22
    clat (msec): min=2, max=288, avg=13.51, stdev= 9.00
     lat (msec): min=2, max=298, avg=13.62, stdev= 9.03
    clat percentiles (msec):
     |  1.00th=[    5],  5.00th=[   11], 10.00th=[   11], 20.00th=[   11],
     | 30.00th=[   11], 40.00th=[   12], 50.00th=[   12], 60.00th=[   12],
     | 70.00th=[   12], 80.00th=[   13], 90.00th=[   20], 95.00th=[   28],
     | 99.00th=[   46], 99.50th=[   64], 99.90th=[  102], 99.95th=[  145],
     | 99.99th=[  289]
    bw (KB  /s): min=37324, max=90368, per=100.00%, avg=75383.16, stdev=10255.03
    lat (msec) : 4=0.14%, 10=3.89%, 20=87.59%, 50=7.53%, 100=0.74%
    lat (msec) : 250=0.08%, 500=0.02%
  cpu          : usr=1.48%, sys=8.95%, ctx=33731, majf=0, minf=1881
  IO depths    : 1=0.1%, 2=0.1%, 4=0.1%, 8=100.0%, 16=0.0%, 32=0.0%, >=64=0.0%
     submit    : 0=0.0%, 4=100.0%, 8=0.0%, 16=0.0%, 32=0.0%, 64=0.0%, >=64=0.0%
     complete  : 0=0.0%, 4=100.0%, 8=0.1%, 16=0.0%, 32=0.0%, 64=0.0%, >=64=0.0%
     issued    : total=r=0/w=32768/d=0, short=r=0/w=0/d=0

Run status group 0 (all jobs):
  WRITE: io=4096.0MB, aggrb=75115KB/s, minb=75115KB/s, maxb=75115KB/s, mint=55838msec, maxt=55838msec

Disk stats (read/write):
  sda: ios=0/32620, merge=0/359, ticks=0/441072, in_queue=441000, util=99.94%
