file1: (g=0): rw=read, bs=128K-128K/128K-128K/128K-128K, ioengine=libaio, iodepth=8
fio-2.1.3
Starting 1 process
file1: Laying out IO file(s) (1 file(s) / 512MB)

file1: (groupid=0, jobs=1): err= 0: pid=23730: Wed Jul  8 10:09:35 2015
  read : io=524288KB, bw=78959KB/s, iops=616, runt=  6640msec
    slat (usec): min=16, max=120, avg=20.61, stdev= 3.62
    clat (msec): min=12, max=127, avg=12.92, stdev= 4.52
     lat (msec): min=12, max=127, avg=12.94, stdev= 4.52
    clat percentiles (msec):
     |  1.00th=[   13],  5.00th=[   13], 10.00th=[   13], 20.00th=[   13],
     | 30.00th=[   13], 40.00th=[   13], 50.00th=[   13], 60.00th=[   13],
     | 70.00th=[   13], 80.00th=[   13], 90.00th=[   13], 95.00th=[   13],
     | 99.00th=[   14], 99.50th=[   15], 99.90th=[  122], 99.95th=[  125],
     | 99.99th=[  128]
    bw (KB  /s): min=77668, max=81408, per=100.00%, avg=80309.77, stdev=1104.03
    lat (msec) : 20=99.73%, 50=0.10%, 250=0.17%
  cpu          : usr=0.00%, sys=2.53%, ctx=4100, majf=0, minf=282
  IO depths    : 1=0.1%, 2=0.1%, 4=0.1%, 8=99.8%, 16=0.0%, 32=0.0%, >=64=0.0%
     submit    : 0=0.0%, 4=100.0%, 8=0.0%, 16=0.0%, 32=0.0%, 64=0.0%, >=64=0.0%
     complete  : 0=0.0%, 4=100.0%, 8=0.1%, 16=0.0%, 32=0.0%, 64=0.0%, >=64=0.0%
     issued    : total=r=4096/w=0/d=0, short=r=0/w=0/d=0

Run status group 0 (all jobs):
   READ: io=524288KB, aggrb=78959KB/s, minb=78959KB/s, maxb=78959KB/s, mint=6640msec, maxt=6640msec

Disk stats (read/write):
  sda: ios=4035/0, merge=0/1, ticks=51340/0, in_queue=55008, util=98.61%
