file1: (g=0): rw=write, bs=128K-128K/128K-128K/128K-128K, ioengine=libaio, iodepth=8
fio-2.1.3
Starting 1 process
file1: Laying out IO file(s) (1 file(s) / 4096MB)

file1: (groupid=0, jobs=1): err= 0: pid=2261: Wed Jul  8 15:03:54 2015
  write: io=4096.0MB, bw=91719KB/s, iops=716, runt= 45730msec
    slat (usec): min=23, max=120912, avg=50.46, stdev=719.02
    clat (msec): min=3, max=130, avg=11.11, stdev= 2.65
     lat (msec): min=3, max=136, avg=11.16, stdev= 2.76
    clat percentiles (msec):
     |  1.00th=[   11],  5.00th=[   11], 10.00th=[   11], 20.00th=[   11],
     | 30.00th=[   11], 40.00th=[   11], 50.00th=[   11], 60.00th=[   12],
     | 70.00th=[   12], 80.00th=[   12], 90.00th=[   12], 95.00th=[   12],
     | 99.00th=[   18], 99.50th=[   19], 99.90th=[   30], 99.95th=[   35],
     | 99.99th=[  127]
    bw (KB  /s): min=48542, max=100096, per=100.00%, avg=91823.38, stdev=6433.68
    lat (msec) : 4=0.01%, 10=0.66%, 20=98.95%, 50=0.34%, 250=0.05%
  cpu          : usr=1.66%, sys=7.10%, ctx=33228, majf=0, minf=25
  IO depths    : 1=0.1%, 2=0.1%, 4=0.1%, 8=100.0%, 16=0.0%, 32=0.0%, >=64=0.0%
     submit    : 0=0.0%, 4=100.0%, 8=0.0%, 16=0.0%, 32=0.0%, 64=0.0%, >=64=0.0%
     complete  : 0=0.0%, 4=100.0%, 8=0.1%, 16=0.0%, 32=0.0%, 64=0.0%, >=64=0.0%
     issued    : total=r=0/w=32768/d=0, short=r=0/w=0/d=0

Run status group 0 (all jobs):
  WRITE: io=4096.0MB, aggrb=91718KB/s, minb=91718KB/s, maxb=91718KB/s, mint=45730msec, maxt=45730msec

Disk stats (read/write):
  sda: ios=0/32810, merge=0/257, ticks=0/370184, in_queue=370196, util=99.89%
