file1: (g=0): rw=read, bs=128K-128K/128K-128K/128K-128K, ioengine=libaio, iodepth=8
fio-2.1.3
Starting 1 process
file1: Laying out IO file(s) (1 file(s) / 4096MB)

file1: (groupid=0, jobs=1): err= 0: pid=18072: Thu Jul  9 18:45:27 2015
  read : io=4096.0MB, bw=92616KB/s, iops=723, runt= 45287msec
    slat (usec): min=22, max=293, avg=65.91, stdev= 8.43
    clat (msec): min=5, max=148, avg=10.98, stdev= 2.87
     lat (msec): min=5, max=148, avg=11.05, stdev= 2.87
    clat percentiles (msec):
     |  1.00th=[   11],  5.00th=[   11], 10.00th=[   11], 20.00th=[   11],
     | 30.00th=[   11], 40.00th=[   11], 50.00th=[   11], 60.00th=[   11],
     | 70.00th=[   11], 80.00th=[   11], 90.00th=[   12], 95.00th=[   12],
     | 99.00th=[   20], 99.50th=[   20], 99.90th=[   44], 99.95th=[   55],
     | 99.99th=[  147]
    bw (KB  /s): min=62464, max=96256, per=100.00%, avg=92687.72, stdev=4296.89
    lat (msec) : 10=0.11%, 20=99.44%, 50=0.38%, 100=0.04%, 250=0.02%
  cpu          : usr=1.15%, sys=8.22%, ctx=33542, majf=0, minf=1872
  IO depths    : 1=0.1%, 2=0.1%, 4=0.1%, 8=100.0%, 16=0.0%, 32=0.0%, >=64=0.0%
     submit    : 0=0.0%, 4=100.0%, 8=0.0%, 16=0.0%, 32=0.0%, 64=0.0%, >=64=0.0%
     complete  : 0=0.0%, 4=100.0%, 8=0.1%, 16=0.0%, 32=0.0%, 64=0.0%, >=64=0.0%
     issued    : total=r=32768/w=0/d=0, short=r=0/w=0/d=0

Run status group 0 (all jobs):
   READ: io=4096.0MB, aggrb=92616KB/s, minb=92616KB/s, maxb=92616KB/s, mint=45287msec, maxt=45287msec

Disk stats (read/write):
  sda: ios=32625/21, merge=60/9, ticks=354680/24232, in_queue=378876, util=99.91%
