file1: (g=0): rw=write, bs=128K-128K/128K-128K/128K-128K, ioengine=libaio, iodepth=8
fio-2.1.3
Starting 1 process
file1: Laying out IO file(s) (1 file(s) / 4096MB)

file1: (groupid=0, jobs=1): err= 0: pid=22102: Thu Jul  9 18:52:54 2015
  write: io=4096.0MB, bw=89860KB/s, iops=702, runt= 46676msec
    slat (usec): min=37, max=10234, avg=117.32, stdev=149.39
    clat (usec): min=1000, max=230623, avg=11267.62, stdev=13209.57
     lat (msec): min=1, max=230, avg=11.39, stdev=13.24
    clat percentiles (msec):
     |  1.00th=[    5],  5.00th=[    5], 10.00th=[   10], 20.00th=[   10],
     | 30.00th=[   10], 40.00th=[   10], 50.00th=[   11], 60.00th=[   11],
     | 70.00th=[   11], 80.00th=[   11], 90.00th=[   12], 95.00th=[   13],
     | 99.00th=[   27], 99.50th=[  137], 99.90th=[  208], 99.95th=[  215],
     | 99.99th=[  221]
    bw (KB  /s): min=53760, max=102144, per=100.00%, avg=90344.70, stdev=12336.44
    lat (msec) : 2=0.01%, 4=0.15%, 10=56.23%, 20=42.13%, 50=0.75%
    lat (msec) : 100=0.07%, 250=0.66%
  cpu          : usr=1.91%, sys=10.95%, ctx=33856, majf=0, minf=2145
  IO depths    : 1=0.1%, 2=0.1%, 4=0.1%, 8=100.0%, 16=0.0%, 32=0.0%, >=64=0.0%
     submit    : 0=0.0%, 4=100.0%, 8=0.0%, 16=0.0%, 32=0.0%, 64=0.0%, >=64=0.0%
     complete  : 0=0.0%, 4=100.0%, 8=0.1%, 16=0.0%, 32=0.0%, 64=0.0%, >=64=0.0%
     issued    : total=r=0/w=32768/d=0, short=r=0/w=0/d=0

Run status group 0 (all jobs):
  WRITE: io=4096.0MB, aggrb=89859KB/s, minb=89859KB/s, maxb=89859KB/s, mint=46676msec, maxt=46676msec

Disk stats (read/write):
  sda: ios=0/32526, merge=0/308, ticks=0/364864, in_queue=364796, util=99.94%
