file1: (g=0): rw=read, bs=128K-128K/128K-128K/128K-128K, ioengine=libaio, iodepth=8
fio-2.1.3
Starting 1 process
file1: Laying out IO file(s) (1 file(s) / 4096MB)

file1: (groupid=0, jobs=1): err= 0: pid=21875: Thu Jul  9 18:43:37 2015
  read : io=4096.0MB, bw=98285KB/s, iops=767, runt= 42675msec
    slat (usec): min=22, max=258, avg=67.55, stdev= 9.15
    clat (msec): min=4, max=2021, avg=10.34, stdev=11.59
     lat (msec): min=4, max=2021, avg=10.41, stdev=11.59
    clat percentiles (msec):
     |  1.00th=[    9],  5.00th=[   10], 10.00th=[   10], 20.00th=[   10],
     | 30.00th=[   10], 40.00th=[   10], 50.00th=[   10], 60.00th=[   10],
     | 70.00th=[   10], 80.00th=[   11], 90.00th=[   11], 95.00th=[   12],
     | 99.00th=[   14], 99.50th=[   19], 99.90th=[   52], 99.95th=[   55],
     | 99.99th=[  172]
    bw (KB  /s): min=57344, max=105005, per=100.00%, avg=98359.88, stdev=7468.66
    lat (msec) : 10=70.67%, 20=28.96%, 50=0.24%, 100=0.11%, 250=0.02%
    lat (msec) : >=2000=0.01%
  cpu          : usr=1.39%, sys=8.89%, ctx=33624, majf=0, minf=1878
  IO depths    : 1=0.1%, 2=0.1%, 4=0.1%, 8=100.0%, 16=0.0%, 32=0.0%, >=64=0.0%
     submit    : 0=0.0%, 4=100.0%, 8=0.0%, 16=0.0%, 32=0.0%, 64=0.0%, >=64=0.0%
     complete  : 0=0.0%, 4=100.0%, 8=0.1%, 16=0.0%, 32=0.0%, 64=0.0%, >=64=0.0%
     issued    : total=r=32768/w=0/d=0, short=r=0/w=0/d=0

Run status group 0 (all jobs):
   READ: io=4096.0MB, aggrb=98284KB/s, minb=98284KB/s, maxb=98284KB/s, mint=42675msec, maxt=42675msec

Disk stats (read/write):
  sda: ios=32681/26, merge=60/23, ticks=333652/580, in_queue=334144, util=99.90%
