file1: (g=0): rw=write, bs=128K-128K/128K-128K/128K-128K, ioengine=libaio, iodepth=8
fio-2.1.3
Starting 1 process
file1: Laying out IO file(s) (1 file(s) / 4096MB)

file1: (groupid=0, jobs=1): err= 0: pid=3422: Fri Jul 10 18:16:29 2015
  write: io=4096.0MB, bw=98345KB/s, iops=768, runt= 42649msec
    slat (usec): min=40, max=9197, avg=91.53, stdev=121.88
    clat (usec): min=814, max=216596, avg=10313.28, stdev=4415.16
     lat (msec): min=1, max=216, avg=10.41, stdev= 4.43
    clat percentiles (msec):
     |  1.00th=[    5],  5.00th=[   10], 10.00th=[   10], 20.00th=[   10],
     | 30.00th=[   10], 40.00th=[   10], 50.00th=[   11], 60.00th=[   11],
     | 70.00th=[   11], 80.00th=[   11], 90.00th=[   11], 95.00th=[   12],
     | 99.00th=[   23], 99.50th=[   29], 99.90th=[   62], 99.95th=[   71],
     | 99.99th=[  217]
    bw (KB  /s): min=57088, max=104960, per=100.00%, avg=98412.65, stdev=6215.46
    lat (usec) : 1000=0.01%
    lat (msec) : 2=0.01%, 4=0.23%, 10=45.95%, 20=52.64%, 50=0.97%
    lat (msec) : 100=0.17%, 250=0.02%
  cpu          : usr=2.61%, sys=12.27%, ctx=33581, majf=0, minf=1615
  IO depths    : 1=0.1%, 2=0.1%, 4=0.1%, 8=100.0%, 16=0.0%, 32=0.0%, >=64=0.0%
     submit    : 0=0.0%, 4=100.0%, 8=0.0%, 16=0.0%, 32=0.0%, 64=0.0%, >=64=0.0%
     complete  : 0=0.0%, 4=100.0%, 8=0.1%, 16=0.0%, 32=0.0%, 64=0.0%, >=64=0.0%
     issued    : total=r=0/w=32768/d=0, short=r=0/w=0/d=0

Run status group 0 (all jobs):
  WRITE: io=4096.0MB, aggrb=98344KB/s, minb=98344KB/s, maxb=98344KB/s, mint=42649msec, maxt=42649msec

Disk stats (read/write):
  sda: ios=0/32551, merge=0/293, ticks=0/326960, in_queue=326896, util=99.86%
