file1: (g=0): rw=read, bs=128K-128K/128K-128K/128K-128K, ioengine=libaio, iodepth=8
fio-2.1.3
Starting 1 process
file1: Laying out IO file(s) (1 file(s) / 4096MB)

file1: (groupid=0, jobs=1): err= 0: pid=18095: Thu Jul  9 18:47:13 2015
  read : io=4096.0MB, bw=92780KB/s, iops=724, runt= 45207msec
    slat (usec): min=22, max=284, avg=66.27, stdev= 8.74
    clat (msec): min=5, max=123, avg=10.96, stdev= 2.42
     lat (msec): min=5, max=123, avg=11.03, stdev= 2.42
    clat percentiles (msec):
     |  1.00th=[   11],  5.00th=[   11], 10.00th=[   11], 20.00th=[   11],
     | 30.00th=[   11], 40.00th=[   11], 50.00th=[   11], 60.00th=[   11],
     | 70.00th=[   11], 80.00th=[   11], 90.00th=[   12], 95.00th=[   12],
     | 99.00th=[   19], 99.50th=[   20], 99.90th=[   38], 99.95th=[   41],
     | 99.99th=[  122]
    bw (KB  /s): min=68380, max=96512, per=100.00%, avg=92882.20, stdev=3736.63
    lat (msec) : 10=0.14%, 20=99.44%, 50=0.40%, 250=0.02%
  cpu          : usr=1.15%, sys=8.46%, ctx=33578, majf=0, minf=2137
  IO depths    : 1=0.1%, 2=0.1%, 4=0.1%, 8=100.0%, 16=0.0%, 32=0.0%, >=64=0.0%
     submit    : 0=0.0%, 4=100.0%, 8=0.0%, 16=0.0%, 32=0.0%, 64=0.0%, >=64=0.0%
     complete  : 0=0.0%, 4=100.0%, 8=0.1%, 16=0.0%, 32=0.0%, 64=0.0%, >=64=0.0%
     issued    : total=r=32768/w=0/d=0, short=r=0/w=0/d=0

Run status group 0 (all jobs):
   READ: io=4096.0MB, aggrb=92779KB/s, minb=92779KB/s, maxb=92779KB/s, mint=45207msec, maxt=45207msec

Disk stats (read/write):
  sda: ios=32552/22, merge=48/13, ticks=353768/13648, in_queue=367352, util=99.90%
