file1: (g=0): rw=read, bs=128K-128K/128K-128K/128K-128K, ioengine=libaio, iodepth=8
fio-2.1.3
Starting 1 process
file1: Laying out IO file(s) (1 file(s) / 4096MB)

file1: (groupid=0, jobs=1): err= 0: pid=27421: Fri Jul 10 00:02:21 2015
  read : io=4096.0MB, bw=262374KB/s, iops=2049, runt= 15986msec
    slat (usec): min=14, max=139, avg=38.32, stdev= 8.24
    clat (usec): min=835, max=127013, avg=3858.09, stdev=1901.80
     lat (usec): min=878, max=127042, avg=3896.99, stdev=1901.77
    clat percentiles (msec):
     |  1.00th=[    4],  5.00th=[    4], 10.00th=[    4], 20.00th=[    4],
     | 30.00th=[    4], 40.00th=[    4], 50.00th=[    4], 60.00th=[    4],
     | 70.00th=[    4], 80.00th=[    4], 90.00th=[    4], 95.00th=[    4],
     | 99.00th=[    4], 99.50th=[    5], 99.90th=[    6], 99.95th=[    6],
     | 99.99th=[  126]
    bw (KB  /s): min=201216, max=264960, per=100.00%, avg=262482.58, stdev=11382.15
    lat (usec) : 1000=0.01%
    lat (msec) : 2=0.01%, 4=99.40%, 10=0.56%, 250=0.02%
  cpu          : usr=2.72%, sys=14.46%, ctx=33270, majf=0, minf=282
  IO depths    : 1=0.1%, 2=0.1%, 4=0.1%, 8=100.0%, 16=0.0%, 32=0.0%, >=64=0.0%
     submit    : 0=0.0%, 4=100.0%, 8=0.0%, 16=0.0%, 32=0.0%, 64=0.0%, >=64=0.0%
     complete  : 0=0.0%, 4=100.0%, 8=0.1%, 16=0.0%, 32=0.0%, 64=0.0%, >=64=0.0%
     issued    : total=r=32768/w=0/d=0, short=r=0/w=0/d=0

Run status group 0 (all jobs):
   READ: io=4096.0MB, aggrb=262373KB/s, minb=262373KB/s, maxb=262373KB/s, mint=15986msec, maxt=15986msec

Disk stats (read/write):
  sda: ios=32668/4, merge=0/2, ticks=124816/4, in_queue=124788, util=99.44%
