file1: (g=0): rw=read, bs=128K-128K/128K-128K/128K-128K, ioengine=libaio, iodepth=8
fio-2.1.3
Starting 1 process
file1: Laying out IO file(s) (1 file(s) / 4096MB)

file1: (groupid=0, jobs=1): err= 0: pid=1980: Wed Jul  8 14:50:38 2015
  read : io=4096.0MB, bw=88305KB/s, iops=689, runt= 47498msec
    slat (usec): min=17, max=168, avg=26.68, stdev= 3.73
    clat (msec): min=4, max=41, avg=11.56, stdev= 1.31
     lat (msec): min=4, max=41, avg=11.59, stdev= 1.31
    clat percentiles (usec):
     |  1.00th=[10432],  5.00th=[10560], 10.00th=[10688], 20.00th=[10816],
     | 30.00th=[11072], 40.00th=[11072], 50.00th=[11456], 60.00th=[11840],
     | 70.00th=[11840], 80.00th=[11968], 90.00th=[12224], 95.00th=[12352],
     | 99.00th=[16320], 99.50th=[17792], 99.90th=[27008], 99.95th=[35072],
     | 99.99th=[41216]
    bw (KB  /s): min=79360, max=96256, per=100.00%, avg=88444.40, stdev=4338.27
    lat (msec) : 10=0.02%, 20=99.73%, 50=0.25%
  cpu          : usr=0.61%, sys=3.54%, ctx=33115, majf=0, minf=282
  IO depths    : 1=0.1%, 2=0.1%, 4=0.1%, 8=100.0%, 16=0.0%, 32=0.0%, >=64=0.0%
     submit    : 0=0.0%, 4=100.0%, 8=0.0%, 16=0.0%, 32=0.0%, 64=0.0%, >=64=0.0%
     complete  : 0=0.0%, 4=100.0%, 8=0.1%, 16=0.0%, 32=0.0%, 64=0.0%, >=64=0.0%
     issued    : total=r=32768/w=0/d=0, short=r=0/w=0/d=0

Run status group 0 (all jobs):
   READ: io=4096.0MB, aggrb=88304KB/s, minb=88304KB/s, maxb=88304KB/s, mint=47498msec, maxt=47498msec

Disk stats (read/write):
  sda: ios=32765/9, merge=0/2, ticks=378244/10064, in_queue=388308, util=99.90%
