file1: (g=0): rw=write, bs=128K-128K/128K-128K/128K-128K, ioengine=libaio, iodepth=8
fio-2.1.3
Starting 1 process
file1: Laying out IO file(s) (1 file(s) / 4096MB)

file1: (groupid=0, jobs=1): err= 0: pid=6188: Wed Jul  8 15:32:57 2015
  write: io=4096.0MB, bw=124268KB/s, iops=970, runt= 33752msec
    slat (usec): min=41, max=378, avg=66.08, stdev=22.46
    clat (msec): min=1, max=233, avg= 8.17, stdev= 4.71
     lat (msec): min=1, max=233, avg= 8.24, stdev= 4.71
    clat percentiles (msec):
     |  1.00th=[    5],  5.00th=[    6], 10.00th=[    7], 20.00th=[    7],
     | 30.00th=[    8], 40.00th=[    8], 50.00th=[    8], 60.00th=[    8],
     | 70.00th=[    8], 80.00th=[   10], 90.00th=[   13], 95.00th=[   15],
     | 99.00th=[   16], 99.50th=[   30], 99.90th=[   59], 99.95th=[   62],
     | 99.99th=[  210]
    bw (KB  /s): min=98403, max=129021, per=100.00%, avg=124379.02, stdev=6206.86
    lat (msec) : 2=0.10%, 4=0.85%, 10=80.97%, 20=17.44%, 50=0.46%
    lat (msec) : 100=0.14%, 250=0.03%
  cpu          : usr=1.56%, sys=6.13%, ctx=5619, majf=0, minf=1350
  IO depths    : 1=0.1%, 2=0.1%, 4=0.1%, 8=100.0%, 16=0.0%, 32=0.0%, >=64=0.0%
     submit    : 0=0.0%, 4=100.0%, 8=0.0%, 16=0.0%, 32=0.0%, 64=0.0%, >=64=0.0%
     complete  : 0=0.0%, 4=100.0%, 8=0.1%, 16=0.0%, 32=0.0%, 64=0.0%, >=64=0.0%
     issued    : total=r=0/w=32768/d=0, short=r=0/w=0/d=0

Run status group 0 (all jobs):
  WRITE: io=4096.0MB, aggrb=124268KB/s, minb=124268KB/s, maxb=124268KB/s, mint=33752msec, maxt=33752msec

Disk stats (read/write):
  sda: ios=0/32610, merge=0/240, ticks=0/250312, in_queue=250292, util=99.83%
