file1: (g=0): rw=write, bs=128K-128K/128K-128K/128K-128K, ioengine=libaio, iodepth=8
fio-2.1.3
Starting 1 process
file1: Laying out IO file(s) (1 file(s) / 4096MB)

file1: (groupid=0, jobs=1): err= 0: pid=11699: Wed Jul  8 15:45:34 2015
  write: io=4096.0MB, bw=75082KB/s, iops=586, runt= 55863msec
    slat (usec): min=38, max=19303, avg=112.49, stdev=224.21
    clat (msec): min=2, max=1534, avg=13.52, stdev=13.03
     lat (msec): min=2, max=1534, avg=13.63, stdev=13.06
    clat percentiles (msec):
     |  1.00th=[    5],  5.00th=[   11], 10.00th=[   11], 20.00th=[   11],
     | 30.00th=[   11], 40.00th=[   11], 50.00th=[   11], 60.00th=[   11],
     | 70.00th=[   12], 80.00th=[   19], 90.00th=[   20], 95.00th=[   28],
     | 99.00th=[   44], 99.50th=[   61], 99.90th=[  133], 99.95th=[  217],
     | 99.99th=[  302]
    bw (KB  /s): min=37980, max=106498, per=100.00%, avg=75136.30, stdev=12103.27
    lat (msec) : 4=0.16%, 10=4.27%, 20=88.76%, 50=6.02%, 100=0.59%
    lat (msec) : 250=0.17%, 500=0.02%, 2000=0.01%
  cpu          : usr=1.44%, sys=8.80%, ctx=33691, majf=0, minf=1881
  IO depths    : 1=0.1%, 2=0.1%, 4=0.1%, 8=100.0%, 16=0.0%, 32=0.0%, >=64=0.0%
     submit    : 0=0.0%, 4=100.0%, 8=0.0%, 16=0.0%, 32=0.0%, 64=0.0%, >=64=0.0%
     complete  : 0=0.0%, 4=100.0%, 8=0.1%, 16=0.0%, 32=0.0%, 64=0.0%, >=64=0.0%
     issued    : total=r=0/w=32768/d=0, short=r=0/w=0/d=0

Run status group 0 (all jobs):
  WRITE: io=4096.0MB, aggrb=75081KB/s, minb=75081KB/s, maxb=75081KB/s, mint=55863msec, maxt=55863msec

Disk stats (read/write):
  sda: ios=0/32591, merge=0/350, ticks=0/452436, in_queue=452404, util=99.94%
