file1: (g=0): rw=write, bs=128K-128K/128K-128K/128K-128K, ioengine=libaio, iodepth=8
fio-2.1.3
Starting 1 process
file1: Laying out IO file(s) (1 file(s) / 4096MB)

file1: (groupid=0, jobs=1): err= 0: pid=18270: Thu Jul  9 18:56:15 2015
  write: io=4096.0MB, bw=73942KB/s, iops=577, runt= 56724msec
    slat (usec): min=39, max=37765, avg=114.86, stdev=282.77
    clat (usec): min=834, max=535753, avg=13723.36, stdev=13203.66
     lat (msec): min=2, max=535, avg=13.84, stdev=13.23
    clat percentiles (msec):
     |  1.00th=[    5],  5.00th=[    8], 10.00th=[   11], 20.00th=[   11],
     | 30.00th=[   12], 40.00th=[   12], 50.00th=[   12], 60.00th=[   12],
     | 70.00th=[   13], 80.00th=[   13], 90.00th=[   20], 95.00th=[   23],
     | 99.00th=[   45], 99.50th=[   63], 99.90th=[  241], 99.95th=[  326],
     | 99.99th=[  412]
    bw (KB  /s): min=32768, max=89088, per=100.00%, avg=74101.68, stdev=10029.31
    lat (usec) : 1000=0.01%
    lat (msec) : 2=0.01%, 4=0.14%, 10=5.77%, 20=85.26%, 50=7.92%
    lat (msec) : 100=0.75%, 250=0.05%, 500=0.09%, 750=0.01%
  cpu          : usr=1.45%, sys=8.75%, ctx=33754, majf=0, minf=1881
  IO depths    : 1=0.1%, 2=0.1%, 4=0.1%, 8=100.0%, 16=0.0%, 32=0.0%, >=64=0.0%
     submit    : 0=0.0%, 4=100.0%, 8=0.0%, 16=0.0%, 32=0.0%, 64=0.0%, >=64=0.0%
     complete  : 0=0.0%, 4=100.0%, 8=0.1%, 16=0.0%, 32=0.0%, 64=0.0%, >=64=0.0%
     issued    : total=r=0/w=32768/d=0, short=r=0/w=0/d=0

Run status group 0 (all jobs):
  WRITE: io=4096.0MB, aggrb=73942KB/s, minb=73942KB/s, maxb=73942KB/s, mint=56724msec, maxt=56724msec

Disk stats (read/write):
  sda: ios=0/32670, merge=0/390, ticks=0/440180, in_queue=440244, util=99.95%
