file1: (g=0): rw=read, bs=128K-128K/128K-128K/128K-128K, ioengine=libaio, iodepth=8
fio-2.1.3
Starting 1 process
file1: Laying out IO file(s) (1 file(s) / 512MB)

file1: (groupid=0, jobs=1): err= 0: pid=39512: Wed Jun 24 20:29:36 2015
  read : io=524288KB, bw=145555KB/s, iops=1137, runt=  3602msec
    slat (usec): min=18, max=97, avg=42.09, stdev= 6.42
    clat (usec): min=726, max=129651, avg=6982.51, stdev=5336.76
     lat (usec): min=813, max=129694, avg=7025.24, stdev=5336.80
    clat percentiles (msec):
     |  1.00th=[    6],  5.00th=[    6], 10.00th=[    6], 20.00th=[    6],
     | 30.00th=[    7], 40.00th=[    7], 50.00th=[    7], 60.00th=[    7],
     | 70.00th=[    7], 80.00th=[    7], 90.00th=[    8], 95.00th=[    8],
     | 99.00th=[    9], 99.50th=[   11], 99.90th=[  126], 99.95th=[  129],
     | 99.99th=[  130]
    bw (KB  /s): min=114987, max=156416, per=100.00%, avg=146169.00, stdev=14797.39
    lat (usec) : 750=0.02%, 1000=0.02%
    lat (msec) : 2=0.05%, 4=0.15%, 10=98.95%, 20=0.61%, 250=0.20%
  cpu          : usr=1.58%, sys=8.91%, ctx=4168, majf=0, minf=282
  IO depths    : 1=0.1%, 2=0.1%, 4=0.1%, 8=99.8%, 16=0.0%, 32=0.0%, >=64=0.0%
     submit    : 0=0.0%, 4=100.0%, 8=0.0%, 16=0.0%, 32=0.0%, 64=0.0%, >=64=0.0%
     complete  : 0=0.0%, 4=100.0%, 8=0.1%, 16=0.0%, 32=0.0%, 64=0.0%, >=64=0.0%
     issued    : total=r=4096/w=0/d=0, short=r=0/w=0/d=0

Run status group 0 (all jobs):
   READ: io=524288KB, aggrb=145554KB/s, minb=145554KB/s, maxb=145554KB/s, mint=3602msec, maxt=3602msec

Disk stats (read/write):
  sdb: ios=4013/0, merge=0/0, ticks=27824/0, in_queue=27844, util=97.24%
