file1: (g=0): rw=read, bs=128K-128K/128K-128K/128K-128K, ioengine=libaio, iodepth=8
fio-2.1.3
Starting 1 process
file1: Laying out IO file(s) (1 file(s) / 4096MB)

file1: (groupid=0, jobs=1): err= 0: pid=18118: Thu Jul  9 18:48:59 2015
  read : io=4096.0MB, bw=92187KB/s, iops=720, runt= 45498msec
    slat (usec): min=22, max=299, avg=65.97, stdev= 9.71
    clat (msec): min=4, max=98, avg=11.03, stdev= 2.49
     lat (msec): min=4, max=98, avg=11.10, stdev= 2.49
    clat percentiles (usec):
     |  1.00th=[10304],  5.00th=[10432], 10.00th=[10432], 20.00th=[10432],
     | 30.00th=[10560], 40.00th=[10560], 50.00th=[10688], 60.00th=[10688],
     | 70.00th=[10688], 80.00th=[10688], 90.00th=[11584], 95.00th=[11712],
     | 99.00th=[19072], 99.50th=[19840], 99.90th=[45312], 99.95th=[49408],
     | 99.99th=[96768]
    bw (KB  /s): min=73836, max=96000, per=100.00%, avg=92280.24, stdev=3716.95
    lat (msec) : 10=0.16%, 20=99.41%, 50=0.39%, 100=0.05%
  cpu          : usr=1.15%, sys=8.27%, ctx=33615, majf=0, minf=812
  IO depths    : 1=0.1%, 2=0.1%, 4=0.1%, 8=100.0%, 16=0.0%, 32=0.0%, >=64=0.0%
     submit    : 0=0.0%, 4=100.0%, 8=0.0%, 16=0.0%, 32=0.0%, 64=0.0%, >=64=0.0%
     complete  : 0=0.0%, 4=100.0%, 8=0.1%, 16=0.0%, 32=0.0%, 64=0.0%, >=64=0.0%
     issued    : total=r=32768/w=0/d=0, short=r=0/w=0/d=0

Run status group 0 (all jobs):
   READ: io=4096.0MB, aggrb=92186KB/s, minb=92186KB/s, maxb=92186KB/s, mint=45498msec, maxt=45498msec

Disk stats (read/write):
  sda: ios=32668/19, merge=60/13, ticks=356828/15668, in_queue=372400, util=99.92%
