file1: (g=0): rw=write, bs=128K-128K/128K-128K/128K-128K, ioengine=libaio, iodepth=8
fio-2.1.3
Starting 1 process
file1: Laying out IO file(s) (1 file(s) / 4096MB)

file1: (groupid=0, jobs=1): err= 0: pid=8914: Thu Jul  9 18:19:35 2015
  write: io=4096.0MB, bw=97927KB/s, iops=765, runt= 42831msec
    slat (usec): min=21, max=24117, avg=45.11, stdev=240.89
    clat (msec): min=5, max=163, avg=10.41, stdev= 3.78
     lat (msec): min=5, max=163, avg=10.45, stdev= 3.79
    clat percentiles (msec):
     |  1.00th=[    8],  5.00th=[    8], 10.00th=[    9], 20.00th=[    9],
     | 30.00th=[   10], 40.00th=[   10], 50.00th=[   10], 60.00th=[   10],
     | 70.00th=[   11], 80.00th=[   14], 90.00th=[   14], 95.00th=[   14],
     | 99.00th=[   18], 99.50th=[   21], 99.90th=[   30], 99.95th=[   38],
     | 99.99th=[  163]
    bw (KB  /s): min=53908, max=126720, per=100.00%, avg=97946.18, stdev=18841.69
    lat (msec) : 10=69.65%, 20=29.86%, 50=0.45%, 250=0.05%
  cpu          : usr=1.77%, sys=7.49%, ctx=33238, majf=0, minf=25
  IO depths    : 1=0.1%, 2=0.1%, 4=0.1%, 8=100.0%, 16=0.0%, 32=0.0%, >=64=0.0%
     submit    : 0=0.0%, 4=100.0%, 8=0.0%, 16=0.0%, 32=0.0%, 64=0.0%, >=64=0.0%
     complete  : 0=0.0%, 4=100.0%, 8=0.1%, 16=0.0%, 32=0.0%, 64=0.0%, >=64=0.0%
     issued    : total=r=0/w=32768/d=0, short=r=0/w=0/d=0

Run status group 0 (all jobs):
  WRITE: io=4096.0MB, aggrb=97926KB/s, minb=97926KB/s, maxb=97926KB/s, mint=42831msec, maxt=42831msec

Disk stats (read/write):
  sda: ios=0/32717, merge=0/290, ticks=0/368964, in_queue=368936, util=99.86%
