file1: (g=0): rw=write, bs=128K-128K/128K-128K/128K-128K, ioengine=libaio, iodepth=8
fio-2.1.3
Starting 1 process
file1: Laying out IO file(s) (1 file(s) / 4096MB)

file1: (groupid=0, jobs=1): err= 0: pid=11162: Thu Jul  9 18:51:47 2015
  write: io=4096.0MB, bw=104351KB/s, iops=815, runt= 40194msec
    slat (usec): min=40, max=305, avg=65.67, stdev=21.52
    clat (msec): min=1, max=184, avg= 9.74, stdev= 5.12
     lat (msec): min=2, max=184, avg= 9.81, stdev= 5.12
    clat percentiles (msec):
     |  1.00th=[    6],  5.00th=[    7], 10.00th=[    8], 20.00th=[    9],
     | 30.00th=[    9], 40.00th=[    9], 50.00th=[    9], 60.00th=[    9],
     | 70.00th=[    9], 80.00th=[   11], 90.00th=[   17], 95.00th=[   17],
     | 99.00th=[   25], 99.50th=[   32], 99.90th=[   62], 99.95th=[   64],
     | 99.99th=[  184]
    bw (KB  /s): min=65269, max=110222, per=100.00%, avg=104419.04, stdev=7048.56
    lat (msec) : 2=0.06%, 4=0.40%, 10=79.55%, 20=18.32%, 50=1.45%
    lat (msec) : 100=0.20%, 250=0.02%
  cpu          : usr=1.05%, sys=5.34%, ctx=5337, majf=0, minf=290
  IO depths    : 1=0.1%, 2=0.1%, 4=0.1%, 8=100.0%, 16=0.0%, 32=0.0%, >=64=0.0%
     submit    : 0=0.0%, 4=100.0%, 8=0.0%, 16=0.0%, 32=0.0%, 64=0.0%, >=64=0.0%
     complete  : 0=0.0%, 4=100.0%, 8=0.1%, 16=0.0%, 32=0.0%, 64=0.0%, >=64=0.0%
     issued    : total=r=0/w=32768/d=0, short=r=0/w=0/d=0

Run status group 0 (all jobs):
  WRITE: io=4096.0MB, aggrb=104351KB/s, minb=104351KB/s, maxb=104351KB/s, mint=40194msec, maxt=40194msec

Disk stats (read/write):
  sda: ios=0/32682, merge=0/253, ticks=0/302404, in_queue=302396, util=99.88%
