file1: (g=0): rw=write, bs=128K-128K/128K-128K/128K-128K, ioengine=libaio, iodepth=8
fio-2.1.3
Starting 1 process
file1: Laying out IO file(s) (1 file(s) / 4096MB)

file1: (groupid=0, jobs=1): err= 0: pid=23338: Wed Jul  8 01:40:36 2015
  write: io=4096.0MB, bw=143547KB/s, iops=1121, runt= 29219msec
    slat (usec): min=18, max=7702, avg=32.11, stdev=82.48
    clat (msec): min=1, max=106, avg= 7.10, stdev= 3.21
     lat (msec): min=1, max=111, avg= 7.13, stdev= 3.23
    clat percentiles (msec):
     |  1.00th=[    5],  5.00th=[    7], 10.00th=[    7], 20.00th=[    7],
     | 30.00th=[    8], 40.00th=[    8], 50.00th=[    8], 60.00th=[    8],
     | 70.00th=[    8], 80.00th=[    8], 90.00th=[    8], 95.00th=[    8],
     | 99.00th=[   10], 99.50th=[   29], 99.90th=[   55], 99.95th=[   70],
     | 99.99th=[  106]
    bw (KB  /s): min=110592, max=148480, per=100.00%, avg=143651.31, stdev=7955.09
    lat (msec) : 2=0.02%, 4=0.82%, 10=98.37%, 20=0.09%, 50=0.55%
    lat (msec) : 100=0.13%, 250=0.02%
  cpu          : usr=0.00%, sys=5.70%, ctx=32432, majf=0, minf=291
  IO depths    : 1=0.1%, 2=0.1%, 4=0.1%, 8=100.0%, 16=0.0%, 32=0.0%, >=64=0.0%
     submit    : 0=0.0%, 4=100.0%, 8=0.0%, 16=0.0%, 32=0.0%, 64=0.0%, >=64=0.0%
     complete  : 0=0.0%, 4=100.0%, 8=0.1%, 16=0.0%, 32=0.0%, 64=0.0%, >=64=0.0%
     issued    : total=r=0/w=32768/d=0, short=r=0/w=0/d=0

Run status group 0 (all jobs):
  WRITE: io=4096.0MB, aggrb=143547KB/s, minb=143547KB/s, maxb=143547KB/s, mint=29219msec, maxt=29219msec

Disk stats (read/write):
  sda: ios=0/32326, merge=0/543, ticks=0/252864, in_queue=252880, util=99.97%
