file1: (g=0): rw=write, bs=128K-128K/128K-128K/128K-128K, ioengine=libaio, iodepth=8
fio-2.1.3
Starting 1 process
file1: Laying out IO file(s) (1 file(s) / 4096MB)

file1: (groupid=0, jobs=1): err= 0: pid=23218: Wed Jul  8 01:36:43 2015
  write: io=4096.0MB, bw=119875KB/s, iops=936, runt= 34989msec
    slat (usec): min=18, max=12630, avg=33.46, stdev=123.64
    clat (msec): min=1, max=210, avg= 8.51, stdev= 6.36
     lat (msec): min=1, max=210, avg= 8.54, stdev= 6.37
    clat percentiles (msec):
     |  1.00th=[    4],  5.00th=[    6], 10.00th=[    7], 20.00th=[    7],
     | 30.00th=[    7], 40.00th=[    7], 50.00th=[    7], 60.00th=[    7],
     | 70.00th=[    7], 80.00th=[   13], 90.00th=[   13], 95.00th=[   13],
     | 99.00th=[   27], 99.50th=[   31], 99.90th=[  100], 99.95th=[  106],
     | 99.99th=[  210]
    bw (KB  /s): min=52736, max=155392, per=100.00%, avg=120054.17, stdev=34446.99
    lat (msec) : 2=0.02%, 4=2.07%, 10=73.34%, 20=22.82%, 50=1.44%
    lat (msec) : 100=0.22%, 250=0.10%
  cpu          : usr=0.00%, sys=4.45%, ctx=32672, majf=0, minf=291
  IO depths    : 1=0.1%, 2=0.1%, 4=0.1%, 8=100.0%, 16=0.0%, 32=0.0%, >=64=0.0%
     submit    : 0=0.0%, 4=100.0%, 8=0.0%, 16=0.0%, 32=0.0%, 64=0.0%, >=64=0.0%
     complete  : 0=0.0%, 4=100.0%, 8=0.1%, 16=0.0%, 32=0.0%, 64=0.0%, >=64=0.0%
     issued    : total=r=0/w=32768/d=0, short=r=0/w=0/d=0

Run status group 0 (all jobs):
  WRITE: io=4096.0MB, aggrb=119874KB/s, minb=119874KB/s, maxb=119874KB/s, mint=34989msec, maxt=34989msec

Disk stats (read/write):
  sda: ios=0/32514, merge=0/301, ticks=0/274784, in_queue=275324, util=99.91%
