file1: (g=0): rw=read, bs=128K-128K/128K-128K/128K-128K, ioengine=libaio, iodepth=8
fio-2.1.3
Starting 1 process
file1: Laying out IO file(s) (1 file(s) / 4096MB)

file1: (groupid=0, jobs=1): err= 0: pid=29079: Thu Jul  9 15:08:07 2015
  read : io=4096.0MB, bw=111231KB/s, iops=868, runt= 37708msec
    slat (usec): min=11, max=144, avg=20.17, stdev= 2.51
    clat (msec): min=5, max=104, avg= 9.18, stdev= 1.83
     lat (msec): min=5, max=104, avg= 9.20, stdev= 1.83
    clat percentiles (msec):
     |  1.00th=[    9],  5.00th=[    9], 10.00th=[    9], 20.00th=[    9],
     | 30.00th=[    9], 40.00th=[    9], 50.00th=[   10], 60.00th=[   10],
     | 70.00th=[   10], 80.00th=[   10], 90.00th=[   10], 95.00th=[   10],
     | 99.00th=[   16], 99.50th=[   18], 99.90th=[   28], 99.95th=[   36],
     | 99.99th=[  101]
    bw (KB  /s): min=87159, max=115712, per=100.00%, avg=111383.29, stdev=4009.52
    lat (msec) : 10=97.48%, 20=2.37%, 50=0.13%, 100=0.01%, 250=0.01%
  cpu          : usr=0.00%, sys=4.28%, ctx=32789, majf=0, minf=547
  IO depths    : 1=0.1%, 2=0.1%, 4=0.1%, 8=100.0%, 16=0.0%, 32=0.0%, >=64=0.0%
     submit    : 0=0.0%, 4=100.0%, 8=0.0%, 16=0.0%, 32=0.0%, 64=0.0%, >=64=0.0%
     complete  : 0=0.0%, 4=100.0%, 8=0.1%, 16=0.0%, 32=0.0%, 64=0.0%, >=64=0.0%
     issued    : total=r=32768/w=0/d=0, short=r=0/w=0/d=0

Run status group 0 (all jobs):
   READ: io=4096.0MB, aggrb=111231KB/s, minb=111231KB/s, maxb=111231KB/s, mint=37708msec, maxt=37708msec

Disk stats (read/write):
  sda: ios=32653/13, merge=23/4, ticks=298484/7504, in_queue=305980, util=99.81%
