file1: (g=0): rw=read, bs=128K-128K/128K-128K/128K-128K, ioengine=libaio, iodepth=8
fio-2.1.3
Starting 1 process
file1: Laying out IO file(s) (1 file(s) / 4096MB)

file1: (groupid=0, jobs=1): err= 0: pid=18164: Thu Jul  9 18:52:32 2015
  read : io=4096.0MB, bw=91052KB/s, iops=711, runt= 46065msec
    slat (usec): min=22, max=279, avg=65.75, stdev= 9.08
    clat (msec): min=5, max=140, avg=11.17, stdev= 2.60
     lat (msec): min=5, max=140, avg=11.24, stdev= 2.60
    clat percentiles (msec):
     |  1.00th=[   11],  5.00th=[   11], 10.00th=[   11], 20.00th=[   11],
     | 30.00th=[   11], 40.00th=[   11], 50.00th=[   11], 60.00th=[   11],
     | 70.00th=[   11], 80.00th=[   12], 90.00th=[   12], 95.00th=[   12],
     | 99.00th=[   20], 99.50th=[   21], 99.90th=[   38], 99.95th=[   48],
     | 99.99th=[  139]
    bw (KB  /s): min=65024, max=96256, per=100.00%, avg=91145.65, stdev=3982.07
    lat (msec) : 10=0.11%, 20=99.24%, 50=0.63%, 250=0.02%
  cpu          : usr=1.20%, sys=8.08%, ctx=33597, majf=0, minf=1878
  IO depths    : 1=0.1%, 2=0.1%, 4=0.1%, 8=100.0%, 16=0.0%, 32=0.0%, >=64=0.0%
     submit    : 0=0.0%, 4=100.0%, 8=0.0%, 16=0.0%, 32=0.0%, 64=0.0%, >=64=0.0%
     complete  : 0=0.0%, 4=100.0%, 8=0.1%, 16=0.0%, 32=0.0%, 64=0.0%, >=64=0.0%
     issued    : total=r=32768/w=0/d=0, short=r=0/w=0/d=0

Run status group 0 (all jobs):
   READ: io=4096.0MB, aggrb=91051KB/s, minb=91051KB/s, maxb=91051KB/s, mint=46065msec, maxt=46065msec

Disk stats (read/write):
  sda: ios=32697/20, merge=48/9, ticks=362064/10448, in_queue=372484, util=99.91%
