file1: (g=0): rw=write, bs=128K-128K/128K-128K/128K-128K, ioengine=libaio, iodepth=8
fio-2.1.3
Starting 1 process
file1: Laying out IO file(s) (1 file(s) / 4096MB)

file1: (groupid=0, jobs=1): err= 0: pid=29324: Thu Jul  9 15:20:44 2015
  write: io=4096.0MB, bw=145732KB/s, iops=1138, runt= 28781msec
    slat (usec): min=17, max=20401, avg=33.03, stdev=131.71
    clat (msec): min=1, max=314, avg= 6.99, stdev= 4.09
     lat (msec): min=1, max=314, avg= 7.02, stdev= 4.11
    clat percentiles (msec):
     |  1.00th=[    5],  5.00th=[    7], 10.00th=[    7], 20.00th=[    7],
     | 30.00th=[    7], 40.00th=[    7], 50.00th=[    7], 60.00th=[    7],
     | 70.00th=[    7], 80.00th=[    7], 90.00th=[    7], 95.00th=[    7],
     | 99.00th=[   10], 99.50th=[   30], 99.90th=[   66], 99.95th=[   75],
     | 99.99th=[  137]
    bw (KB  /s): min=92672, max=155392, per=100.00%, avg=145817.40, stdev=10156.16
    lat (msec) : 2=0.02%, 4=0.84%, 10=98.24%, 20=0.23%, 50=0.45%
    lat (msec) : 100=0.20%, 250=0.02%, 500=0.01%
  cpu          : usr=0.00%, sys=5.48%, ctx=32734, majf=0, minf=290
  IO depths    : 1=0.1%, 2=0.1%, 4=0.1%, 8=100.0%, 16=0.0%, 32=0.0%, >=64=0.0%
     submit    : 0=0.0%, 4=100.0%, 8=0.0%, 16=0.0%, 32=0.0%, 64=0.0%, >=64=0.0%
     complete  : 0=0.0%, 4=100.0%, 8=0.1%, 16=0.0%, 32=0.0%, 64=0.0%, >=64=0.0%
     issued    : total=r=0/w=32768/d=0, short=r=0/w=0/d=0

Run status group 0 (all jobs):
  WRITE: io=4096.0MB, aggrb=145731KB/s, minb=145731KB/s, maxb=145731KB/s, mint=28781msec, maxt=28781msec

Disk stats (read/write):
  sda: ios=0/32595, merge=0/281, ticks=0/234960, in_queue=234956, util=99.72%
