file1: (g=0): rw=write, bs=128K-128K/128K-128K/128K-128K, ioengine=libaio, iodepth=8
fio-2.1.3
Starting 1 process
file1: Laying out IO file(s) (1 file(s) / 4096MB)

file1: (groupid=0, jobs=1): err= 0: pid=11138: Thu Jul  9 18:51:06 2015
  write: io=4096.0MB, bw=104409KB/s, iops=815, runt= 40172msec
    slat (usec): min=41, max=5763, avg=66.19, stdev=38.43
    clat (msec): min=1, max=621, avg= 9.74, stdev= 6.56
     lat (msec): min=1, max=621, avg= 9.80, stdev= 6.56
    clat percentiles (msec):
     |  1.00th=[    5],  5.00th=[    7], 10.00th=[    8], 20.00th=[    9],
     | 30.00th=[    9], 40.00th=[    9], 50.00th=[    9], 60.00th=[    9],
     | 70.00th=[    9], 80.00th=[   11], 90.00th=[   16], 95.00th=[   17],
     | 99.00th=[   25], 99.50th=[   32], 99.90th=[   78], 99.95th=[  143],
     | 99.99th=[  157]
    bw (KB  /s): min=60586, max=118016, per=100.00%, avg=104562.89, stdev=8076.32
    lat (msec) : 2=0.05%, 4=0.56%, 10=79.36%, 20=18.33%, 50=1.45%
    lat (msec) : 100=0.17%, 250=0.07%, 750=0.01%
  cpu          : usr=1.25%, sys=5.22%, ctx=5691, majf=0, minf=291
  IO depths    : 1=0.1%, 2=0.1%, 4=0.1%, 8=100.0%, 16=0.0%, 32=0.0%, >=64=0.0%
     submit    : 0=0.0%, 4=100.0%, 8=0.0%, 16=0.0%, 32=0.0%, 64=0.0%, >=64=0.0%
     complete  : 0=0.0%, 4=100.0%, 8=0.1%, 16=0.0%, 32=0.0%, 64=0.0%, >=64=0.0%
     issued    : total=r=0/w=32768/d=0, short=r=0/w=0/d=0

Run status group 0 (all jobs):
  WRITE: io=4096.0MB, aggrb=104408KB/s, minb=104408KB/s, maxb=104408KB/s, mint=40172msec, maxt=40172msec

Disk stats (read/write):
  sda: ios=0/32705, merge=0/255, ticks=0/332496, in_queue=332428, util=99.87%
