file1: (g=0): rw=read, bs=128K-128K/128K-128K/128K-128K, ioengine=libaio, iodepth=8
fio-2.1.3
Starting 1 process
file1: Laying out IO file(s) (1 file(s) / 4096MB)

file1: (groupid=0, jobs=1): err= 0: pid=29228: Thu Jul  9 15:17:05 2015
  read : io=4096.0MB, bw=149791KB/s, iops=1170, runt= 28001msec
    slat (usec): min=11, max=159, avg=19.99, stdev= 2.24
    clat (msec): min=3, max=167, avg= 6.81, stdev= 2.71
     lat (msec): min=3, max=167, avg= 6.83, stdev= 2.71
    clat percentiles (msec):
     |  1.00th=[    7],  5.00th=[    7], 10.00th=[    7], 20.00th=[    7],
     | 30.00th=[    7], 40.00th=[    7], 50.00th=[    7], 60.00th=[    7],
     | 70.00th=[    7], 80.00th=[    7], 90.00th=[    7], 95.00th=[    7],
     | 99.00th=[    7], 99.50th=[   10], 99.90th=[   24], 99.95th=[   35],
     | 99.99th=[  167]
    bw (KB  /s): min=97792, max=155392, per=100.00%, avg=149901.93, stdev=8501.44
    lat (msec) : 4=0.01%, 10=99.52%, 20=0.34%, 50=0.08%, 100=0.02%
    lat (msec) : 250=0.02%
  cpu          : usr=0.00%, sys=5.44%, ctx=32563, majf=0, minf=547
  IO depths    : 1=0.1%, 2=0.1%, 4=0.1%, 8=100.0%, 16=0.0%, 32=0.0%, >=64=0.0%
     submit    : 0=0.0%, 4=100.0%, 8=0.0%, 16=0.0%, 32=0.0%, 64=0.0%, >=64=0.0%
     complete  : 0=0.0%, 4=100.0%, 8=0.1%, 16=0.0%, 32=0.0%, 64=0.0%, >=64=0.0%
     issued    : total=r=32768/w=0/d=0, short=r=0/w=0/d=0

Run status group 0 (all jobs):
   READ: io=4096.0MB, aggrb=149791KB/s, minb=149791KB/s, maxb=149791KB/s, mint=28001msec, maxt=28001msec

Disk stats (read/write):
  sda: ios=32368/33, merge=230/73, ticks=218800/23524, in_queue=242328, util=99.91%
