file1: (g=0): rw=read, bs=128K-128K/128K-128K/128K-128K, ioengine=libaio, iodepth=8
fio-2.1.3
Starting 1 process
file1: Laying out IO file(s) (1 file(s) / 4096MB)

file1: (groupid=0, jobs=1): err= 0: pid=3169: Fri Jul 10 18:02:46 2015
  read : io=4096.0MB, bw=111060KB/s, iops=867, runt= 37766msec
    slat (usec): min=24, max=295, avg=56.37, stdev= 8.62
    clat (usec): min=533, max=82607, avg=9156.07, stdev=2493.34
     lat (usec): min=589, max=82632, avg=9213.08, stdev=2492.82
    clat percentiles (usec):
     |  1.00th=[ 7584],  5.00th=[ 8032], 10.00th=[ 8768], 20.00th=[ 9024],
     | 30.00th=[ 9024], 40.00th=[ 9024], 50.00th=[ 9024], 60.00th=[ 9152],
     | 70.00th=[ 9152], 80.00th=[ 9152], 90.00th=[ 9152], 95.00th=[ 9280],
     | 99.00th=[15296], 99.50th=[17536], 99.90th=[45312], 99.95th=[78336],
     | 99.99th=[82432]
    bw (KB  /s): min=87159, max=117780, per=100.00%, avg=111230.60, stdev=4675.87
    lat (usec) : 750=0.01%
    lat (msec) : 2=0.01%, 4=0.58%, 10=96.94%, 20=2.26%, 50=0.11%
    lat (msec) : 100=0.10%
  cpu          : usr=1.26%, sys=8.65%, ctx=33310, majf=0, minf=1342
  IO depths    : 1=0.1%, 2=0.1%, 4=0.1%, 8=100.0%, 16=0.0%, 32=0.0%, >=64=0.0%
     submit    : 0=0.0%, 4=100.0%, 8=0.0%, 16=0.0%, 32=0.0%, 64=0.0%, >=64=0.0%
     complete  : 0=0.0%, 4=100.0%, 8=0.1%, 16=0.0%, 32=0.0%, 64=0.0%, >=64=0.0%
     issued    : total=r=32768/w=0/d=0, short=r=0/w=0/d=0

Run status group 0 (all jobs):
   READ: io=4096.0MB, aggrb=111060KB/s, minb=111060KB/s, maxb=111060KB/s, mint=37766msec, maxt=37766msec

Disk stats (read/write):
  sda: ios=32702/32, merge=48/27, ticks=295788/660, in_queue=296424, util=99.90%
