file1: (g=0): rw=read, bs=128K-128K/128K-128K/128K-128K, ioengine=libaio, iodepth=8
fio-2.1.3
Starting 1 process
file1: Laying out IO file(s) (1 file(s) / 4096MB)

file1: (groupid=0, jobs=1): err= 0: pid=29158: Thu Jul  9 15:13:14 2015
  read : io=4096.0MB, bw=83126KB/s, iops=649, runt= 50457msec
    slat (usec): min=11, max=162, avg=20.38, stdev= 2.06
    clat (msec): min=7, max=122, avg=12.30, stdev= 1.83
     lat (msec): min=7, max=122, avg=12.32, stdev= 1.83
    clat percentiles (usec):
     |  1.00th=[11968],  5.00th=[11968], 10.00th=[11968], 20.00th=[11968],
     | 30.00th=[11968], 40.00th=[11968], 50.00th=[11968], 60.00th=[12352],
     | 70.00th=[12352], 80.00th=[12352], 90.00th=[12352], 95.00th=[12352],
     | 99.00th=[15936], 99.50th=[19584], 99.90th=[37120], 99.95th=[47360],
     | 99.99th=[93696]
    bw (KB  /s): min=59392, max=84224, per=100.00%, avg=83201.84, stdev=2771.29
    lat (msec) : 10=0.02%, 20=99.53%, 50=0.40%, 100=0.03%, 250=0.01%
  cpu          : usr=0.00%, sys=3.24%, ctx=32767, majf=0, minf=547
  IO depths    : 1=0.1%, 2=0.1%, 4=0.1%, 8=100.0%, 16=0.0%, 32=0.0%, >=64=0.0%
     submit    : 0=0.0%, 4=100.0%, 8=0.0%, 16=0.0%, 32=0.0%, 64=0.0%, >=64=0.0%
     complete  : 0=0.0%, 4=100.0%, 8=0.1%, 16=0.0%, 32=0.0%, 64=0.0%, >=64=0.0%
     issued    : total=r=32768/w=0/d=0, short=r=0/w=0/d=0

Run status group 0 (all jobs):
   READ: io=4096.0MB, aggrb=83126KB/s, minb=83126KB/s, maxb=83126KB/s, mint=50457msec, maxt=50457msec

Disk stats (read/write):
  sda: ios=32689/10, merge=24/4, ticks=400520/8072, in_queue=408600, util=100.00%
