file1: (g=0): rw=read, bs=128K-128K/128K-128K/128K-128K, ioengine=libaio, iodepth=8
fio-2.1.3
Starting 1 process
file1: Laying out IO file(s) (1 file(s) / 4096MB)

file1: (groupid=0, jobs=1): err= 0: pid=29254: Thu Jul  9 15:18:08 2015
  read : io=4096.0MB, bw=148729KB/s, iops=1161, runt= 28201msec
    slat (usec): min=11, max=150, avg=21.36, stdev= 2.15
    clat (msec): min=4, max=163, avg= 6.86, stdev= 2.24
     lat (msec): min=4, max=163, avg= 6.88, stdev= 2.24
    clat percentiles (msec):
     |  1.00th=[    7],  5.00th=[    7], 10.00th=[    7], 20.00th=[    7],
     | 30.00th=[    7], 40.00th=[    7], 50.00th=[    7], 60.00th=[    7],
     | 70.00th=[    7], 80.00th=[    7], 90.00th=[    7], 95.00th=[    7],
     | 99.00th=[    7], 99.50th=[   10], 99.90th=[   24], 99.95th=[   41],
     | 99.99th=[  137]
    bw (KB  /s): min=91648, max=150784, per=100.00%, avg=148857.02, stdev=7940.82
    lat (msec) : 10=99.64%, 20=0.24%, 50=0.09%, 100=0.01%, 250=0.02%
  cpu          : usr=0.00%, sys=5.74%, ctx=32764, majf=0, minf=547
  IO depths    : 1=0.1%, 2=0.1%, 4=0.1%, 8=100.0%, 16=0.0%, 32=0.0%, >=64=0.0%
     submit    : 0=0.0%, 4=100.0%, 8=0.0%, 16=0.0%, 32=0.0%, 64=0.0%, >=64=0.0%
     complete  : 0=0.0%, 4=100.0%, 8=0.1%, 16=0.0%, 32=0.0%, 64=0.0%, >=64=0.0%
     issued    : total=r=32768/w=0/d=0, short=r=0/w=0/d=0

Run status group 0 (all jobs):
   READ: io=4096.0MB, aggrb=148728KB/s, minb=148728KB/s, maxb=148728KB/s, mint=28201msec, maxt=28201msec

Disk stats (read/write):
  sda: ios=32646/11, merge=24/4, ticks=222408/12420, in_queue=234844, util=99.80%
