file1: (g=0): rw=write, bs=128K-128K/128K-128K/128K-128K, ioengine=libaio, iodepth=8
fio-2.1.3
Starting 1 process
file1: Laying out IO file(s) (1 file(s) / 512MB)

file1: (groupid=0, jobs=1): err= 0: pid=39635: Wed Jun 24 20:30:15 2015
  write: io=524288KB, bw=145152KB/s, iops=1133, runt=  3612msec
    slat (usec): min=13, max=5879, avg=67.53, stdev=91.15
    clat (usec): min=703, max=129688, avg=6977.12, stdev=5360.20
     lat (usec): min=771, max=129753, avg=7045.39, stdev=5359.40
    clat percentiles (msec):
     |  1.00th=[    6],  5.00th=[    6], 10.00th=[    6], 20.00th=[    6],
     | 30.00th=[    7], 40.00th=[    7], 50.00th=[    7], 60.00th=[    7],
     | 70.00th=[    7], 80.00th=[    7], 90.00th=[    8], 95.00th=[    8],
     | 99.00th=[   10], 99.50th=[   12], 99.90th=[  127], 99.95th=[  128],
     | 99.99th=[  130]
    bw (KB  /s): min=118528, max=154624, per=100.00%, avg=145444.57, stdev=12969.06
    lat (usec) : 750=0.05%, 1000=0.02%
    lat (msec) : 2=0.07%, 4=0.27%, 10=98.66%, 20=0.66%, 50=0.07%
    lat (msec) : 250=0.20%
  cpu          : usr=2.35%, sys=13.27%, ctx=4182, majf=0, minf=25
  IO depths    : 1=0.1%, 2=0.1%, 4=0.1%, 8=99.8%, 16=0.0%, 32=0.0%, >=64=0.0%
     submit    : 0=0.0%, 4=100.0%, 8=0.0%, 16=0.0%, 32=0.0%, 64=0.0%, >=64=0.0%
     complete  : 0=0.0%, 4=100.0%, 8=0.1%, 16=0.0%, 32=0.0%, 64=0.0%, >=64=0.0%
     issued    : total=r=0/w=4096/d=0, short=r=0/w=0/d=0

Run status group 0 (all jobs):
  WRITE: io=524288KB, aggrb=145151KB/s, minb=145151KB/s, maxb=145151KB/s, mint=3612msec, maxt=3612msec

Disk stats (read/write):
  sdb: ios=0/3866, merge=0/17, ticks=0/26496, in_queue=26520, util=97.20%
