file1: (g=0): rw=read, bs=128K-128K/128K-128K/128K-128K, ioengine=libaio, iodepth=8
fio-2.1.3
Starting 1 process
file1: Laying out IO file(s) (1 file(s) / 4096MB)

file1: (groupid=0, jobs=1): err= 0: pid=27306: Thu Jul  9 23:59:19 2015
  read : io=4096.0MB, bw=264425KB/s, iops=2065, runt= 15862msec
    slat (usec): min=13, max=116, avg=38.37, stdev= 8.19
    clat (usec): min=2173, max=8445, avg=3827.75, stdev=94.42
     lat (usec): min=2216, max=8511, avg=3866.69, stdev=93.55
    clat percentiles (usec):
     |  1.00th=[ 3728],  5.00th=[ 3760], 10.00th=[ 3760], 20.00th=[ 3792],
     | 30.00th=[ 3792], 40.00th=[ 3824], 50.00th=[ 3824], 60.00th=[ 3824],
     | 70.00th=[ 3856], 80.00th=[ 3856], 90.00th=[ 3888], 95.00th=[ 3920],
     | 99.00th=[ 3984], 99.50th=[ 4016], 99.90th=[ 4960], 99.95th=[ 5600],
     | 99.99th=[ 7328]
    bw (KB  /s): min=261888, max=264960, per=100.00%, avg=264580.13, stdev=511.45
    lat (msec) : 4=99.49%, 10=0.51%
  cpu          : usr=2.74%, sys=14.53%, ctx=33277, majf=0, minf=282
  IO depths    : 1=0.1%, 2=0.1%, 4=0.1%, 8=100.0%, 16=0.0%, 32=0.0%, >=64=0.0%
     submit    : 0=0.0%, 4=100.0%, 8=0.0%, 16=0.0%, 32=0.0%, 64=0.0%, >=64=0.0%
     complete  : 0=0.0%, 4=100.0%, 8=0.1%, 16=0.0%, 32=0.0%, 64=0.0%, >=64=0.0%
     issued    : total=r=32768/w=0/d=0, short=r=0/w=0/d=0

Run status group 0 (all jobs):
   READ: io=4096.0MB, aggrb=264424KB/s, minb=264424KB/s, maxb=264424KB/s, mint=15862msec, maxt=15862msec

Disk stats (read/write):
  sda: ios=32341/5, merge=0/2, ticks=122572/8, in_queue=122572, util=99.45%
