file1: (g=0): rw=read, bs=128K-128K/128K-128K/128K-128K, ioengine=libaio, iodepth=8
fio-2.1.3
Starting 1 process
file1: Laying out IO file(s) (1 file(s) / 4096MB)

file1: (groupid=0, jobs=1): err= 0: pid=27518: Fri Jul 10 00:04:48 2015
  read : io=4096.0MB, bw=262406KB/s, iops=2050, runt= 15984msec
    slat (usec): min=19, max=132, avg=38.65, stdev= 8.24
    clat (usec): min=835, max=126951, avg=3857.30, stdev=1902.05
     lat (usec): min=878, max=126995, avg=3896.53, stdev=1901.90
    clat percentiles (msec):
     |  1.00th=[    4],  5.00th=[    4], 10.00th=[    4], 20.00th=[    4],
     | 30.00th=[    4], 40.00th=[    4], 50.00th=[    4], 60.00th=[    4],
     | 70.00th=[    4], 80.00th=[    4], 90.00th=[    4], 95.00th=[    4],
     | 99.00th=[    4], 99.50th=[    5], 99.90th=[    5], 99.95th=[    6],
     | 99.99th=[  126]
    bw (KB  /s): min=200960, max=264704, per=100.00%, avg=262482.58, stdev=11419.32
    lat (usec) : 1000=0.01%
    lat (msec) : 2=0.02%, 4=99.41%, 10=0.54%, 250=0.02%
  cpu          : usr=2.73%, sys=14.51%, ctx=33300, majf=0, minf=282
  IO depths    : 1=0.1%, 2=0.1%, 4=0.1%, 8=100.0%, 16=0.0%, 32=0.0%, >=64=0.0%
     submit    : 0=0.0%, 4=100.0%, 8=0.0%, 16=0.0%, 32=0.0%, 64=0.0%, >=64=0.0%
     complete  : 0=0.0%, 4=100.0%, 8=0.1%, 16=0.0%, 32=0.0%, 64=0.0%, >=64=0.0%
     issued    : total=r=32768/w=0/d=0, short=r=0/w=0/d=0

Run status group 0 (all jobs):
   READ: io=4096.0MB, aggrb=262406KB/s, minb=262406KB/s, maxb=262406KB/s, mint=15984msec, maxt=15984msec

Disk stats (read/write):
  sda: ios=32530/10, merge=0/7, ticks=124204/8, in_queue=124180, util=99.45%
