file1: (g=0): rw=write, bs=128K-128K/128K-128K/128K-128K, ioengine=libaio, iodepth=8
fio-2.1.3
Starting 1 process
file1: Laying out IO file(s) (1 file(s) / 4096MB)

file1: (groupid=0, jobs=1): err= 0: pid=11185: Thu Jul  9 18:52:30 2015
  write: io=4096.0MB, bw=99273KB/s, iops=775, runt= 42250msec
    slat (usec): min=41, max=25210, avg=66.68, stdev=140.68
    clat (msec): min=1, max=401, avg=10.24, stdev= 6.54
     lat (msec): min=1, max=401, avg=10.31, stdev= 6.56
    clat percentiles (msec):
     |  1.00th=[    6],  5.00th=[    8], 10.00th=[    8], 20.00th=[    9],
     | 30.00th=[    9], 40.00th=[    9], 50.00th=[    9], 60.00th=[    9],
     | 70.00th=[    9], 80.00th=[   11], 90.00th=[   17], 95.00th=[   18],
     | 99.00th=[   25], 99.50th=[   33], 99.90th=[   92], 99.95th=[  149],
     | 99.99th=[  202]
    bw (KB  /s): min=51399, max=113269, per=100.00%, avg=99452.34, stdev=8506.97
    lat (msec) : 2=0.02%, 4=0.46%, 10=78.67%, 20=18.91%, 50=1.66%
    lat (msec) : 100=0.19%, 250=0.07%, 500=0.01%
  cpu          : usr=1.10%, sys=5.00%, ctx=5583, majf=0, minf=1616
  IO depths    : 1=0.1%, 2=0.1%, 4=0.1%, 8=100.0%, 16=0.0%, 32=0.0%, >=64=0.0%
     submit    : 0=0.0%, 4=100.0%, 8=0.0%, 16=0.0%, 32=0.0%, 64=0.0%, >=64=0.0%
     complete  : 0=0.0%, 4=100.0%, 8=0.1%, 16=0.0%, 32=0.0%, 64=0.0%, >=64=0.0%
     issued    : total=r=0/w=32768/d=0, short=r=0/w=0/d=0

Run status group 0 (all jobs):
  WRITE: io=4096.0MB, aggrb=99273KB/s, minb=99273KB/s, maxb=99273KB/s, mint=42250msec, maxt=42250msec

Disk stats (read/write):
  sda: ios=0/32660, merge=0/256, ticks=0/315740, in_queue=315760, util=99.86%
