file1: (g=0): rw=write, bs=128K-128K/128K-128K/128K-128K, ioengine=libaio, iodepth=8
fio-2.1.3
Starting 1 process
file1: Laying out IO file(s) (1 file(s) / 4096MB)

file1: (groupid=0, jobs=1): err= 0: pid=18344: Thu Jul  9 18:59:06 2015
  write: io=4096.0MB, bw=73613KB/s, iops=575, runt= 56978msec
    slat (usec): min=38, max=19255, avg=115.30, stdev=235.78
    clat (usec): min=668, max=470151, avg=13784.82, stdev=12175.08
     lat (usec): min=759, max=470248, avg=13901.13, stdev=12206.53
    clat percentiles (msec):
     |  1.00th=[    5],  5.00th=[   11], 10.00th=[   11], 20.00th=[   11],
     | 30.00th=[   12], 40.00th=[   12], 50.00th=[   12], 60.00th=[   12],
     | 70.00th=[   13], 80.00th=[   13], 90.00th=[   20], 95.00th=[   28],
     | 99.00th=[   47], 99.50th=[   68], 99.90th=[  128], 99.95th=[  260],
     | 99.99th=[  469]
    bw (KB  /s): min=26368, max=99908, per=100.00%, avg=73702.05, stdev=11199.98
    lat (usec) : 750=0.17%, 1000=0.09%
    lat (msec) : 2=0.41%, 4=0.16%, 10=3.74%, 20=86.44%, 50=8.08%
    lat (msec) : 100=0.72%, 250=0.12%, 500=0.07%
  cpu          : usr=1.45%, sys=8.77%, ctx=33735, majf=0, minf=1881
  IO depths    : 1=0.1%, 2=0.1%, 4=0.1%, 8=100.0%, 16=0.0%, 32=0.0%, >=64=0.0%
     submit    : 0=0.0%, 4=100.0%, 8=0.0%, 16=0.0%, 32=0.0%, 64=0.0%, >=64=0.0%
     complete  : 0=0.0%, 4=100.0%, 8=0.1%, 16=0.0%, 32=0.0%, 64=0.0%, >=64=0.0%
     issued    : total=r=0/w=32768/d=0, short=r=0/w=0/d=0

Run status group 0 (all jobs):
  WRITE: io=4096.0MB, aggrb=73612KB/s, minb=73612KB/s, maxb=73612KB/s, mint=56978msec, maxt=56978msec

Disk stats (read/write):
  sda: ios=0/32647, merge=0/380, ticks=0/439440, in_queue=439420, util=99.96%
