file1: (g=0): rw=read, bs=128K-128K/128K-128K/128K-128K, ioengine=libaio, iodepth=8
fio-2.1.3
Starting 1 process
file1: Laying out IO file(s) (1 file(s) / 512MB)

file1: (groupid=0, jobs=1): err= 0: pid=23782: Wed Jul  8 10:10:32 2015
  read : io=524288KB, bw=82228KB/s, iops=642, runt=  6376msec
    slat (usec): min=11, max=154, avg=20.93, stdev= 4.43
    clat (msec): min=3, max=42, avg=12.43, stdev= 2.85
     lat (msec): min=3, max=42, avg=12.45, stdev= 2.85
    clat percentiles (usec):
     |  1.00th=[ 4640],  5.00th=[ 6816], 10.00th=[12352], 20.00th=[12352],
     | 30.00th=[12608], 40.00th=[12608], 50.00th=[12608], 60.00th=[12736],
     | 70.00th=[12736], 80.00th=[12992], 90.00th=[12992], 95.00th=[13120],
     | 99.00th=[21888], 99.50th=[32128], 99.90th=[41216], 99.95th=[41728],
     | 99.99th=[42752]
    bw (KB  /s): min=75264, max=81408, per=96.43%, avg=79290.42, stdev=1752.03
    lat (msec) : 4=0.05%, 10=8.67%, 20=90.16%, 50=1.12%
  cpu          : usr=0.00%, sys=3.26%, ctx=4091, majf=0, minf=282
  IO depths    : 1=0.1%, 2=0.1%, 4=0.1%, 8=99.8%, 16=0.0%, 32=0.0%, >=64=0.0%
     submit    : 0=0.0%, 4=100.0%, 8=0.0%, 16=0.0%, 32=0.0%, 64=0.0%, >=64=0.0%
     complete  : 0=0.0%, 4=100.0%, 8=0.1%, 16=0.0%, 32=0.0%, 64=0.0%, >=64=0.0%
     issued    : total=r=4096/w=0/d=0, short=r=0/w=0/d=0

Run status group 0 (all jobs):
   READ: io=524288KB, aggrb=82228KB/s, minb=82228KB/s, maxb=82228KB/s, mint=6376msec, maxt=6376msec

Disk stats (read/write):
  sda: ios=4017/2, merge=12/1, ticks=49924/552, in_queue=50532, util=98.54%
