file1: (g=0): rw=read, bs=128K-128K/128K-128K/128K-128K, ioengine=libaio, iodepth=8
fio-2.1.3
Starting 1 process
file1: Laying out IO file(s) (1 file(s) / 512MB)

file1: (groupid=0, jobs=1): err= 0: pid=39542: Wed Jun 24 20:29:51 2015
  read : io=524288KB, bw=148692KB/s, iops=1161, runt=  3526msec
    slat (usec): min=21, max=98, avg=42.69, stdev= 4.86
    clat (usec): min=649, max=20426, avg=6833.34, stdev=745.91
     lat (usec): min=752, max=20461, avg=6876.68, stdev=746.48
    clat percentiles (usec):
     |  1.00th=[ 5920],  5.00th=[ 5920], 10.00th=[ 5920], 20.00th=[ 6496],
     | 30.00th=[ 6816], 40.00th=[ 6816], 50.00th=[ 6816], 60.00th=[ 6816],
     | 70.00th=[ 6880], 80.00th=[ 7392], 90.00th=[ 7392], 95.00th=[ 7456],
     | 99.00th=[ 7456], 99.50th=[ 9024], 99.90th=[17792], 99.95th=[19328],
     | 99.99th=[20352]
    bw (KB  /s): min=141056, max=154624, per=100.00%, avg=148913.57, stdev=6146.00
    lat (usec) : 750=0.02%
    lat (msec) : 10=99.51%, 20=0.44%, 50=0.02%
  cpu          : usr=1.62%, sys=9.19%, ctx=4173, majf=0, minf=282
  IO depths    : 1=0.1%, 2=0.1%, 4=0.1%, 8=99.8%, 16=0.0%, 32=0.0%, >=64=0.0%
     submit    : 0=0.0%, 4=100.0%, 8=0.0%, 16=0.0%, 32=0.0%, 64=0.0%, >=64=0.0%
     complete  : 0=0.0%, 4=100.0%, 8=0.1%, 16=0.0%, 32=0.0%, 64=0.0%, >=64=0.0%
     issued    : total=r=4096/w=0/d=0, short=r=0/w=0/d=0

Run status group 0 (all jobs):
   READ: io=524288KB, aggrb=148692KB/s, minb=148692KB/s, maxb=148692KB/s, mint=3526msec, maxt=3526msec

Disk stats (read/write):
  sdb: ios=4049/0, merge=0/0, ticks=27456/0, in_queue=27460, util=97.18%
