file1: (g=0): rw=read, bs=128K-128K/128K-128K/128K-128K, ioengine=libaio, iodepth=8
fio-2.1.3
Starting 1 process
file1: Laying out IO file(s) (1 file(s) / 4096MB)

file1: (groupid=0, jobs=1): err= 0: pid=8519: Thu Jul  9 18:01:41 2015
  read : io=4096.0MB, bw=103525KB/s, iops=808, runt= 40515msec
    slat (usec): min=18, max=141, avg=26.90, stdev= 4.53
    clat (usec): min=6650, max=45788, avg=9859.70, stdev=989.73
     lat (usec): min=6773, max=45813, avg=9887.05, stdev=989.74
    clat percentiles (usec):
     |  1.00th=[ 9536],  5.00th=[ 9536], 10.00th=[ 9536], 20.00th=[ 9536],
     | 30.00th=[ 9792], 40.00th=[ 9792], 50.00th=[ 9792], 60.00th=[ 9792],
     | 70.00th=[ 9920], 80.00th=[10048], 90.00th=[10048], 95.00th=[10048],
     | 99.00th=[10944], 99.50th=[12096], 99.90th=[26496], 99.95th=[27776],
     | 99.99th=[45824]
    bw (KB  /s): min=96256, max=105984, per=100.00%, avg=103590.81, stdev=1936.53
    lat (msec) : 10=70.65%, 20=29.15%, 50=0.20%
  cpu          : usr=0.75%, sys=3.93%, ctx=33151, majf=0, minf=282
  IO depths    : 1=0.1%, 2=0.1%, 4=0.1%, 8=100.0%, 16=0.0%, 32=0.0%, >=64=0.0%
     submit    : 0=0.0%, 4=100.0%, 8=0.0%, 16=0.0%, 32=0.0%, 64=0.0%, >=64=0.0%
     complete  : 0=0.0%, 4=100.0%, 8=0.1%, 16=0.0%, 32=0.0%, 64=0.0%, >=64=0.0%
     issued    : total=r=32768/w=0/d=0, short=r=0/w=0/d=0

Run status group 0 (all jobs):
   READ: io=4096.0MB, aggrb=103524KB/s, minb=103524KB/s, maxb=103524KB/s, mint=40515msec, maxt=40515msec

Disk stats (read/write):
  sda: ios=32572/10, merge=0/5, ticks=320500/12136, in_queue=332628, util=99.86%
