file1: (g=0): rw=read, bs=128K-128K/128K-128K/128K-128K, ioengine=libaio, iodepth=8
fio-2.1.3
Starting 1 process
file1: Laying out IO file(s) (1 file(s) / 4096MB)

file1: (groupid=0, jobs=1): err= 0: pid=11275: Wed Jul  8 15:22:32 2015
  read : io=4096.0MB, bw=100024KB/s, iops=781, runt= 41933msec
    slat (usec): min=22, max=286, avg=65.30, stdev= 8.63
    clat (msec): min=5, max=96, avg=10.16, stdev= 2.07
     lat (msec): min=5, max=96, avg=10.23, stdev= 2.07
    clat percentiles (usec):
     |  1.00th=[ 9280],  5.00th=[ 9280], 10.00th=[ 9280], 20.00th=[ 9280],
     | 30.00th=[ 9664], 40.00th=[ 9664], 50.00th=[10304], 60.00th=[10304],
     | 70.00th=[10304], 80.00th=[10304], 90.00th=[10688], 95.00th=[11328],
     | 99.00th=[18048], 99.50th=[18048], 99.90th=[38144], 99.95th=[42752],
     | 99.99th=[94720]
    bw (KB  /s): min=79201, max=106496, per=100.00%, avg=100118.66, stdev=4520.62
    lat (msec) : 10=48.65%, 20=51.09%, 50=0.24%, 100=0.02%
  cpu          : usr=1.30%, sys=8.90%, ctx=33511, majf=0, minf=1872
  IO depths    : 1=0.1%, 2=0.1%, 4=0.1%, 8=100.0%, 16=0.0%, 32=0.0%, >=64=0.0%
     submit    : 0=0.0%, 4=100.0%, 8=0.0%, 16=0.0%, 32=0.0%, 64=0.0%, >=64=0.0%
     complete  : 0=0.0%, 4=100.0%, 8=0.1%, 16=0.0%, 32=0.0%, 64=0.0%, >=64=0.0%
     issued    : total=r=32768/w=0/d=0, short=r=0/w=0/d=0

Run status group 0 (all jobs):
   READ: io=4096.0MB, aggrb=100023KB/s, minb=100023KB/s, maxb=100023KB/s, mint=41933msec, maxt=41933msec

Disk stats (read/write):
  sda: ios=32719/28, merge=48/22, ticks=329716/19124, in_queue=349028, util=99.90%
