file1: (g=0): rw=write, bs=128K-128K/128K-128K/128K-128K, ioengine=libaio, iodepth=8
fio-2.1.3
Starting 1 process
file1: Laying out IO file(s) (1 file(s) / 4096MB)

file1: (groupid=0, jobs=1): err= 0: pid=6149: Wed Jul  8 15:32:23 2015
  write: io=4096.0MB, bw=124464KB/s, iops=972, runt= 33699msec
    slat (usec): min=25, max=6100, avg=65.16, stdev=41.54
    clat (msec): min=1, max=133, avg= 8.16, stdev= 4.32
     lat (msec): min=1, max=133, avg= 8.22, stdev= 4.32
    clat percentiles (msec):
     |  1.00th=[    5],  5.00th=[    6], 10.00th=[    7], 20.00th=[    7],
     | 30.00th=[    8], 40.00th=[    8], 50.00th=[    8], 60.00th=[    8],
     | 70.00th=[    8], 80.00th=[    8], 90.00th=[   13], 95.00th=[   15],
     | 99.00th=[   16], 99.50th=[   29], 99.90th=[   57], 99.95th=[   71],
     | 99.99th=[  129]
    bw (KB  /s): min=83390, max=127747, per=100.00%, avg=124538.74, stdev=7254.91
    lat (msec) : 2=0.05%, 4=0.82%, 10=82.28%, 20=16.20%, 50=0.47%
    lat (msec) : 100=0.13%, 250=0.05%
  cpu          : usr=1.46%, sys=6.12%, ctx=5543, majf=0, minf=1621
  IO depths    : 1=0.1%, 2=0.1%, 4=0.1%, 8=100.0%, 16=0.0%, 32=0.0%, >=64=0.0%
     submit    : 0=0.0%, 4=100.0%, 8=0.0%, 16=0.0%, 32=0.0%, 64=0.0%, >=64=0.0%
     complete  : 0=0.0%, 4=100.0%, 8=0.1%, 16=0.0%, 32=0.0%, 64=0.0%, >=64=0.0%
     issued    : total=r=0/w=32768/d=0, short=r=0/w=0/d=0

Run status group 0 (all jobs):
  WRITE: io=4096.0MB, aggrb=124463KB/s, minb=124463KB/s, maxb=124463KB/s, mint=33699msec, maxt=33699msec

Disk stats (read/write):
  sda: ios=0/32675, merge=0/227, ticks=0/251644, in_queue=251652, util=99.81%
