file1: (g=0): rw=write, bs=128K-128K/128K-128K/128K-128K, ioengine=libaio, iodepth=8
fio-2.1.3
Starting 1 process
file1: Laying out IO file(s) (1 file(s) / 4096MB)

file1: (groupid=0, jobs=1): err= 0: pid=27630: Fri Jul 10 00:05:59 2015
  write: io=4096.0MB, bw=239060KB/s, iops=1867, runt= 17545msec
    slat (usec): min=14, max=3568, avg=63.58, stdev=29.85
    clat (usec): min=663, max=127258, avg=4212.80, stdev=2929.53
     lat (usec): min=755, max=127327, avg=4277.08, stdev=2929.27
    clat percentiles (msec):
     |  1.00th=[    4],  5.00th=[    4], 10.00th=[    4], 20.00th=[    4],
     | 30.00th=[    4], 40.00th=[    4], 50.00th=[    4], 60.00th=[    4],
     | 70.00th=[    4], 80.00th=[    4], 90.00th=[    5], 95.00th=[    6],
     | 99.00th=[   12], 99.50th=[   12], 99.90th=[   14], 99.95th=[   15],
     | 99.99th=[  127]
    bw (KB  /s): min=184832, max=249856, per=100.00%, avg=239203.91, stdev=13224.17
    lat (usec) : 750=0.01%, 1000=0.01%
    lat (msec) : 2=0.04%, 4=86.36%, 10=11.75%, 20=1.78%, 250=0.05%
  cpu          : usr=3.71%, sys=19.68%, ctx=33385, majf=0, minf=26
  IO depths    : 1=0.1%, 2=0.1%, 4=0.1%, 8=100.0%, 16=0.0%, 32=0.0%, >=64=0.0%
     submit    : 0=0.0%, 4=100.0%, 8=0.0%, 16=0.0%, 32=0.0%, 64=0.0%, >=64=0.0%
     complete  : 0=0.0%, 4=100.0%, 8=0.1%, 16=0.0%, 32=0.0%, 64=0.0%, >=64=0.0%
     issued    : total=r=0/w=32768/d=0, short=r=0/w=0/d=0

Run status group 0 (all jobs):
  WRITE: io=4096.0MB, aggrb=239059KB/s, minb=239059KB/s, maxb=239059KB/s, mint=17545msec, maxt=17545msec

Disk stats (read/write):
  sda: ios=0/32519, merge=0/106, ticks=0/134152, in_queue=134124, util=99.51%
