file1: (g=0): rw=read, bs=128K-128K/128K-128K/128K-128K, ioengine=libaio, iodepth=8
fio-2.1.3
Starting 1 process
file1: Laying out IO file(s) (1 file(s) / 512MB)

file1: (groupid=0, jobs=1): err= 0: pid=39404: Wed Jun 24 20:28:40 2015
  read : io=524288KB, bw=145313KB/s, iops=1135, runt=  3608msec
    slat (usec): min=20, max=154, avg=42.67, stdev= 5.56
    clat (usec): min=644, max=19046, avg=6993.24, stdev=658.81
     lat (usec): min=807, max=19091, avg=7036.55, stdev=659.29
    clat percentiles (usec):
     |  1.00th=[ 6048],  5.00th=[ 6048], 10.00th=[ 6048], 20.00th=[ 6496],
     | 30.00th=[ 6944], 40.00th=[ 6944], 50.00th=[ 6944], 60.00th=[ 7392],
     | 70.00th=[ 7392], 80.00th=[ 7392], 90.00th=[ 7392], 95.00th=[ 7456],
     | 99.00th=[ 7456], 99.50th=[ 8640], 99.90th=[15296], 99.95th=[16768],
     | 99.99th=[19072]
    bw (KB  /s): min=137728, max=151808, per=99.97%, avg=145261.71, stdev=6180.97
    lat (usec) : 750=0.02%
    lat (msec) : 10=99.51%, 20=0.46%
  cpu          : usr=1.58%, sys=9.04%, ctx=4169, majf=0, minf=282
  IO depths    : 1=0.1%, 2=0.1%, 4=0.1%, 8=99.8%, 16=0.0%, 32=0.0%, >=64=0.0%
     submit    : 0=0.0%, 4=100.0%, 8=0.0%, 16=0.0%, 32=0.0%, 64=0.0%, >=64=0.0%
     complete  : 0=0.0%, 4=100.0%, 8=0.1%, 16=0.0%, 32=0.0%, 64=0.0%, >=64=0.0%
     issued    : total=r=4096/w=0/d=0, short=r=0/w=0/d=0

Run status group 0 (all jobs):
   READ: io=524288KB, aggrb=145312KB/s, minb=145312KB/s, maxb=145312KB/s, mint=3608msec, maxt=3608msec

Disk stats (read/write):
  sdb: ios=3834/0, merge=0/0, ticks=26728/0, in_queue=26756, util=97.24%
