file1: (g=0): rw=read, bs=128K-128K/128K-128K/128K-128K, ioengine=libaio, iodepth=8
fio-2.1.3
Starting 1 process
file1: Laying out IO file(s) (1 file(s) / 4096MB)

file1: (groupid=0, jobs=1): err= 0: pid=13705: Wed Jul  8 15:28:44 2015
  read : io=4096.0MB, bw=107148KB/s, iops=837, runt= 39145msec
    slat (usec): min=22, max=289, avg=73.29, stdev= 8.64
    clat (msec): min=4, max=54, avg= 9.47, stdev= 1.28
     lat (msec): min=5, max=54, avg= 9.55, stdev= 1.28
    clat percentiles (usec):
     |  1.00th=[ 7968],  5.00th=[ 9024], 10.00th=[ 9024], 20.00th=[ 9024],
     | 30.00th=[ 9152], 40.00th=[ 9152], 50.00th=[ 9152], 60.00th=[ 9152],
     | 70.00th=[ 9280], 80.00th=[10176], 90.00th=[10176], 95.00th=[10176],
     | 99.00th=[11584], 99.50th=[12736], 99.90th=[19584], 99.95th=[34048],
     | 99.99th=[52480]
    bw (KB  /s): min=92768, max=112384, per=100.00%, avg=107241.92, stdev=5335.30
    lat (msec) : 10=74.98%, 20=24.92%, 50=0.05%, 100=0.05%
  cpu          : usr=1.51%, sys=10.27%, ctx=33569, majf=0, minf=1872
  IO depths    : 1=0.1%, 2=0.1%, 4=0.1%, 8=100.0%, 16=0.0%, 32=0.0%, >=64=0.0%
     submit    : 0=0.0%, 4=100.0%, 8=0.0%, 16=0.0%, 32=0.0%, 64=0.0%, >=64=0.0%
     complete  : 0=0.0%, 4=100.0%, 8=0.1%, 16=0.0%, 32=0.0%, 64=0.0%, >=64=0.0%
     issued    : total=r=32768/w=0/d=0, short=r=0/w=0/d=0

Run status group 0 (all jobs):
   READ: io=4096.0MB, aggrb=107147KB/s, minb=107147KB/s, maxb=107147KB/s, mint=39145msec, maxt=39145msec

Disk stats (read/write):
  sda: ios=32628/4, merge=12/1, ticks=307396/96, in_queue=307444, util=99.89%
