file1: (g=0): rw=write, bs=128K-128K/128K-128K/128K-128K, ioengine=libaio, iodepth=8
fio-2.1.3
Starting 1 process
file1: Laying out IO file(s) (1 file(s) / 4096MB)

file1: (groupid=0, jobs=1): err= 0: pid=2217: Wed Jul  8 15:02:26 2015
  write: io=4096.0MB, bw=103062KB/s, iops=805, runt= 40697msec
    slat (usec): min=20, max=58361, avg=44.97, stdev=352.05
    clat (msec): min=4, max=67, avg= 9.89, stdev= 1.43
     lat (msec): min=4, max=75, avg= 9.93, stdev= 1.48
    clat percentiles (usec):
     |  1.00th=[ 9408],  5.00th=[ 9536], 10.00th=[ 9536], 20.00th=[ 9536],
     | 30.00th=[ 9664], 40.00th=[ 9792], 50.00th=[ 9792], 60.00th=[ 9792],
     | 70.00th=[ 9920], 80.00th=[10048], 90.00th=[10048], 95.00th=[10048],
     | 99.00th=[12224], 99.50th=[16768], 99.90th=[23936], 99.95th=[28800],
     | 99.99th=[63744]
    bw (KB  /s): min=90112, max=105984, per=100.00%, avg=103158.35, stdev=2756.78
    lat (msec) : 10=74.40%, 20=25.35%, 50=0.20%, 100=0.05%
  cpu          : usr=1.88%, sys=7.61%, ctx=33206, majf=0, minf=25
  IO depths    : 1=0.1%, 2=0.1%, 4=0.1%, 8=100.0%, 16=0.0%, 32=0.0%, >=64=0.0%
     submit    : 0=0.0%, 4=100.0%, 8=0.0%, 16=0.0%, 32=0.0%, 64=0.0%, >=64=0.0%
     complete  : 0=0.0%, 4=100.0%, 8=0.1%, 16=0.0%, 32=0.0%, 64=0.0%, >=64=0.0%
     issued    : total=r=0/w=32768/d=0, short=r=0/w=0/d=0

Run status group 0 (all jobs):
  WRITE: io=4096.0MB, aggrb=103061KB/s, minb=103061KB/s, maxb=103061KB/s, mint=40697msec, maxt=40697msec

Disk stats (read/write):
  sda: ios=0/32792, merge=0/154, ticks=0/339780, in_queue=339784, util=99.87%
