file1: (g=0): rw=write, bs=128K-128K/128K-128K/128K-128K, ioengine=libaio, iodepth=8
fio-2.1.3
Starting 1 process
file1: Laying out IO file(s) (1 file(s) / 4096MB)

file1: (groupid=0, jobs=1): err= 0: pid=23257: Wed Jul  8 01:38:09 2015
  write: io=4096.0MB, bw=147350KB/s, iops=1151, runt= 28465msec
    slat (usec): min=18, max=7669, avg=31.52, stdev=78.73
    clat (msec): min=1, max=1145, avg= 6.92, stdev= 6.94
     lat (msec): min=1, max=1145, avg= 6.95, stdev= 6.94
    clat percentiles (usec):
     |  1.00th=[ 4448],  5.00th=[ 6048], 10.00th=[ 6496], 20.00th=[ 6496],
     | 30.00th=[ 6816], 40.00th=[ 6880], 50.00th=[ 6880], 60.00th=[ 6880],
     | 70.00th=[ 6880], 80.00th=[ 6880], 90.00th=[ 6880], 95.00th=[ 6880],
     | 99.00th=[ 7712], 99.50th=[24448], 99.90th=[55552], 99.95th=[90624],
     | 99.99th=[98816]
    bw (KB  /s): min=124580, max=157952, per=100.00%, avg=147496.09, stdev=6963.95
    lat (msec) : 2=0.02%, 4=0.71%, 10=98.60%, 20=0.16%, 50=0.38%
    lat (msec) : 100=0.13%, 2000=0.01%
  cpu          : usr=0.00%, sys=5.69%, ctx=32489, majf=0, minf=291
  IO depths    : 1=0.1%, 2=0.1%, 4=0.1%, 8=100.0%, 16=0.0%, 32=0.0%, >=64=0.0%
     submit    : 0=0.0%, 4=100.0%, 8=0.0%, 16=0.0%, 32=0.0%, 64=0.0%, >=64=0.0%
     complete  : 0=0.0%, 4=100.0%, 8=0.1%, 16=0.0%, 32=0.0%, 64=0.0%, >=64=0.0%
     issued    : total=r=0/w=32768/d=0, short=r=0/w=0/d=0

Run status group 0 (all jobs):
  WRITE: io=4096.0MB, aggrb=147349KB/s, minb=147349KB/s, maxb=147349KB/s, mint=28465msec, maxt=28465msec

Disk stats (read/write):
  sda: ios=0/32395, merge=0/466, ticks=0/266076, in_queue=266080, util=99.96%
