file1: (g=0): rw=read, bs=128K-128K/128K-128K/128K-128K, ioengine=libaio, iodepth=8
fio-2.1.3
Starting 1 process
file1: Laying out IO file(s) (1 file(s) / 512MB)

file1: (groupid=0, jobs=1): err= 0: pid=39466: Wed Jun 24 20:29:12 2015
  read : io=524288KB, bw=145595KB/s, iops=1137, runt=  3601msec
    slat (usec): min=20, max=139, avg=42.50, stdev= 5.23
    clat (usec): min=633, max=15919, avg=6979.59, stdev=596.08
     lat (usec): min=780, max=15964, avg=7022.75, stdev=596.21
    clat percentiles (usec):
     |  1.00th=[ 6048],  5.00th=[ 6048], 10.00th=[ 6048], 20.00th=[ 6496],
     | 30.00th=[ 6944], 40.00th=[ 6944], 50.00th=[ 6944], 60.00th=[ 6944],
     | 70.00th=[ 7392], 80.00th=[ 7392], 90.00th=[ 7392], 95.00th=[ 7456],
     | 99.00th=[ 7456], 99.50th=[ 9152], 99.90th=[12992], 99.95th=[14528],
     | 99.99th=[15936]
    bw (KB  /s): min=138475, max=151808, per=99.97%, avg=145544.43, stdev=5918.98
    lat (usec) : 750=0.02%
    lat (msec) : 10=99.54%, 20=0.44%
  cpu          : usr=1.61%, sys=9.08%, ctx=4173, majf=0, minf=282
  IO depths    : 1=0.1%, 2=0.1%, 4=0.1%, 8=99.8%, 16=0.0%, 32=0.0%, >=64=0.0%
     submit    : 0=0.0%, 4=100.0%, 8=0.0%, 16=0.0%, 32=0.0%, 64=0.0%, >=64=0.0%
     complete  : 0=0.0%, 4=100.0%, 8=0.1%, 16=0.0%, 32=0.0%, 64=0.0%, >=64=0.0%
     issued    : total=r=4096/w=0/d=0, short=r=0/w=0/d=0

Run status group 0 (all jobs):
   READ: io=524288KB, aggrb=145595KB/s, minb=145595KB/s, maxb=145595KB/s, mint=3601msec, maxt=3601msec

Disk stats (read/write):
  sdb: ios=3840/0, merge=0/0, ticks=26704/0, in_queue=26708, util=97.16%
