file1: (g=0): rw=read, bs=128K-128K/128K-128K/128K-128K, ioengine=libaio, iodepth=8
fio-2.1.3
Starting 1 process
file1: Laying out IO file(s) (1 file(s) / 4096MB)

file1: (groupid=0, jobs=1): err= 0: pid=11297: Wed Jul  8 15:24:15 2015
  read : io=4096.0MB, bw=99765KB/s, iops=779, runt= 42042msec
    slat (usec): min=22, max=311, avg=65.45, stdev= 8.51
    clat (msec): min=3, max=1501, avg=10.19, stdev=14.45
     lat (msec): min=3, max=1501, avg=10.25, stdev=14.45
    clat percentiles (usec):
     |  1.00th=[ 5792],  5.00th=[ 9280], 10.00th=[ 9280], 20.00th=[ 9280],
     | 30.00th=[ 9664], 40.00th=[ 9664], 50.00th=[ 9920], 60.00th=[10304],
     | 70.00th=[10304], 80.00th=[10304], 90.00th=[10688], 95.00th=[11328],
     | 99.00th=[18048], 99.50th=[18816], 99.90th=[39168], 99.95th=[53504],
     | 99.99th=[97792]
    bw (KB  /s): min=82643, max=108288, per=100.00%, avg=99921.37, stdev=4468.82
    lat (msec) : 4=0.01%, 10=51.13%, 20=48.49%, 50=0.30%, 100=0.07%
    lat (msec) : 2000=0.01%
  cpu          : usr=1.24%, sys=8.80%, ctx=33490, majf=0, minf=1607
  IO depths    : 1=0.1%, 2=0.1%, 4=0.1%, 8=100.0%, 16=0.0%, 32=0.0%, >=64=0.0%
     submit    : 0=0.0%, 4=100.0%, 8=0.0%, 16=0.0%, 32=0.0%, 64=0.0%, >=64=0.0%
     complete  : 0=0.0%, 4=100.0%, 8=0.1%, 16=0.0%, 32=0.0%, 64=0.0%, >=64=0.0%
     issued    : total=r=32768/w=0/d=0, short=r=0/w=0/d=0

Run status group 0 (all jobs):
   READ: io=4096.0MB, aggrb=99764KB/s, minb=99764KB/s, maxb=99764KB/s, mint=42042msec, maxt=42042msec

Disk stats (read/write):
  sda: ios=32522/20, merge=60/14, ticks=328204/20464, in_queue=348604, util=99.89%
