file1: (g=0): rw=write, bs=128K-128K/128K-128K/128K-128K, ioengine=libaio, iodepth=8
fio-2.1.3
Starting 1 process
file1: Laying out IO file(s) (1 file(s) / 4096MB)

file1: (groupid=0, jobs=1): err= 0: pid=11233: Thu Jul  9 18:53:54 2015
  write: io=4096.0MB, bw=100944KB/s, iops=788, runt= 41551msec
    slat (usec): min=41, max=356, avg=66.39, stdev=21.90
    clat (msec): min=1, max=107, avg=10.07, stdev= 4.89
     lat (msec): min=1, max=107, avg=10.14, stdev= 4.89
    clat percentiles (msec):
     |  1.00th=[    6],  5.00th=[    8], 10.00th=[    8], 20.00th=[    9],
     | 30.00th=[    9], 40.00th=[    9], 50.00th=[    9], 60.00th=[    9],
     | 70.00th=[    9], 80.00th=[   10], 90.00th=[   17], 95.00th=[   18],
     | 99.00th=[   25], 99.50th=[   30], 99.90th=[   75], 99.95th=[   80],
     | 99.99th=[  106]
    bw (KB  /s): min=84224, max=107520, per=100.00%, avg=101041.40, stdev=5141.75
    lat (msec) : 2=0.01%, 4=0.45%, 10=79.70%, 20=18.37%, 50=1.20%
    lat (msec) : 100=0.22%, 250=0.05%
  cpu          : usr=1.15%, sys=5.08%, ctx=5471, majf=0, minf=1615
  IO depths    : 1=0.1%, 2=0.1%, 4=0.1%, 8=100.0%, 16=0.0%, 32=0.0%, >=64=0.0%
     submit    : 0=0.0%, 4=100.0%, 8=0.0%, 16=0.0%, 32=0.0%, 64=0.0%, >=64=0.0%
     complete  : 0=0.0%, 4=100.0%, 8=0.1%, 16=0.0%, 32=0.0%, 64=0.0%, >=64=0.0%
     issued    : total=r=0/w=32768/d=0, short=r=0/w=0/d=0

Run status group 0 (all jobs):
  WRITE: io=4096.0MB, aggrb=100943KB/s, minb=100943KB/s, maxb=100943KB/s, mint=41551msec, maxt=41551msec

Disk stats (read/write):
  sda: ios=0/32612, merge=0/262, ticks=0/311320, in_queue=311280, util=99.88%
