file1: (g=0): rw=write, bs=128K-128K/128K-128K/128K-128K, ioengine=libaio, iodepth=8
fio-2.1.3
Starting 1 process
file1: Laying out IO file(s) (1 file(s) / 4096MB)

file1: (groupid=0, jobs=1): err= 0: pid=2336: Wed Jul  8 15:06:10 2015
  write: io=4096.0MB, bw=106225KB/s, iops=829, runt= 39485msec
    slat (usec): min=22, max=17771, avg=44.30, stdev=200.74
    clat (msec): min=8, max=165, avg= 9.59, stdev= 3.07
     lat (msec): min=8, max=165, avg= 9.64, stdev= 3.08
    clat percentiles (msec):
     |  1.00th=[   10],  5.00th=[   10], 10.00th=[   10], 20.00th=[   10],
     | 30.00th=[   10], 40.00th=[   10], 50.00th=[   10], 60.00th=[   10],
     | 70.00th=[   10], 80.00th=[   10], 90.00th=[   10], 95.00th=[   10],
     | 99.00th=[   14], 99.50th=[   17], 99.90th=[   26], 99.95th=[   37],
     | 99.99th=[  165]
    bw (KB  /s): min=74240, max=109312, per=100.00%, avg=106309.42, stdev=4712.05
    lat (msec) : 10=96.30%, 20=3.45%, 50=0.20%, 250=0.05%
  cpu          : usr=1.96%, sys=8.08%, ctx=33241, majf=0, minf=25
  IO depths    : 1=0.1%, 2=0.1%, 4=0.1%, 8=100.0%, 16=0.0%, 32=0.0%, >=64=0.0%
     submit    : 0=0.0%, 4=100.0%, 8=0.0%, 16=0.0%, 32=0.0%, 64=0.0%, >=64=0.0%
     complete  : 0=0.0%, 4=100.0%, 8=0.1%, 16=0.0%, 32=0.0%, 64=0.0%, >=64=0.0%
     issued    : total=r=0/w=32768/d=0, short=r=0/w=0/d=0

Run status group 0 (all jobs):
  WRITE: io=4096.0MB, aggrb=106225KB/s, minb=106225KB/s, maxb=106225KB/s, mint=39485msec, maxt=39485msec

Disk stats (read/write):
  sda: ios=0/32787, merge=0/294, ticks=0/352444, in_queue=352436, util=99.83%
