file1: (g=0): rw=write, bs=128K-128K/128K-128K/128K-128K, ioengine=libaio, iodepth=8
fio-2.1.3
Starting 1 process
file1: Laying out IO file(s) (1 file(s) / 4096MB)

file1: (groupid=0, jobs=1): err= 0: pid=13801: Wed Jul  8 15:33:43 2015
  write: io=4096.0MB, bw=97801KB/s, iops=764, runt= 42886msec
    slat (usec): min=37, max=169544, avg=120.67, stdev=941.01
    clat (msec): min=1, max=203, avg=10.34, stdev=11.77
     lat (msec): min=1, max=210, avg=10.46, stdev=11.82
    clat percentiles (msec):
     |  1.00th=[    5],  5.00th=[    5], 10.00th=[    9], 20.00th=[   10],
     | 30.00th=[   10], 40.00th=[   10], 50.00th=[   10], 60.00th=[   10],
     | 70.00th=[   10], 80.00th=[   11], 90.00th=[   11], 95.00th=[   12],
     | 99.00th=[   26], 99.50th=[  121], 99.90th=[  190], 99.95th=[  200],
     | 99.99th=[  204]
    bw (KB  /s): min=56396, max=111104, per=100.00%, avg=98364.31, stdev=12737.49
    lat (msec) : 2=0.01%, 4=0.12%, 10=73.56%, 20=25.08%, 50=0.55%
    lat (msec) : 100=0.07%, 250=0.61%
  cpu          : usr=2.07%, sys=11.86%, ctx=33703, majf=0, minf=1350
  IO depths    : 1=0.1%, 2=0.1%, 4=0.1%, 8=100.0%, 16=0.0%, 32=0.0%, >=64=0.0%
     submit    : 0=0.0%, 4=100.0%, 8=0.0%, 16=0.0%, 32=0.0%, 64=0.0%, >=64=0.0%
     complete  : 0=0.0%, 4=100.0%, 8=0.1%, 16=0.0%, 32=0.0%, 64=0.0%, >=64=0.0%
     issued    : total=r=0/w=32768/d=0, short=r=0/w=0/d=0

Run status group 0 (all jobs):
  WRITE: io=4096.0MB, aggrb=97801KB/s, minb=97801KB/s, maxb=97801KB/s, mint=42886msec, maxt=42886msec

Disk stats (read/write):
  sda: ios=0/32541, merge=0/300, ticks=0/334244, in_queue=334168, util=99.91%
