file1: (g=0): rw=read, bs=128K-128K/128K-128K/128K-128K, ioengine=libaio, iodepth=8
fio-2.1.3
Starting 1 process
file1: Laying out IO file(s) (1 file(s) / 4096MB)

file1: (groupid=0, jobs=1): err= 0: pid=11430: Wed Jul  8 15:34:30 2015
  read : io=4096.0MB, bw=96947KB/s, iops=757, runt= 43264msec
    slat (usec): min=22, max=297, avg=64.07, stdev= 8.54
    clat (msec): min=5, max=121, avg=10.49, stdev= 2.37
     lat (msec): min=5, max=121, avg=10.55, stdev= 2.37
    clat percentiles (msec):
     |  1.00th=[   10],  5.00th=[   10], 10.00th=[   10], 20.00th=[   10],
     | 30.00th=[   11], 40.00th=[   11], 50.00th=[   11], 60.00th=[   11],
     | 70.00th=[   11], 80.00th=[   11], 90.00th=[   12], 95.00th=[   12],
     | 99.00th=[   13], 99.50th=[   19], 99.90th=[   37], 99.95th=[   43],
     | 99.99th=[  121]
    bw (KB  /s): min=75624, max=103424, per=100.00%, avg=97022.23, stdev=4407.11
    lat (msec) : 10=24.36%, 20=75.34%, 50=0.26%, 100=0.02%, 250=0.02%
  cpu          : usr=1.20%, sys=8.49%, ctx=33506, majf=0, minf=1872
  IO depths    : 1=0.1%, 2=0.1%, 4=0.1%, 8=100.0%, 16=0.0%, 32=0.0%, >=64=0.0%
     submit    : 0=0.0%, 4=100.0%, 8=0.0%, 16=0.0%, 32=0.0%, 64=0.0%, >=64=0.0%
     complete  : 0=0.0%, 4=100.0%, 8=0.1%, 16=0.0%, 32=0.0%, 64=0.0%, >=64=0.0%
     issued    : total=r=32768/w=0/d=0, short=r=0/w=0/d=0

Run status group 0 (all jobs):
   READ: io=4096.0MB, aggrb=96946KB/s, minb=96946KB/s, maxb=96946KB/s, mint=43264msec, maxt=43264msec

Disk stats (read/write):
  sda: ios=32711/30, merge=47/17, ticks=339896/24132, in_queue=363964, util=99.91%
