file1: (g=0): rw=write, bs=128K-128K/128K-128K/128K-128K, ioengine=libaio, iodepth=8
fio-2.1.3
Starting 1 process
file1: Laying out IO file(s) (1 file(s) / 512MB)

file1: (groupid=0, jobs=1): err= 0: pid=39609: Wed Jun 24 20:30:08 2015
  write: io=524288KB, bw=148776KB/s, iops=1162, runt=  3524msec
    slat (usec): min=15, max=143, avg=66.50, stdev= 7.74
    clat (usec): min=759, max=17425, avg=6805.24, stdev=729.14
     lat (usec): min=819, max=17494, avg=6872.49, stdev=729.45
    clat percentiles (usec):
     |  1.00th=[ 5856],  5.00th=[ 5920], 10.00th=[ 5920], 20.00th=[ 6496],
     | 30.00th=[ 6816], 40.00th=[ 6816], 50.00th=[ 6816], 60.00th=[ 6816],
     | 70.00th=[ 6816], 80.00th=[ 7392], 90.00th=[ 7392], 95.00th=[ 7392],
     | 99.00th=[ 7456], 99.50th=[ 9152], 99.90th=[17024], 99.95th=[17280],
     | 99.99th=[17536]
    bw (KB  /s): min=141056, max=154624, per=100.00%, avg=149028.57, stdev=6378.51
    lat (usec) : 1000=0.02%
    lat (msec) : 2=0.02%, 4=0.10%, 10=99.39%, 20=0.46%
  cpu          : usr=2.41%, sys=13.60%, ctx=4196, majf=0, minf=25
  IO depths    : 1=0.1%, 2=0.1%, 4=0.1%, 8=99.8%, 16=0.0%, 32=0.0%, >=64=0.0%
     submit    : 0=0.0%, 4=100.0%, 8=0.0%, 16=0.0%, 32=0.0%, 64=0.0%, >=64=0.0%
     complete  : 0=0.0%, 4=100.0%, 8=0.1%, 16=0.0%, 32=0.0%, 64=0.0%, >=64=0.0%
     issued    : total=r=0/w=4096/d=0, short=r=0/w=0/d=0

Run status group 0 (all jobs):
  WRITE: io=524288KB, aggrb=148776KB/s, minb=148776KB/s, maxb=148776KB/s, mint=3524msec, maxt=3524msec

Disk stats (read/write):
  sdb: ios=0/3959, merge=0/0, ticks=0/26484, in_queue=26520, util=97.20%
