file1: (g=0): rw=write, bs=128K-128K/128K-128K/128K-128K, ioengine=libaio, iodepth=8
fio-2.1.3
Starting 1 process
file1: Laying out IO file(s) (1 file(s) / 4096MB)

file1: (groupid=0, jobs=1): err= 0: pid=23320: Wed Jul  8 01:40:06 2015
  write: io=4096.0MB, bw=142557KB/s, iops=1113, runt= 29422msec
    slat (usec): min=18, max=7525, avg=33.18, stdev=90.49
    clat (msec): min=1, max=1521, avg= 7.15, stdev= 9.54
     lat (msec): min=1, max=1521, avg= 7.18, stdev= 9.55
    clat percentiles (msec):
     |  1.00th=[    4],  5.00th=[    6], 10.00th=[    7], 20.00th=[    7],
     | 30.00th=[    7], 40.00th=[    8], 50.00th=[    8], 60.00th=[    8],
     | 70.00th=[    8], 80.00th=[    8], 90.00th=[    8], 95.00th=[    8],
     | 99.00th=[   11], 99.50th=[   30], 99.90th=[   93], 99.95th=[  115],
     | 99.99th=[  133]
    bw (KB  /s): min=110626, max=154112, per=100.00%, avg=142605.17, stdev=9655.93
    lat (msec) : 2=0.03%, 4=1.06%, 10=97.88%, 20=0.19%, 50=0.54%
    lat (msec) : 100=0.22%, 250=0.08%, 2000=0.01%
  cpu          : usr=0.01%, sys=5.72%, ctx=32703, majf=0, minf=291
  IO depths    : 1=0.1%, 2=0.1%, 4=0.1%, 8=100.0%, 16=0.0%, 32=0.0%, >=64=0.0%
     submit    : 0=0.0%, 4=100.0%, 8=0.0%, 16=0.0%, 32=0.0%, 64=0.0%, >=64=0.0%
     complete  : 0=0.0%, 4=100.0%, 8=0.1%, 16=0.0%, 32=0.0%, 64=0.0%, >=64=0.0%
     issued    : total=r=0/w=32768/d=0, short=r=0/w=0/d=0

Run status group 0 (all jobs):
  WRITE: io=4096.0MB, aggrb=142556KB/s, minb=142556KB/s, maxb=142556KB/s, mint=29422msec, maxt=29422msec

Disk stats (read/write):
  sda: ios=0/32666, merge=0/288, ticks=0/232860, in_queue=232832, util=99.83%
