file1: (g=0): rw=read, bs=128K-128K/128K-128K/128K-128K, ioengine=libaio, iodepth=8
fio-2.1.3
Starting 1 process
file1: Laying out IO file(s) (1 file(s) / 4096MB)

file1: (groupid=0, jobs=1): err= 0: pid=11342: Wed Jul  8 15:27:37 2015
  read : io=4096.0MB, bw=99540KB/s, iops=777, runt= 42137msec
    slat (usec): min=22, max=236, avg=63.87, stdev= 7.95
    clat (msec): min=5, max=114, avg=10.21, stdev= 2.19
     lat (msec): min=5, max=114, avg=10.28, stdev= 2.19
    clat percentiles (msec):
     |  1.00th=[   10],  5.00th=[   10], 10.00th=[   10], 20.00th=[   10],
     | 30.00th=[   10], 40.00th=[   10], 50.00th=[   11], 60.00th=[   11],
     | 70.00th=[   11], 80.00th=[   11], 90.00th=[   11], 95.00th=[   12],
     | 99.00th=[   13], 99.50th=[   19], 99.90th=[   36], 99.95th=[   40],
     | 99.99th=[  113]
    bw (KB  /s): min=78080, max=106240, per=100.00%, avg=99639.81, stdev=4166.21
    lat (msec) : 10=47.97%, 20=51.80%, 50=0.18%, 100=0.02%, 250=0.02%
  cpu          : usr=1.24%, sys=8.74%, ctx=33468, majf=0, minf=1872
  IO depths    : 1=0.1%, 2=0.1%, 4=0.1%, 8=100.0%, 16=0.0%, 32=0.0%, >=64=0.0%
     submit    : 0=0.0%, 4=100.0%, 8=0.0%, 16=0.0%, 32=0.0%, 64=0.0%, >=64=0.0%
     complete  : 0=0.0%, 4=100.0%, 8=0.1%, 16=0.0%, 32=0.0%, 64=0.0%, >=64=0.0%
     issued    : total=r=32768/w=0/d=0, short=r=0/w=0/d=0

Run status group 0 (all jobs):
   READ: io=4096.0MB, aggrb=99539KB/s, minb=99539KB/s, maxb=99539KB/s, mint=42137msec, maxt=42137msec

Disk stats (read/write):
  sda: ios=32714/21, merge=48/11, ticks=331024/19008, in_queue=349984, util=99.90%
