file1: (g=0): rw=read, bs=128K-128K/128K-128K/128K-128K, ioengine=libaio, iodepth=8
fio-2.1.3
Starting 1 process
file1: Laying out IO file(s) (1 file(s) / 4096MB)

file1: (groupid=0, jobs=1): err= 0: pid=11319: Wed Jul  8 15:25:56 2015
  read : io=4096.0MB, bw=99391KB/s, iops=776, runt= 42200msec
    slat (usec): min=22, max=285, avg=66.11, stdev= 8.52
    clat (msec): min=5, max=106, avg=10.23, stdev= 2.16
     lat (msec): min=5, max=107, avg=10.29, stdev= 2.16
    clat percentiles (msec):
     |  1.00th=[   10],  5.00th=[   10], 10.00th=[   10], 20.00th=[   10],
     | 30.00th=[   10], 40.00th=[   10], 50.00th=[   11], 60.00th=[   11],
     | 70.00th=[   11], 80.00th=[   11], 90.00th=[   11], 95.00th=[   12],
     | 99.00th=[   13], 99.50th=[   19], 99.90th=[   38], 99.95th=[   45],
     | 99.99th=[  104]
    bw (KB  /s): min=74602, max=106496, per=100.00%, avg=99514.75, stdev=4343.99
    lat (msec) : 10=48.73%, 20=51.02%, 50=0.20%, 100=0.02%, 250=0.02%
  cpu          : usr=1.26%, sys=8.97%, ctx=33486, majf=0, minf=1612
  IO depths    : 1=0.1%, 2=0.1%, 4=0.1%, 8=100.0%, 16=0.0%, 32=0.0%, >=64=0.0%
     submit    : 0=0.0%, 4=100.0%, 8=0.0%, 16=0.0%, 32=0.0%, 64=0.0%, >=64=0.0%
     complete  : 0=0.0%, 4=100.0%, 8=0.1%, 16=0.0%, 32=0.0%, 64=0.0%, >=64=0.0%
     issued    : total=r=32768/w=0/d=0, short=r=0/w=0/d=0

Run status group 0 (all jobs):
   READ: io=4096.0MB, aggrb=99391KB/s, minb=99391KB/s, maxb=99391KB/s, mint=42200msec, maxt=42200msec

Disk stats (read/write):
  sda: ios=32596/17, merge=48/15, ticks=330388/16444, in_queue=346792, util=99.90%
