file1: (g=0): rw=read, bs=128K-128K/128K-128K/128K-128K, ioengine=libaio, iodepth=8
fio-2.1.3
Starting 1 process
file1: Laying out IO file(s) (1 file(s) / 4096MB)

file1: (groupid=0, jobs=1): err= 0: pid=3351: Fri Jul 10 18:12:47 2015
  read : io=4096.0MB, bw=103530KB/s, iops=808, runt= 40513msec
    slat (usec): min=24, max=267, avg=56.20, stdev= 8.19
    clat (msec): min=2, max=97, avg= 9.83, stdev= 2.39
     lat (msec): min=2, max=97, avg= 9.88, stdev= 2.39
    clat percentiles (usec):
     |  1.00th=[ 9536],  5.00th=[ 9536], 10.00th=[ 9536], 20.00th=[ 9536],
     | 30.00th=[ 9536], 40.00th=[ 9536], 50.00th=[ 9792], 60.00th=[ 9792],
     | 70.00th=[ 9792], 80.00th=[ 9792], 90.00th=[ 9792], 95.00th=[ 9920],
     | 99.00th=[11584], 99.50th=[12736], 99.90th=[38144], 99.95th=[88576],
     | 99.99th=[93696]
    bw (KB  /s): min=80640, max=106496, per=100.00%, avg=103613.90, stdev=3779.03
    lat (msec) : 4=0.31%, 10=95.50%, 20=4.03%, 50=0.08%, 100=0.07%
  cpu          : usr=1.18%, sys=8.01%, ctx=33496, majf=0, minf=1872
  IO depths    : 1=0.1%, 2=0.1%, 4=0.1%, 8=100.0%, 16=0.0%, 32=0.0%, >=64=0.0%
     submit    : 0=0.0%, 4=100.0%, 8=0.0%, 16=0.0%, 32=0.0%, 64=0.0%, >=64=0.0%
     complete  : 0=0.0%, 4=100.0%, 8=0.1%, 16=0.0%, 32=0.0%, 64=0.0%, >=64=0.0%
     issued    : total=r=32768/w=0/d=0, short=r=0/w=0/d=0

Run status group 0 (all jobs):
   READ: io=4096.0MB, aggrb=103529KB/s, minb=103529KB/s, maxb=103529KB/s, mint=40513msec, maxt=40513msec

Disk stats (read/write):
  sda: ios=32577/16, merge=36/6, ticks=316896/476, in_queue=317312, util=99.94%
