file1: (g=0): rw=write, bs=128K-128K/128K-128K/128K-128K, ioengine=libaio, iodepth=8
fio-2.1.3
Starting 1 process
file1: Laying out IO file(s) (1 file(s) / 4096MB)

file1: (groupid=0, jobs=1): err= 0: pid=23270: Wed Jul  8 01:38:38 2015
  write: io=4096.0MB, bw=146230KB/s, iops=1142, runt= 28683msec
    slat (usec): min=18, max=9152, avg=32.97, stdev=102.45
    clat (usec): min=869, max=1257.3K, avg=6966.86, stdev=7713.40
     lat (msec): min=1, max=1257, avg= 7.00, stdev= 7.72
    clat percentiles (usec):
     |  1.00th=[ 3952],  5.00th=[ 5664], 10.00th=[ 6432], 20.00th=[ 6496],
     | 30.00th=[ 6816], 40.00th=[ 6880], 50.00th=[ 6880], 60.00th=[ 6880],
     | 70.00th=[ 6880], 80.00th=[ 6880], 90.00th=[ 6880], 95.00th=[ 6880],
     | 99.00th=[ 9024], 99.50th=[28544], 99.90th=[60160], 99.95th=[82432],
     | 99.99th=[99840]
    bw (KB  /s): min=118272, max=157952, per=100.00%, avg=146348.65, stdev=7757.20
    lat (usec) : 1000=0.01%
    lat (msec) : 2=0.03%, 4=1.25%, 10=97.74%, 20=0.24%, 50=0.48%
    lat (msec) : 100=0.25%, 250=0.01%, 2000=0.01%
  cpu          : usr=0.00%, sys=5.61%, ctx=32692, majf=0, minf=291
  IO depths    : 1=0.1%, 2=0.1%, 4=0.1%, 8=100.0%, 16=0.0%, 32=0.0%, >=64=0.0%
     submit    : 0=0.0%, 4=100.0%, 8=0.0%, 16=0.0%, 32=0.0%, 64=0.0%, >=64=0.0%
     complete  : 0=0.0%, 4=100.0%, 8=0.1%, 16=0.0%, 32=0.0%, 64=0.0%, >=64=0.0%
     issued    : total=r=0/w=32768/d=0, short=r=0/w=0/d=0

Run status group 0 (all jobs):
  WRITE: io=4096.0MB, aggrb=146229KB/s, minb=146229KB/s, maxb=146229KB/s, mint=28683msec, maxt=28683msec

Disk stats (read/write):
  sda: ios=0/32633, merge=0/208, ticks=0/224980, in_queue=224976, util=99.89%
