file1: (g=0): rw=write, bs=128K-128K/128K-128K/128K-128K, ioengine=libaio, iodepth=8
fio-2.1.3
Starting 1 process
file1: Laying out IO file(s) (1 file(s) / 4096MB)

file1: (groupid=0, jobs=1): err= 0: pid=27724: Fri Jul 10 00:07:11 2015
  write: io=4096.0MB, bw=240100KB/s, iops=1875, runt= 17469msec
    slat (usec): min=20, max=143, avg=66.26, stdev=12.43
    clat (usec): min=639, max=15235, avg=4191.45, stdev=1220.67
     lat (usec): min=712, max=15304, avg=4258.41, stdev=1220.39
    clat percentiles (usec):
     |  1.00th=[ 3760],  5.00th=[ 3792], 10.00th=[ 3792], 20.00th=[ 3824],
     | 30.00th=[ 3824], 40.00th=[ 3824], 50.00th=[ 3856], 60.00th=[ 3856],
     | 70.00th=[ 3888], 80.00th=[ 3952], 90.00th=[ 4768], 95.00th=[ 5920],
     | 99.00th=[11328], 99.50th=[12224], 99.90th=[13632], 99.95th=[14016],
     | 99.99th=[14784]
    bw (KB  /s): min=218624, max=249856, per=100.00%, avg=240208.15, stdev=5416.60
    lat (usec) : 750=0.01%, 1000=0.01%
    lat (msec) : 2=0.03%, 4=83.58%, 10=14.64%, 20=1.73%
  cpu          : usr=3.89%, sys=21.17%, ctx=33439, majf=0, minf=25
  IO depths    : 1=0.1%, 2=0.1%, 4=0.1%, 8=100.0%, 16=0.0%, 32=0.0%, >=64=0.0%
     submit    : 0=0.0%, 4=100.0%, 8=0.0%, 16=0.0%, 32=0.0%, 64=0.0%, >=64=0.0%
     complete  : 0=0.0%, 4=100.0%, 8=0.1%, 16=0.0%, 32=0.0%, 64=0.0%, >=64=0.0%
     issued    : total=r=0/w=32768/d=0, short=r=0/w=0/d=0

Run status group 0 (all jobs):
  WRITE: io=4096.0MB, aggrb=240099KB/s, minb=240099KB/s, maxb=240099KB/s, mint=17469msec, maxt=17469msec

Disk stats (read/write):
  sda: ios=0/32661, merge=0/106, ticks=0/133656, in_queue=133624, util=99.51%
