file1: (g=0): rw=write, bs=128K-128K/128K-128K/128K-128K, ioengine=libaio, iodepth=8
fio-2.1.3
Starting 1 process
file1: Laying out IO file(s) (1 file(s) / 4096MB)

file1: (groupid=0, jobs=1): err= 0: pid=11209: Thu Jul  9 18:53:11 2015
  write: io=4096.0MB, bw=101229KB/s, iops=790, runt= 41434msec
    slat (usec): min=41, max=322, avg=66.30, stdev=22.11
    clat (msec): min=1, max=135, avg=10.04, stdev= 5.37
     lat (msec): min=1, max=135, avg=10.11, stdev= 5.37
    clat percentiles (msec):
     |  1.00th=[    5],  5.00th=[    8], 10.00th=[    8], 20.00th=[    9],
     | 30.00th=[    9], 40.00th=[    9], 50.00th=[    9], 60.00th=[    9],
     | 70.00th=[    9], 80.00th=[   10], 90.00th=[   17], 95.00th=[   17],
     | 99.00th=[   25], 99.50th=[   31], 99.90th=[   78], 99.95th=[   95],
     | 99.99th=[  135]
    bw (KB  /s): min=67072, max=111681, per=100.00%, avg=101320.16, stdev=6956.01
    lat (msec) : 2=0.01%, 4=0.53%, 10=80.10%, 20=18.00%, 50=1.06%
    lat (msec) : 100=0.25%, 250=0.05%
  cpu          : usr=1.19%, sys=5.05%, ctx=5528, majf=0, minf=1615
  IO depths    : 1=0.1%, 2=0.1%, 4=0.1%, 8=100.0%, 16=0.0%, 32=0.0%, >=64=0.0%
     submit    : 0=0.0%, 4=100.0%, 8=0.0%, 16=0.0%, 32=0.0%, 64=0.0%, >=64=0.0%
     complete  : 0=0.0%, 4=100.0%, 8=0.1%, 16=0.0%, 32=0.0%, 64=0.0%, >=64=0.0%
     issued    : total=r=0/w=32768/d=0, short=r=0/w=0/d=0

Run status group 0 (all jobs):
  WRITE: io=4096.0MB, aggrb=101228KB/s, minb=101228KB/s, maxb=101228KB/s, mint=41434msec, maxt=41434msec

Disk stats (read/write):
  sda: ios=0/32507, merge=0/272, ticks=0/309436, in_queue=309432, util=99.88%
