file1: (g=0): rw=read, bs=128K-128K/128K-128K/128K-128K, ioengine=libaio, iodepth=8
fio-2.1.3
Starting 1 process
file1: Laying out IO file(s) (1 file(s) / 4096MB)

file1: (groupid=0, jobs=1): err= 0: pid=10901: Thu Jul  9 18:39:29 2015
  read : io=4096.0MB, bw=115042KB/s, iops=898, runt= 36459msec
    slat (usec): min=24, max=249, avg=63.67, stdev= 6.67
    clat (usec): min=5981, max=33918, avg=8826.94, stdev=787.37
     lat (usec): min=6045, max=33943, avg=8891.42, stdev=787.33
    clat percentiles (usec):
     |  1.00th=[ 7584],  5.00th=[ 7584], 10.00th=[ 8768], 20.00th=[ 8896],
     | 30.00th=[ 8896], 40.00th=[ 8896], 50.00th=[ 8896], 60.00th=[ 8896],
     | 70.00th=[ 8896], 80.00th=[ 8896], 90.00th=[ 8896], 95.00th=[ 8896],
     | 99.00th=[10688], 99.50th=[10688], 99.90th=[19072], 99.95th=[21376],
     | 99.99th=[34048]
    bw (KB  /s): min=106240, max=115968, per=100.00%, avg=115150.57, stdev=1306.15
    lat (msec) : 10=97.87%, 20=2.07%, 50=0.06%
  cpu          : usr=1.50%, sys=9.65%, ctx=33391, majf=0, minf=1872
  IO depths    : 1=0.1%, 2=0.1%, 4=0.1%, 8=100.0%, 16=0.0%, 32=0.0%, >=64=0.0%
     submit    : 0=0.0%, 4=100.0%, 8=0.0%, 16=0.0%, 32=0.0%, 64=0.0%, >=64=0.0%
     complete  : 0=0.0%, 4=100.0%, 8=0.1%, 16=0.0%, 32=0.0%, 64=0.0%, >=64=0.0%
     issued    : total=r=32768/w=0/d=0, short=r=0/w=0/d=0

Run status group 0 (all jobs):
   READ: io=4096.0MB, aggrb=115041KB/s, minb=115041KB/s, maxb=115041KB/s, mint=36459msec, maxt=36459msec

Disk stats (read/write):
  sda: ios=32738/4, merge=12/1, ticks=287148/76, in_queue=287180, util=99.85%
