file1: (g=0): rw=write, bs=128K-128K/128K-128K/128K-128K, ioengine=libaio, iodepth=8
fio-2.1.3
Starting 1 process
file1: Laying out IO file(s) (1 file(s) / 4096MB)

file1: (groupid=0, jobs=1): err= 0: pid=3589: Fri Jul 10 18:21:06 2015
  write: io=4096.0MB, bw=86466KB/s, iops=675, runt= 48508msec
    slat (usec): min=19, max=10318, avg=90.13, stdev=147.57
    clat (usec): min=614, max=175331, avg=11744.91, stdev=4301.93
     lat (usec): min=694, max=175377, avg=11835.74, stdev=4332.55
    clat percentiles (msec):
     |  1.00th=[    6],  5.00th=[   12], 10.00th=[   12], 20.00th=[   12],
     | 30.00th=[   12], 40.00th=[   12], 50.00th=[   12], 60.00th=[   12],
     | 70.00th=[   12], 80.00th=[   13], 90.00th=[   13], 95.00th=[   13],
     | 99.00th=[   22], 99.50th=[   35], 99.90th=[   72], 99.95th=[   84],
     | 99.99th=[  176]
    bw (KB  /s): min=55894, max=93253, per=100.00%, avg=86689.05, stdev=5464.82
    lat (usec) : 750=0.01%
    lat (msec) : 2=0.01%, 4=0.26%, 10=1.11%, 20=97.53%, 50=0.87%
    lat (msec) : 100=0.20%, 250=0.02%
  cpu          : usr=2.27%, sys=10.55%, ctx=33568, majf=0, minf=1615
  IO depths    : 1=0.1%, 2=0.1%, 4=0.1%, 8=100.0%, 16=0.0%, 32=0.0%, >=64=0.0%
     submit    : 0=0.0%, 4=100.0%, 8=0.0%, 16=0.0%, 32=0.0%, 64=0.0%, >=64=0.0%
     complete  : 0=0.0%, 4=100.0%, 8=0.1%, 16=0.0%, 32=0.0%, 64=0.0%, >=64=0.0%
     issued    : total=r=0/w=32768/d=0, short=r=0/w=0/d=0

Run status group 0 (all jobs):
  WRITE: io=4096.0MB, aggrb=86466KB/s, minb=86466KB/s, maxb=86466KB/s, mint=48508msec, maxt=48508msec

Disk stats (read/write):
  sda: ios=0/32666, merge=0/331, ticks=0/374276, in_queue=374256, util=99.97%
