file1: (g=0): rw=read, bs=128K-128K/128K-128K/128K-128K, ioengine=libaio, iodepth=8
fio-2.1.3
Starting 1 process
file1: Laying out IO file(s) (1 file(s) / 4096MB)

file1: (groupid=0, jobs=1): err= 0: pid=8635: Thu Jul  9 18:09:12 2015
  read : io=4096.0MB, bw=106010KB/s, iops=828, runt= 39565msec
    slat (usec): min=21, max=128, avg=26.43, stdev= 4.73
    clat (usec): min=8772, max=33759, avg=9628.27, stdev=783.19
     lat (usec): min=8894, max=33783, avg=9655.13, stdev=783.20
    clat percentiles (usec):
     |  1.00th=[ 9152],  5.00th=[ 9280], 10.00th=[ 9280], 20.00th=[ 9408],
     | 30.00th=[ 9408], 40.00th=[ 9536], 50.00th=[ 9536], 60.00th=[ 9536],
     | 70.00th=[ 9792], 80.00th=[ 9792], 90.00th=[10048], 95.00th=[10048],
     | 99.00th=[11200], 99.50th=[12864], 99.90th=[23936], 99.95th=[27520],
     | 99.99th=[33536]
    bw (KB  /s): min=98304, max=109056, per=100.00%, avg=106094.05, stdev=2437.98
    lat (msec) : 10=86.86%, 20=13.02%, 50=0.12%
  cpu          : usr=0.74%, sys=3.93%, ctx=33168, majf=0, minf=282
  IO depths    : 1=0.1%, 2=0.1%, 4=0.1%, 8=100.0%, 16=0.0%, 32=0.0%, >=64=0.0%
     submit    : 0=0.0%, 4=100.0%, 8=0.0%, 16=0.0%, 32=0.0%, 64=0.0%, >=64=0.0%
     complete  : 0=0.0%, 4=100.0%, 8=0.1%, 16=0.0%, 32=0.0%, 64=0.0%, >=64=0.0%
     issued    : total=r=32768/w=0/d=0, short=r=0/w=0/d=0

Run status group 0 (all jobs):
   READ: io=4096.0MB, aggrb=106010KB/s, minb=106010KB/s, maxb=106010KB/s, mint=39565msec, maxt=39565msec

Disk stats (read/write):
  sda: ios=32680/7, merge=0/2, ticks=313804/7560, in_queue=321372, util=99.82%
