file1: (g=0): rw=read, bs=128K-128K/128K-128K/128K-128K, ioengine=libaio, iodepth=8
fio-2.1.3
Starting 1 process
file1: Laying out IO file(s) (1 file(s) / 4096MB)

file1: (groupid=0, jobs=1): err= 0: pid=2003: Wed Jul  8 14:52:27 2015
  read : io=4096.0MB, bw=79083KB/s, iops=617, runt= 53037msec
    slat (usec): min=15, max=409, avg=26.82, stdev= 5.11
    clat (msec): min=1, max=48, avg=12.92, stdev= 1.24
     lat (msec): min=1, max=48, avg=12.94, stdev= 1.24
    clat percentiles (usec):
     |  1.00th=[11968],  5.00th=[12224], 10.00th=[12224], 20.00th=[12224],
     | 30.00th=[12224], 40.00th=[12352], 50.00th=[13248], 60.00th=[13248],
     | 70.00th=[13248], 80.00th=[13248], 90.00th=[13376], 95.00th=[13504],
     | 99.00th=[17280], 99.50th=[19072], 99.90th=[29568], 99.95th=[32384],
     | 99.99th=[48384]
    bw (KB  /s): min=73216, max=83456, per=99.87%, avg=78977.00, stdev=3296.41
    lat (msec) : 2=0.01%, 4=0.01%, 10=0.69%, 20=99.03%, 50=0.28%
  cpu          : usr=0.55%, sys=2.98%, ctx=33164, majf=0, minf=282
  IO depths    : 1=0.1%, 2=0.1%, 4=0.1%, 8=100.0%, 16=0.0%, 32=0.0%, >=64=0.0%
     submit    : 0=0.0%, 4=100.0%, 8=0.0%, 16=0.0%, 32=0.0%, 64=0.0%, >=64=0.0%
     complete  : 0=0.0%, 4=100.0%, 8=0.1%, 16=0.0%, 32=0.0%, 64=0.0%, >=64=0.0%
     issued    : total=r=32768/w=0/d=0, short=r=0/w=0/d=0

Run status group 0 (all jobs):
   READ: io=4096.0MB, aggrb=79082KB/s, minb=79082KB/s, maxb=79082KB/s, mint=53037msec, maxt=53037msec

Disk stats (read/write):
  sda: ios=32704/6, merge=0/2, ticks=422008/6060, in_queue=428056, util=99.89%
