file1: (g=0): rw=write, bs=128K-128K/128K-128K/128K-128K, ioengine=libaio, iodepth=8
fio-2.1.3
Starting 1 process
file1: Laying out IO file(s) (1 file(s) / 4096MB)

file1: (groupid=0, jobs=1): err= 0: pid=22075: Thu Jul  9 18:52:07 2015
  write: io=4096.0MB, bw=89643KB/s, iops=700, runt= 46789msec
    slat (usec): min=37, max=174589, avg=121.18, stdev=972.99
    clat (msec): min=1, max=434, avg=11.29, stdev=13.81
     lat (msec): min=1, max=441, avg=11.41, stdev=13.89
    clat percentiles (msec):
     |  1.00th=[    5],  5.00th=[    5], 10.00th=[   10], 20.00th=[   10],
     | 30.00th=[   10], 40.00th=[   10], 50.00th=[   11], 60.00th=[   11],
     | 70.00th=[   11], 80.00th=[   11], 90.00th=[   13], 95.00th=[   13],
     | 99.00th=[   27], 99.50th=[  126], 99.90th=[  190], 99.95th=[  208],
     | 99.99th=[  437]
    bw (KB  /s): min=34208, max=119808, per=100.00%, avg=90260.70, stdev=13556.15
    lat (msec) : 2=0.01%, 4=0.16%, 10=52.93%, 20=45.20%, 50=1.09%
    lat (msec) : 100=0.07%, 250=0.49%, 500=0.05%
  cpu          : usr=1.92%, sys=10.85%, ctx=33890, majf=0, minf=2146
  IO depths    : 1=0.1%, 2=0.1%, 4=0.1%, 8=100.0%, 16=0.0%, 32=0.0%, >=64=0.0%
     submit    : 0=0.0%, 4=100.0%, 8=0.0%, 16=0.0%, 32=0.0%, 64=0.0%, >=64=0.0%
     complete  : 0=0.0%, 4=100.0%, 8=0.1%, 16=0.0%, 32=0.0%, 64=0.0%, >=64=0.0%
     issued    : total=r=0/w=32768/d=0, short=r=0/w=0/d=0

Run status group 0 (all jobs):
  WRITE: io=4096.0MB, aggrb=89642KB/s, minb=89642KB/s, maxb=89642KB/s, mint=46789msec, maxt=46789msec

Disk stats (read/write):
  sda: ios=0/32611, merge=0/315, ticks=0/360152, in_queue=360080, util=99.90%
