file1: (g=0): rw=read, bs=128K-128K/128K-128K/128K-128K, ioengine=libaio, iodepth=8
fio-2.1.3
Starting 1 process
file1: Laying out IO file(s) (1 file(s) / 4096MB)

file1: (groupid=0, jobs=1): err= 0: pid=3194: Fri Jul 10 18:04:10 2015
  read : io=4096.0MB, bw=107679KB/s, iops=841, runt= 38952msec
    slat (usec): min=24, max=230, avg=56.21, stdev= 8.42
    clat (msec): min=2, max=86, avg= 9.45, stdev= 2.23
     lat (msec): min=2, max=86, avg= 9.50, stdev= 2.23
    clat percentiles (usec):
     |  1.00th=[ 7840],  5.00th=[ 9024], 10.00th=[ 9024], 20.00th=[ 9024],
     | 30.00th=[ 9280], 40.00th=[ 9280], 50.00th=[ 9280], 60.00th=[ 9408],
     | 70.00th=[ 9408], 80.00th=[ 9408], 90.00th=[ 9408], 95.00th=[ 9536],
     | 99.00th=[16064], 99.50th=[17280], 99.90th=[34560], 99.95th=[72192],
     | 99.99th=[86528]
    bw (KB  /s): min=79782, max=114432, per=100.00%, avg=107813.03, stdev=4545.23
    lat (msec) : 4=0.31%, 10=96.56%, 20=2.98%, 50=0.07%, 100=0.07%
  cpu          : usr=1.21%, sys=8.23%, ctx=33385, majf=0, minf=1342
  IO depths    : 1=0.1%, 2=0.1%, 4=0.1%, 8=100.0%, 16=0.0%, 32=0.0%, >=64=0.0%
     submit    : 0=0.0%, 4=100.0%, 8=0.0%, 16=0.0%, 32=0.0%, 64=0.0%, >=64=0.0%
     complete  : 0=0.0%, 4=100.0%, 8=0.1%, 16=0.0%, 32=0.0%, 64=0.0%, >=64=0.0%
     issued    : total=r=32768/w=0/d=0, short=r=0/w=0/d=0

Run status group 0 (all jobs):
   READ: io=4096.0MB, aggrb=107678KB/s, minb=107678KB/s, maxb=107678KB/s, mint=38952msec, maxt=38952msec

Disk stats (read/write):
  sda: ios=32535/12, merge=36/5, ticks=304452/388, in_queue=304796, util=99.92%
