file1: (g=0): rw=write, bs=128K-128K/128K-128K/128K-128K, ioengine=libaio, iodepth=8
fio-2.1.3
Starting 1 process
file1: Laying out IO file(s) (1 file(s) / 4096MB)

file1: (groupid=0, jobs=1): err= 0: pid=8891: Thu Jul  9 18:18:52 2015
  write: io=4096.0MB, bw=80482KB/s, iops=628, runt= 52115msec
    slat (usec): min=21, max=28292, avg=48.84, stdev=368.07
    clat (msec): min=10, max=126, avg=12.67, stdev= 2.78
     lat (msec): min=10, max=126, avg=12.72, stdev= 2.81
    clat percentiles (msec):
     |  1.00th=[   12],  5.00th=[   12], 10.00th=[   12], 20.00th=[   13],
     | 30.00th=[   13], 40.00th=[   13], 50.00th=[   13], 60.00th=[   13],
     | 70.00th=[   14], 80.00th=[   14], 90.00th=[   14], 95.00th=[   14],
     | 99.00th=[   18], 99.50th=[   21], 99.90th=[   31], 99.95th=[   40],
     | 99.99th=[  127]
    bw (KB  /s): min=64256, max=86610, per=100.00%, avg=80535.41, stdev=4085.52
    lat (msec) : 20=99.48%, 50=0.47%, 250=0.05%
  cpu          : usr=1.44%, sys=6.21%, ctx=33227, majf=0, minf=25
  IO depths    : 1=0.1%, 2=0.1%, 4=0.1%, 8=100.0%, 16=0.0%, 32=0.0%, >=64=0.0%
     submit    : 0=0.0%, 4=100.0%, 8=0.0%, 16=0.0%, 32=0.0%, 64=0.0%, >=64=0.0%
     complete  : 0=0.0%, 4=100.0%, 8=0.1%, 16=0.0%, 32=0.0%, 64=0.0%, >=64=0.0%
     issued    : total=r=0/w=32768/d=0, short=r=0/w=0/d=0

Run status group 0 (all jobs):
  WRITE: io=4096.0MB, aggrb=80481KB/s, minb=80481KB/s, maxb=80481KB/s, mint=52115msec, maxt=52115msec

Disk stats (read/write):
  sda: ios=0/32734, merge=0/276, ticks=0/442376, in_queue=442396, util=99.88%
