file1: (g=0): rw=write, bs=128K-128K/128K-128K/128K-128K, ioengine=libaio, iodepth=8
fio-2.1.3
Starting 1 process
file1: Laying out IO file(s) (1 file(s) / 4096MB)

file1: (groupid=0, jobs=1): err= 0: pid=3487: Fri Jul 10 18:17:57 2015
  write: io=4096.0MB, bw=94505KB/s, iops=738, runt= 44382msec
    slat (usec): min=28, max=9220, avg=82.42, stdev=51.75
    clat (usec): min=636, max=268771, avg=10745.33, stdev=5019.77
     lat (usec): min=743, max=268817, avg=10828.44, stdev=5018.16
    clat percentiles (msec):
     |  1.00th=[    9],  5.00th=[   11], 10.00th=[   11], 20.00th=[   11],
     | 30.00th=[   11], 40.00th=[   11], 50.00th=[   11], 60.00th=[   11],
     | 70.00th=[   11], 80.00th=[   11], 90.00th=[   12], 95.00th=[   12],
     | 99.00th=[   14], 99.50th=[   29], 99.90th=[   58], 99.95th=[   70],
     | 99.99th=[  269]
    bw (KB  /s): min=51383, max=102144, per=100.00%, avg=94602.92, stdev=6666.69
    lat (usec) : 750=0.01%
    lat (msec) : 2=0.01%, 4=0.23%, 10=4.41%, 20=94.65%, 50=0.47%
    lat (msec) : 100=0.17%, 250=0.02%, 500=0.02%
  cpu          : usr=1.93%, sys=8.46%, ctx=33472, majf=0, minf=1350
  IO depths    : 1=0.1%, 2=0.1%, 4=0.1%, 8=100.0%, 16=0.0%, 32=0.0%, >=64=0.0%
     submit    : 0=0.0%, 4=100.0%, 8=0.0%, 16=0.0%, 32=0.0%, 64=0.0%, >=64=0.0%
     complete  : 0=0.0%, 4=100.0%, 8=0.1%, 16=0.0%, 32=0.0%, 64=0.0%, >=64=0.0%
     issued    : total=r=0/w=32768/d=0, short=r=0/w=0/d=0

Run status group 0 (all jobs):
  WRITE: io=4096.0MB, aggrb=94504KB/s, minb=94504KB/s, maxb=94504KB/s, mint=44382msec, maxt=44382msec

Disk stats (read/write):
  sda: ios=0/32569, merge=0/326, ticks=0/341928, in_queue=341936, util=99.96%
