file1: (g=0): rw=read, bs=128K-128K/128K-128K/128K-128K, ioengine=libaio, iodepth=8
fio-2.1.3
Starting 1 process
file1: Laying out IO file(s) (1 file(s) / 4096MB)

file1: (groupid=0, jobs=1): err= 0: pid=13584: Wed Jul  8 15:21:42 2015
  read : io=4096.0MB, bw=107312KB/s, iops=838, runt= 39085msec
    slat (usec): min=22, max=297, avg=73.19, stdev= 8.68
    clat (msec): min=5, max=72, avg= 9.46, stdev= 1.41
     lat (msec): min=5, max=72, avg= 9.53, stdev= 1.41
    clat percentiles (usec):
     |  1.00th=[ 7968],  5.00th=[ 9024], 10.00th=[ 9024], 20.00th=[ 9024],
     | 30.00th=[ 9152], 40.00th=[ 9152], 50.00th=[ 9152], 60.00th=[ 9152],
     | 70.00th=[ 9280], 80.00th=[10176], 90.00th=[10176], 95.00th=[10176],
     | 99.00th=[11584], 99.50th=[12608], 99.90th=[19584], 99.95th=[34560],
     | 99.99th=[72192]
    bw (KB  /s): min=80896, max=112384, per=100.00%, avg=107414.53, stdev=5639.67
    lat (msec) : 10=76.28%, 20=23.62%, 50=0.06%, 100=0.04%
  cpu          : usr=1.52%, sys=10.28%, ctx=33570, majf=0, minf=1077
  IO depths    : 1=0.1%, 2=0.1%, 4=0.1%, 8=100.0%, 16=0.0%, 32=0.0%, >=64=0.0%
     submit    : 0=0.0%, 4=100.0%, 8=0.0%, 16=0.0%, 32=0.0%, 64=0.0%, >=64=0.0%
     complete  : 0=0.0%, 4=100.0%, 8=0.1%, 16=0.0%, 32=0.0%, 64=0.0%, >=64=0.0%
     issued    : total=r=32768/w=0/d=0, short=r=0/w=0/d=0

Run status group 0 (all jobs):
   READ: io=4096.0MB, aggrb=107312KB/s, minb=107312KB/s, maxb=107312KB/s, mint=39085msec, maxt=39085msec

Disk stats (read/write):
  sda: ios=32618/5, merge=12/1, ticks=306632/92, in_queue=306668, util=99.89%
