file1: (g=0): rw=read, bs=128K-128K/128K-128K/128K-128K, ioengine=libaio, iodepth=8
fio-2.1.3
Starting 1 process
file1: Laying out IO file(s) (1 file(s) / 4096MB)

file1: (groupid=0, jobs=1): err= 0: pid=10994: Thu Jul  9 18:44:54 2015
  read : io=4096.0MB, bw=110173KB/s, iops=860, runt= 38070msec
    slat (usec): min=24, max=241, avg=65.06, stdev= 7.75
    clat (usec): min=6251, max=34155, avg=9218.97, stdev=752.30
     lat (usec): min=6316, max=34180, avg=9284.88, stdev=752.19
    clat percentiles (usec):
     |  1.00th=[ 7840],  5.00th=[ 9024], 10.00th=[ 9152], 20.00th=[ 9152],
     | 30.00th=[ 9152], 40.00th=[ 9152], 50.00th=[ 9152], 60.00th=[ 9280],
     | 70.00th=[ 9280], 80.00th=[ 9280], 90.00th=[ 9280], 95.00th=[ 9280],
     | 99.00th=[11072], 99.50th=[11072], 99.90th=[17536], 99.95th=[25984],
     | 99.99th=[34048]
    bw (KB  /s): min=102144, max=112128, per=100.00%, avg=110276.22, stdev=1564.88
    lat (msec) : 10=97.88%, 20=2.06%, 50=0.07%
  cpu          : usr=1.46%, sys=9.26%, ctx=33388, majf=0, minf=1872
  IO depths    : 1=0.1%, 2=0.1%, 4=0.1%, 8=100.0%, 16=0.0%, 32=0.0%, >=64=0.0%
     submit    : 0=0.0%, 4=100.0%, 8=0.0%, 16=0.0%, 32=0.0%, 64=0.0%, >=64=0.0%
     complete  : 0=0.0%, 4=100.0%, 8=0.1%, 16=0.0%, 32=0.0%, 64=0.0%, >=64=0.0%
     issued    : total=r=32768/w=0/d=0, short=r=0/w=0/d=0

Run status group 0 (all jobs):
   READ: io=4096.0MB, aggrb=110173KB/s, minb=110173KB/s, maxb=110173KB/s, mint=38070msec, maxt=38070msec

Disk stats (read/write):
  sda: ios=32543/4, merge=12/1, ticks=298240/68, in_queue=298280, util=99.86%
