file1: (g=0): rw=write, bs=128K-128K/128K-128K/128K-128K, ioengine=libaio, iodepth=8
fio-2.1.3
Starting 1 process
file1: Laying out IO file(s) (1 file(s) / 4096MB)

file1: (groupid=0, jobs=1): err= 0: pid=6320: Wed Jul  8 15:36:25 2015
  write: io=4096.0MB, bw=120825KB/s, iops=943, runt= 34714msec
    slat (usec): min=41, max=390, avg=65.36, stdev=22.49
    clat (msec): min=1, max=143, avg= 8.41, stdev= 4.03
     lat (msec): min=1, max=143, avg= 8.47, stdev= 4.02
    clat percentiles (msec):
     |  1.00th=[    5],  5.00th=[    7], 10.00th=[    7], 20.00th=[    7],
     | 30.00th=[    8], 40.00th=[    8], 50.00th=[    8], 60.00th=[    8],
     | 70.00th=[    8], 80.00th=[    8], 90.00th=[   14], 95.00th=[   15],
     | 99.00th=[   17], 99.50th=[   31], 99.90th=[   50], 99.95th=[   53],
     | 99.99th=[  119]
    bw (KB  /s): min=89898, max=129019, per=100.00%, avg=121030.87, stdev=5725.12
    lat (msec) : 2=0.07%, 4=0.74%, 10=83.12%, 20=15.16%, 50=0.81%
    lat (msec) : 100=0.07%, 250=0.02%
  cpu          : usr=1.26%, sys=6.10%, ctx=5484, majf=0, minf=1350
  IO depths    : 1=0.1%, 2=0.1%, 4=0.1%, 8=100.0%, 16=0.0%, 32=0.0%, >=64=0.0%
     submit    : 0=0.0%, 4=100.0%, 8=0.0%, 16=0.0%, 32=0.0%, 64=0.0%, >=64=0.0%
     complete  : 0=0.0%, 4=100.0%, 8=0.1%, 16=0.0%, 32=0.0%, 64=0.0%, >=64=0.0%
     issued    : total=r=0/w=32768/d=0, short=r=0/w=0/d=0

Run status group 0 (all jobs):
  WRITE: io=4096.0MB, aggrb=120824KB/s, minb=120824KB/s, maxb=120824KB/s, mint=34714msec, maxt=34714msec

Disk stats (read/write):
  sda: ios=0/32657, merge=0/240, ticks=0/259296, in_queue=259268, util=99.83%
