file1: (g=0): rw=read, bs=128K-128K/128K-128K/128K-128K, ioengine=libaio, iodepth=8
fio-2.1.3
Starting 1 process
file1: Laying out IO file(s) (1 file(s) / 4096MB)

file1: (groupid=0, jobs=1): err= 0: pid=13660: Wed Jul  8 15:25:55 2015
  read : io=4096.0MB, bw=106128KB/s, iops=829, runt= 39521msec
    slat (usec): min=22, max=278, avg=72.46, stdev= 9.20
    clat (msec): min=4, max=169, avg= 9.57, stdev= 3.15
     lat (msec): min=4, max=169, avg= 9.64, stdev= 3.15
    clat percentiles (msec):
     |  1.00th=[    8],  5.00th=[   10], 10.00th=[   10], 20.00th=[   10],
     | 30.00th=[   10], 40.00th=[   10], 50.00th=[   10], 60.00th=[   10],
     | 70.00th=[   10], 80.00th=[   11], 90.00th=[   11], 95.00th=[   11],
     | 99.00th=[   12], 99.50th=[   18], 99.90th=[   51], 99.95th=[   53],
     | 99.99th=[  169]
    bw (KB  /s): min=72868, max=112384, per=100.00%, avg=106203.38, stdev=7054.87
    lat (msec) : 10=75.28%, 20=24.44%, 50=0.11%, 100=0.15%, 250=0.02%
  cpu          : usr=1.49%, sys=10.02%, ctx=33632, majf=0, minf=1872
  IO depths    : 1=0.1%, 2=0.1%, 4=0.1%, 8=100.0%, 16=0.0%, 32=0.0%, >=64=0.0%
     submit    : 0=0.0%, 4=100.0%, 8=0.0%, 16=0.0%, 32=0.0%, 64=0.0%, >=64=0.0%
     complete  : 0=0.0%, 4=100.0%, 8=0.1%, 16=0.0%, 32=0.0%, 64=0.0%, >=64=0.0%
     issued    : total=r=32768/w=0/d=0, short=r=0/w=0/d=0

Run status group 0 (all jobs):
   READ: io=4096.0MB, aggrb=106128KB/s, minb=106128KB/s, maxb=106128KB/s, mint=39521msec, maxt=39521msec

Disk stats (read/write):
  sda: ios=32663/24, merge=48/9, ticks=308596/528, in_queue=309076, util=99.90%
