file1: (g=0): rw=read, bs=128K-128K/128K-128K/128K-128K, ioengine=libaio, iodepth=8
fio-2.1.3
Starting 1 process
file1: Laying out IO file(s) (1 file(s) / 512MB)

file1: (groupid=0, jobs=1): err= 0: pid=39497: Wed Jun 24 20:29:28 2015
  read : io=524288KB, bw=146983KB/s, iops=1148, runt=  3567msec
    slat (usec): min=21, max=108, avg=42.72, stdev= 5.19
    clat (usec): min=641, max=19399, avg=6913.87, stdev=746.10
     lat (usec): min=755, max=19441, avg=6957.25, stdev=745.71
    clat percentiles (usec):
     |  1.00th=[ 6048],  5.00th=[ 6048], 10.00th=[ 6048], 20.00th=[ 6496],
     | 30.00th=[ 6944], 40.00th=[ 6944], 50.00th=[ 6944], 60.00th=[ 6944],
     | 70.00th=[ 6944], 80.00th=[ 7392], 90.00th=[ 7392], 95.00th=[ 7456],
     | 99.00th=[ 7456], 99.50th=[ 8768], 99.90th=[18048], 99.95th=[18816],
     | 99.99th=[19328]
    bw (KB  /s): min=137984, max=151808, per=99.99%, avg=146973.71, stdev=6103.14
    lat (usec) : 750=0.02%
    lat (msec) : 2=0.07%, 4=0.05%, 10=99.39%, 20=0.46%
  cpu          : usr=1.60%, sys=9.23%, ctx=4170, majf=0, minf=283
  IO depths    : 1=0.1%, 2=0.1%, 4=0.1%, 8=99.8%, 16=0.0%, 32=0.0%, >=64=0.0%
     submit    : 0=0.0%, 4=100.0%, 8=0.0%, 16=0.0%, 32=0.0%, 64=0.0%, >=64=0.0%
     complete  : 0=0.0%, 4=100.0%, 8=0.1%, 16=0.0%, 32=0.0%, 64=0.0%, >=64=0.0%
     issued    : total=r=4096/w=0/d=0, short=r=0/w=0/d=0

Run status group 0 (all jobs):
   READ: io=524288KB, aggrb=146982KB/s, minb=146982KB/s, maxb=146982KB/s, mint=3567msec, maxt=3567msec

Disk stats (read/write):
  sdb: ios=3819/0, merge=0/0, ticks=26304/0, in_queue=26312, util=97.11%
