file1: (g=0): rw=read, bs=128K-128K/128K-128K/128K-128K, ioengine=libaio, iodepth=8
fio-2.1.3
Starting 1 process
file1: Laying out IO file(s) (1 file(s) / 512MB)

file1: (groupid=0, jobs=1): err= 0: pid=23743: Wed Jul  8 10:09:49 2015
  read : io=524288KB, bw=80265KB/s, iops=627, runt=  6532msec
    slat (usec): min=11, max=152, avg=20.67, stdev= 4.19
    clat (usec): min=5556, max=22645, avg=12730.04, stdev=632.40
     lat (usec): min=5577, max=22665, avg=12750.99, stdev=631.77
    clat percentiles (usec):
     |  1.00th=[12352],  5.00th=[12352], 10.00th=[12352], 20.00th=[12352],
     | 30.00th=[12608], 40.00th=[12608], 50.00th=[12608], 60.00th=[12736],
     | 70.00th=[12736], 80.00th=[12992], 90.00th=[12992], 95.00th=[12992],
     | 99.00th=[13888], 99.50th=[15936], 99.90th=[20352], 99.95th=[21120],
     | 99.99th=[22656]
    bw (KB  /s): min=78946, max=81408, per=100.00%, avg=80349.08, stdev=930.36
    lat (msec) : 10=0.39%, 20=99.49%, 50=0.12%
  cpu          : usr=0.00%, sys=3.06%, ctx=4090, majf=0, minf=282
  IO depths    : 1=0.1%, 2=0.1%, 4=0.1%, 8=99.8%, 16=0.0%, 32=0.0%, >=64=0.0%
     submit    : 0=0.0%, 4=100.0%, 8=0.0%, 16=0.0%, 32=0.0%, 64=0.0%, >=64=0.0%
     complete  : 0=0.0%, 4=100.0%, 8=0.1%, 16=0.0%, 32=0.0%, 64=0.0%, >=64=0.0%
     issued    : total=r=4096/w=0/d=0, short=r=0/w=0/d=0

Run status group 0 (all jobs):
   READ: io=524288KB, aggrb=80264KB/s, minb=80264KB/s, maxb=80264KB/s, mint=6532msec, maxt=6532msec

Disk stats (read/write):
  sda: ios=3978/0, merge=0/1, ticks=50528/0, in_queue=51216, util=98.52%
