file1: (g=0): rw=read, bs=128K-128K/128K-128K/128K-128K, ioengine=libaio, iodepth=8
fio-2.1.3
Starting 1 process
file1: Laying out IO file(s) (1 file(s) / 4096MB)

file1: (groupid=0, jobs=1): err= 0: pid=10924: Thu Jul  9 18:40:48 2015
  read : io=4096.0MB, bw=115057KB/s, iops=898, runt= 36454msec
    slat (usec): min=24, max=283, avg=63.38, stdev= 6.60
    clat (usec): min=4687, max=38024, avg=8826.27, stdev=869.21
     lat (usec): min=4751, max=38073, avg=8890.45, stdev=868.93
    clat percentiles (usec):
     |  1.00th=[ 7584],  5.00th=[ 7584], 10.00th=[ 8768], 20.00th=[ 8896],
     | 30.00th=[ 8896], 40.00th=[ 8896], 50.00th=[ 8896], 60.00th=[ 8896],
     | 70.00th=[ 8896], 80.00th=[ 8896], 90.00th=[ 8896], 95.00th=[ 8896],
     | 99.00th=[10688], 99.50th=[10688], 99.90th=[17280], 99.95th=[32128],
     | 99.99th=[34048]
    bw (KB  /s): min=103936, max=115968, per=100.00%, avg=115138.35, stdev=1613.91
    lat (msec) : 10=97.90%, 20=2.03%, 50=0.07%
  cpu          : usr=1.52%, sys=9.48%, ctx=33403, majf=0, minf=1872
  IO depths    : 1=0.1%, 2=0.1%, 4=0.1%, 8=100.0%, 16=0.0%, 32=0.0%, >=64=0.0%
     submit    : 0=0.0%, 4=100.0%, 8=0.0%, 16=0.0%, 32=0.0%, 64=0.0%, >=64=0.0%
     complete  : 0=0.0%, 4=100.0%, 8=0.1%, 16=0.0%, 32=0.0%, 64=0.0%, >=64=0.0%
     issued    : total=r=32768/w=0/d=0, short=r=0/w=0/d=0

Run status group 0 (all jobs):
   READ: io=4096.0MB, aggrb=115057KB/s, minb=115057KB/s, maxb=115057KB/s, mint=36454msec, maxt=36454msec

Disk stats (read/write):
  sda: ios=32573/4, merge=12/1, ticks=285652/84, in_queue=285660, util=99.84%
