file1: (g=0): rw=write, bs=128K-128K/128K-128K/128K-128K, ioengine=libaio, iodepth=8
fio-2.1.3
Starting 1 process
file1: Laying out IO file(s) (1 file(s) / 4096MB)

file1: (groupid=0, jobs=1): err= 0: pid=29463: Thu Jul  9 15:23:12 2015
  write: io=4096.0MB, bw=142765KB/s, iops=1115, runt= 29379msec
    slat (usec): min=18, max=8754, avg=32.83, stdev=97.89
    clat (msec): min=1, max=913, avg= 7.14, stdev= 6.28
     lat (msec): min=1, max=913, avg= 7.17, stdev= 6.29
    clat percentiles (msec):
     |  1.00th=[    5],  5.00th=[    7], 10.00th=[    7], 20.00th=[    7],
     | 30.00th=[    8], 40.00th=[    8], 50.00th=[    8], 60.00th=[    8],
     | 70.00th=[    8], 80.00th=[    8], 90.00th=[    8], 95.00th=[    8],
     | 99.00th=[   10], 99.50th=[   28], 99.90th=[   87], 99.95th=[   93],
     | 99.99th=[  125]
    bw (KB  /s): min=102201, max=151808, per=100.00%, avg=142903.09, stdev=9908.53
    lat (msec) : 2=0.03%, 4=0.89%, 10=98.09%, 20=0.16%, 50=0.65%
    lat (msec) : 100=0.16%, 250=0.02%, 1000=0.01%
  cpu          : usr=0.00%, sys=5.45%, ctx=32681, majf=0, minf=291
  IO depths    : 1=0.1%, 2=0.1%, 4=0.1%, 8=100.0%, 16=0.0%, 32=0.0%, >=64=0.0%
     submit    : 0=0.0%, 4=100.0%, 8=0.0%, 16=0.0%, 32=0.0%, 64=0.0%, >=64=0.0%
     complete  : 0=0.0%, 4=100.0%, 8=0.1%, 16=0.0%, 32=0.0%, 64=0.0%, >=64=0.0%
     issued    : total=r=0/w=32768/d=0, short=r=0/w=0/d=0

Run status group 0 (all jobs):
  WRITE: io=4096.0MB, aggrb=142765KB/s, minb=142765KB/s, maxb=142765KB/s, mint=29379msec, maxt=29379msec

Disk stats (read/write):
  sda: ios=0/32475, merge=0/268, ticks=0/233284, in_queue=233256, util=99.76%
