file1: (g=0): rw=read, bs=128K-128K/128K-128K/128K-128K, ioengine=libaio, iodepth=8
fio-2.1.3
Starting 1 process
file1: Laying out IO file(s) (1 file(s) / 4096MB)

file1: (groupid=0, jobs=1): err= 0: pid=21822: Thu Jul  9 18:40:33 2015
  read : io=4096.0MB, bw=99575KB/s, iops=777, runt= 42122msec
    slat (usec): min=22, max=272, avg=72.19, stdev= 8.88
    clat (msec): min=5, max=2016, avg=10.20, stdev=11.22
     lat (msec): min=5, max=2016, avg=10.27, stdev=11.22
    clat percentiles (usec):
     |  1.00th=[ 8512],  5.00th=[ 9536], 10.00th=[ 9536], 20.00th=[ 9536],
     | 30.00th=[ 9792], 40.00th=[ 9792], 50.00th=[ 9792], 60.00th=[ 9920],
     | 70.00th=[ 9920], 80.00th=[10816], 90.00th=[10816], 95.00th=[11968],
     | 99.00th=[12352], 99.50th=[13376], 99.90th=[24192], 99.95th=[53504],
     | 99.99th=[91648]
    bw (KB  /s): min=83800, max=104750, per=100.00%, avg=99656.61, stdev=4790.14
    lat (msec) : 10=73.51%, 20=26.31%, 50=0.09%, 100=0.08%, >=2000=0.01%
  cpu          : usr=1.41%, sys=9.54%, ctx=33694, majf=0, minf=547
  IO depths    : 1=0.1%, 2=0.1%, 4=0.1%, 8=100.0%, 16=0.0%, 32=0.0%, >=64=0.0%
     submit    : 0=0.0%, 4=100.0%, 8=0.0%, 16=0.0%, 32=0.0%, 64=0.0%, >=64=0.0%
     complete  : 0=0.0%, 4=100.0%, 8=0.1%, 16=0.0%, 32=0.0%, 64=0.0%, >=64=0.0%
     issued    : total=r=32768/w=0/d=0, short=r=0/w=0/d=0

Run status group 0 (all jobs):
   READ: io=4096.0MB, aggrb=99575KB/s, minb=99575KB/s, maxb=99575KB/s, mint=42122msec, maxt=42122msec

Disk stats (read/write):
  sda: ios=32607/5, merge=12/1, ticks=330668/92, in_queue=330704, util=99.91%
