file1: (g=0): rw=read, bs=128K-128K/128K-128K/128K-128K, ioengine=libaio, iodepth=8
fio-2.1.3
Starting 1 process
file1: Laying out IO file(s) (1 file(s) / 4096MB)

file1: (groupid=0, jobs=1): err= 0: pid=21947: Thu Jul  9 18:48:11 2015
  read : io=4096.0MB, bw=98759KB/s, iops=771, runt= 42470msec
    slat (usec): min=22, max=268, avg=72.40, stdev= 8.95
    clat (msec): min=5, max=2017, avg=10.29, stdev=14.06
     lat (msec): min=5, max=2017, avg=10.36, stdev=14.06
    clat percentiles (usec):
     |  1.00th=[ 8512],  5.00th=[ 8896], 10.00th=[ 9536], 20.00th=[ 9536],
     | 30.00th=[ 9792], 40.00th=[ 9920], 50.00th=[ 9920], 60.00th=[ 9920],
     | 70.00th=[10048], 80.00th=[10816], 90.00th=[11072], 95.00th=[11968],
     | 99.00th=[12608], 99.50th=[16064], 99.90th=[26496], 99.95th=[50944],
     | 99.99th=[75264]
    bw (KB  /s): min=83800, max=104960, per=100.00%, avg=98846.87, stdev=5023.20
    lat (msec) : 10=61.67%, 20=38.13%, 50=0.14%, 100=0.05%, 2000=0.01%
    lat (msec) : >=2000=0.01%
  cpu          : usr=1.41%, sys=9.44%, ctx=33722, majf=0, minf=1607
  IO depths    : 1=0.1%, 2=0.1%, 4=0.1%, 8=100.0%, 16=0.0%, 32=0.0%, >=64=0.0%
     submit    : 0=0.0%, 4=100.0%, 8=0.0%, 16=0.0%, 32=0.0%, 64=0.0%, >=64=0.0%
     complete  : 0=0.0%, 4=100.0%, 8=0.1%, 16=0.0%, 32=0.0%, 64=0.0%, >=64=0.0%
     issued    : total=r=32768/w=0/d=0, short=r=0/w=0/d=0

Run status group 0 (all jobs):
   READ: io=4096.0MB, aggrb=98759KB/s, minb=98759KB/s, maxb=98759KB/s, mint=42470msec, maxt=42470msec

Disk stats (read/write):
  sda: ios=32737/5, merge=12/1, ticks=333328/92, in_queue=334884, util=99.92%
