file1: (g=0): rw=write, bs=128K-128K/128K-128K/128K-128K, ioengine=libaio, iodepth=8
fio-2.1.3
Starting 1 process
file1: Laying out IO file(s) (1 file(s) / 4096MB)

file1: (groupid=0, jobs=1): err= 0: pid=27654: Fri Jul 10 00:06:17 2015
  write: io=4096.0MB, bw=238625KB/s, iops=1864, runt= 17577msec
    slat (usec): min=14, max=5726, avg=66.35, stdev=43.22
    clat (usec): min=628, max=127011, avg=4217.92, stdev=2250.46
     lat (usec): min=752, max=127082, avg=4284.96, stdev=2250.19
    clat percentiles (msec):
     |  1.00th=[    4],  5.00th=[    4], 10.00th=[    4], 20.00th=[    4],
     | 30.00th=[    4], 40.00th=[    4], 50.00th=[    4], 60.00th=[    4],
     | 70.00th=[    4], 80.00th=[    4], 90.00th=[    5], 95.00th=[    7],
     | 99.00th=[   12], 99.50th=[   12], 99.90th=[   14], 99.95th=[   15],
     | 99.99th=[  126]
    bw (KB  /s): min=192206, max=249600, per=100.00%, avg=239277.85, stdev=9760.72
    lat (usec) : 750=0.01%, 1000=0.01%
    lat (msec) : 2=0.03%, 4=84.10%, 10=14.04%, 20=1.78%, 250=0.02%
  cpu          : usr=3.83%, sys=20.94%, ctx=33404, majf=0, minf=25
  IO depths    : 1=0.1%, 2=0.1%, 4=0.1%, 8=100.0%, 16=0.0%, 32=0.0%, >=64=0.0%
     submit    : 0=0.0%, 4=100.0%, 8=0.0%, 16=0.0%, 32=0.0%, 64=0.0%, >=64=0.0%
     complete  : 0=0.0%, 4=100.0%, 8=0.1%, 16=0.0%, 32=0.0%, 64=0.0%, >=64=0.0%
     issued    : total=r=0/w=32768/d=0, short=r=0/w=0/d=0

Run status group 0 (all jobs):
  WRITE: io=4096.0MB, aggrb=238624KB/s, minb=238624KB/s, maxb=238624KB/s, mint=17577msec, maxt=17577msec

Disk stats (read/write):
  sda: ios=0/32534, merge=0/284, ticks=0/134096, in_queue=134048, util=99.51%
