file1: (g=0): rw=write, bs=128K-128K/128K-128K/128K-128K, ioengine=libaio, iodepth=8
fio-2.1.3
Starting 1 process
file1: Laying out IO file(s) (1 file(s) / 4096MB)

file1: (groupid=0, jobs=1): err= 0: pid=14014: Wed Jul  8 15:39:33 2015
  write: io=4096.0MB, bw=95455KB/s, iops=745, runt= 43940msec
    slat (usec): min=34, max=170338, avg=121.88, stdev=948.37
    clat (msec): min=1, max=316, avg=10.60, stdev=12.47
     lat (msec): min=1, max=316, avg=10.72, stdev=12.53
    clat percentiles (msec):
     |  1.00th=[    5],  5.00th=[    5], 10.00th=[   10], 20.00th=[   10],
     | 30.00th=[   10], 40.00th=[   10], 50.00th=[   10], 60.00th=[   10],
     | 70.00th=[   10], 80.00th=[   11], 90.00th=[   11], 95.00th=[   12],
     | 99.00th=[   28], 99.50th=[  125], 99.90th=[  192], 99.95th=[  198],
     | 99.99th=[  219]
    bw (KB  /s): min=60836, max=108800, per=100.00%, avg=96108.27, stdev=12367.80
    lat (msec) : 2=0.01%, 4=0.14%, 10=75.60%, 20=22.84%, 50=0.77%
    lat (msec) : 250=0.65%, 500=0.01%
  cpu          : usr=2.01%, sys=11.58%, ctx=33832, majf=0, minf=2145
  IO depths    : 1=0.1%, 2=0.1%, 4=0.1%, 8=100.0%, 16=0.0%, 32=0.0%, >=64=0.0%
     submit    : 0=0.0%, 4=100.0%, 8=0.0%, 16=0.0%, 32=0.0%, 64=0.0%, >=64=0.0%
     complete  : 0=0.0%, 4=100.0%, 8=0.1%, 16=0.0%, 32=0.0%, 64=0.0%, >=64=0.0%
     issued    : total=r=0/w=32768/d=0, short=r=0/w=0/d=0

Run status group 0 (all jobs):
  WRITE: io=4096.0MB, aggrb=95455KB/s, minb=95455KB/s, maxb=95455KB/s, mint=43940msec, maxt=43940msec

Disk stats (read/write):
  sda: ios=0/32693, merge=0/312, ticks=0/342028, in_queue=341928, util=99.92%
