file1: (g=0): rw=write, bs=128K-128K/128K-128K/128K-128K, ioengine=libaio, iodepth=8
fio-2.1.3
Starting 1 process
file1: Laying out IO file(s) (1 file(s) / 4096MB)

file1: (groupid=0, jobs=1): err= 0: pid=18293: Thu Jul  9 18:57:12 2015
  write: io=4096.0MB, bw=75221KB/s, iops=587, runt= 55760msec
    slat (usec): min=38, max=28146, avg=113.97, stdev=263.45
    clat (msec): min=2, max=257, avg=13.49, stdev= 8.86
     lat (msec): min=2, max=257, avg=13.60, stdev= 8.91
    clat percentiles (msec):
     |  1.00th=[    5],  5.00th=[   11], 10.00th=[   11], 20.00th=[   11],
     | 30.00th=[   12], 40.00th=[   12], 50.00th=[   12], 60.00th=[   12],
     | 70.00th=[   13], 80.00th=[   13], 90.00th=[   20], 95.00th=[   21],
     | 99.00th=[   41], 99.50th=[   53], 99.90th=[  135], 99.95th=[  145],
     | 99.99th=[  241]
    bw (KB  /s): min=37469, max=88576, per=100.00%, avg=75380.05, stdev=10000.26
    lat (msec) : 4=0.11%, 10=2.58%, 20=89.44%, 50=7.29%, 100=0.36%
    lat (msec) : 250=0.22%, 500=0.01%
  cpu          : usr=1.48%, sys=8.88%, ctx=33879, majf=0, minf=555
  IO depths    : 1=0.1%, 2=0.1%, 4=0.1%, 8=100.0%, 16=0.0%, 32=0.0%, >=64=0.0%
     submit    : 0=0.0%, 4=100.0%, 8=0.0%, 16=0.0%, 32=0.0%, 64=0.0%, >=64=0.0%
     complete  : 0=0.0%, 4=100.0%, 8=0.1%, 16=0.0%, 32=0.0%, 64=0.0%, >=64=0.0%
     issued    : total=r=0/w=32768/d=0, short=r=0/w=0/d=0

Run status group 0 (all jobs):
  WRITE: io=4096.0MB, aggrb=75220KB/s, minb=75220KB/s, maxb=75220KB/s, mint=55760msec, maxt=55760msec

Disk stats (read/write):
  sda: ios=0/32655, merge=0/357, ticks=0/433036, in_queue=433000, util=99.96%
