file1: (g=0): rw=write, bs=128K-128K/128K-128K/128K-128K, ioengine=libaio, iodepth=8
fio-2.1.3
Starting 1 process
file1: Laying out IO file(s) (1 file(s) / 4096MB)

file1: (groupid=0, jobs=1): err= 0: pid=29556: Thu Jul  9 15:25:14 2015
  write: io=4096.0MB, bw=138202KB/s, iops=1079, runt= 30349msec
    slat (usec): min=17, max=7407, avg=32.72, stdev=89.59
    clat (msec): min=1, max=89, avg= 7.37, stdev= 3.49
     lat (msec): min=1, max=89, avg= 7.41, stdev= 3.50
    clat percentiles (usec):
     |  1.00th=[ 4192],  5.00th=[ 6752], 10.00th=[ 6816], 20.00th=[ 6944],
     | 30.00th=[ 7200], 40.00th=[ 7200], 50.00th=[ 7200], 60.00th=[ 7200],
     | 70.00th=[ 7264], 80.00th=[ 7264], 90.00th=[ 7328], 95.00th=[ 7328],
     | 99.00th=[ 9408], 99.50th=[30336], 99.90th=[61184], 99.95th=[63744],
     | 99.99th=[89600]
    bw (KB  /s): min=107776, max=147200, per=100.00%, avg=138305.75, stdev=7155.56
    lat (msec) : 2=0.02%, 4=0.74%, 10=98.30%, 20=0.16%, 50=0.46%
    lat (msec) : 100=0.32%
  cpu          : usr=0.00%, sys=5.09%, ctx=32693, majf=0, minf=290
  IO depths    : 1=0.1%, 2=0.1%, 4=0.1%, 8=100.0%, 16=0.0%, 32=0.0%, >=64=0.0%
     submit    : 0=0.0%, 4=100.0%, 8=0.0%, 16=0.0%, 32=0.0%, 64=0.0%, >=64=0.0%
     complete  : 0=0.0%, 4=100.0%, 8=0.1%, 16=0.0%, 32=0.0%, 64=0.0%, >=64=0.0%
     issued    : total=r=0/w=32768/d=0, short=r=0/w=0/d=0

Run status group 0 (all jobs):
  WRITE: io=4096.0MB, aggrb=138202KB/s, minb=138202KB/s, maxb=138202KB/s, mint=30349msec, maxt=30349msec

Disk stats (read/write):
  sda: ios=0/32508, merge=0/269, ticks=0/239976, in_queue=239956, util=99.74%
