file1: (g=0): rw=write, bs=128K-128K/128K-128K/128K-128K, ioengine=libaio, iodepth=8
fio-2.1.3
Starting 1 process
file1: Laying out IO file(s) (1 file(s) / 4096MB)

file1: (groupid=0, jobs=1): err= 0: pid=8842: Thu Jul  9 18:17:13 2015
  write: io=4096.0MB, bw=101655KB/s, iops=794, runt= 41260msec
    slat (usec): min=21, max=20930, avg=42.75, stdev=145.86
    clat (msec): min=3, max=82, avg=10.03, stdev= 1.70
     lat (msec): min=3, max=82, avg=10.07, stdev= 1.71
    clat percentiles (usec):
     |  1.00th=[ 9408],  5.00th=[ 9536], 10.00th=[ 9536], 20.00th=[ 9664],
     | 30.00th=[ 9792], 40.00th=[ 9792], 50.00th=[10048], 60.00th=[10048],
     | 70.00th=[10048], 80.00th=[10176], 90.00th=[10304], 95.00th=[10304],
     | 99.00th=[12864], 99.50th=[17536], 99.90th=[25984], 99.95th=[30848],
     | 99.99th=[82432]
    bw (KB  /s): min=85760, max=105984, per=100.00%, avg=101813.89, stdev=3560.95
    lat (msec) : 4=0.01%, 10=51.71%, 20=47.95%, 50=0.29%, 100=0.05%
  cpu          : usr=1.89%, sys=7.74%, ctx=33207, majf=0, minf=25
  IO depths    : 1=0.1%, 2=0.1%, 4=0.1%, 8=100.0%, 16=0.0%, 32=0.0%, >=64=0.0%
     submit    : 0=0.0%, 4=100.0%, 8=0.0%, 16=0.0%, 32=0.0%, 64=0.0%, >=64=0.0%
     complete  : 0=0.0%, 4=100.0%, 8=0.1%, 16=0.0%, 32=0.0%, 64=0.0%, >=64=0.0%
     issued    : total=r=0/w=32768/d=0, short=r=0/w=0/d=0

Run status group 0 (all jobs):
  WRITE: io=4096.0MB, aggrb=101655KB/s, minb=101655KB/s, maxb=101655KB/s, mint=41260msec, maxt=41260msec

Disk stats (read/write):
  sda: ios=0/32768, merge=0/216, ticks=0/340096, in_queue=340072, util=99.87%
