file1: (g=0): rw=read, bs=128K-128K/128K-128K/128K-128K, ioengine=libaio, iodepth=8
fio-2.1.3
Starting 1 process
file1: Laying out IO file(s) (1 file(s) / 4096MB)

file1: (groupid=0, jobs=1): err= 0: pid=3240: Fri Jul 10 18:06:58 2015
  read : io=4096.0MB, bw=107521KB/s, iops=840, runt= 39009msec
    slat (usec): min=18, max=294, avg=54.32, stdev= 7.93
    clat (msec): min=2, max=86, avg= 9.46, stdev= 1.83
     lat (msec): min=2, max=86, avg= 9.52, stdev= 1.83
    clat percentiles (usec):
     |  1.00th=[ 8096],  5.00th=[ 9152], 10.00th=[ 9280], 20.00th=[ 9280],
     | 30.00th=[ 9280], 40.00th=[ 9280], 50.00th=[ 9408], 60.00th=[ 9408],
     | 70.00th=[ 9408], 80.00th=[ 9408], 90.00th=[ 9664], 95.00th=[ 9792],
     | 99.00th=[11584], 99.50th=[15040], 99.90th=[21120], 99.95th=[38656],
     | 99.99th=[85504]
    bw (KB  /s): min=90624, max=110115, per=100.00%, avg=107622.57, stdev=2924.56
    lat (msec) : 4=0.31%, 10=97.74%, 20=1.85%, 50=0.05%, 100=0.05%
  cpu          : usr=1.21%, sys=8.10%, ctx=33432, majf=0, minf=1872
  IO depths    : 1=0.1%, 2=0.1%, 4=0.1%, 8=100.0%, 16=0.0%, 32=0.0%, >=64=0.0%
     submit    : 0=0.0%, 4=100.0%, 8=0.0%, 16=0.0%, 32=0.0%, 64=0.0%, >=64=0.0%
     complete  : 0=0.0%, 4=100.0%, 8=0.1%, 16=0.0%, 32=0.0%, 64=0.0%, >=64=0.0%
     issued    : total=r=32768/w=0/d=0, short=r=0/w=0/d=0

Run status group 0 (all jobs):
   READ: io=4096.0MB, aggrb=107521KB/s, minb=107521KB/s, maxb=107521KB/s, mint=39009msec, maxt=39009msec

Disk stats (read/write):
  sda: ios=32678/9, merge=24/2, ticks=306300/284, in_queue=306572, util=99.92%
