file1: (g=0): rw=read, bs=128K-128K/128K-128K/128K-128K, ioengine=libaio, iodepth=8
fio-2.1.3
Starting 1 process
file1: Laying out IO file(s) (1 file(s) / 512MB)

file1: (groupid=0, jobs=1): err= 0: pid=23769: Wed Jul  8 10:10:18 2015
  read : io=524288KB, bw=78604KB/s, iops=614, runt=  6670msec
    slat (usec): min=11, max=122, avg=20.47, stdev= 3.81
    clat (msec): min=6, max=118, avg=13.00, stdev= 4.72
     lat (msec): min=6, max=118, avg=13.02, stdev= 4.72
    clat percentiles (msec):
     |  1.00th=[   13],  5.00th=[   13], 10.00th=[   13], 20.00th=[   13],
     | 30.00th=[   13], 40.00th=[   13], 50.00th=[   13], 60.00th=[   13],
     | 70.00th=[   13], 80.00th=[   13], 90.00th=[   13], 95.00th=[   13],
     | 99.00th=[   17], 99.50th=[   22], 99.90th=[  118], 99.95th=[  119],
     | 99.99th=[  120]
    bw (KB  /s): min=61952, max=81408, per=100.00%, avg=78660.54, stdev=5124.62
    lat (msec) : 10=0.24%, 20=99.02%, 50=0.54%, 250=0.20%
  cpu          : usr=0.00%, sys=2.88%, ctx=4088, majf=0, minf=282
  IO depths    : 1=0.1%, 2=0.1%, 4=0.1%, 8=99.8%, 16=0.0%, 32=0.0%, >=64=0.0%
     submit    : 0=0.0%, 4=100.0%, 8=0.0%, 16=0.0%, 32=0.0%, 64=0.0%, >=64=0.0%
     complete  : 0=0.0%, 4=100.0%, 8=0.1%, 16=0.0%, 32=0.0%, 64=0.0%, >=64=0.0%
     issued    : total=r=4096/w=0/d=0, short=r=0/w=0/d=0

Run status group 0 (all jobs):
   READ: io=524288KB, aggrb=78603KB/s, minb=78603KB/s, maxb=78603KB/s, mint=6670msec, maxt=6670msec

Disk stats (read/write):
  sda: ios=4056/23, merge=12/20, ticks=52016/22968, in_queue=75056, util=98.63%
