file1: (g=0): rw=write, bs=128K-128K/128K-128K/128K-128K, ioengine=libaio, iodepth=8
fio-2.1.3
Starting 1 process
file1: Laying out IO file(s) (1 file(s) / 4096MB)

file1: (groupid=0, jobs=1): err= 0: pid=27777: Fri Jul 10 00:07:47 2015
  write: io=4096.0MB, bw=239565KB/s, iops=1871, runt= 17508msec
    slat (usec): min=25, max=3404, avg=62.86, stdev=21.96
    clat (usec): min=646, max=127347, avg=4204.54, stdev=2241.52
     lat (usec): min=779, max=127412, avg=4268.09, stdev=2241.32
    clat percentiles (msec):
     |  1.00th=[    4],  5.00th=[    4], 10.00th=[    4], 20.00th=[    4],
     | 30.00th=[    4], 40.00th=[    4], 50.00th=[    4], 60.00th=[    4],
     | 70.00th=[    4], 80.00th=[    4], 90.00th=[    5], 95.00th=[    6],
     | 99.00th=[   12], 99.50th=[   12], 99.90th=[   13], 99.95th=[   16],
     | 99.99th=[  127]
    bw (KB  /s): min=226048, max=250368, per=100.00%, avg=241471.56, stdev=4403.38
    lat (usec) : 750=0.01%, 1000=0.01%
    lat (msec) : 2=0.03%, 4=84.52%, 10=13.62%, 20=1.79%, 250=0.02%
  cpu          : usr=3.64%, sys=19.28%, ctx=33384, majf=0, minf=25
  IO depths    : 1=0.1%, 2=0.1%, 4=0.1%, 8=100.0%, 16=0.0%, 32=0.0%, >=64=0.0%
     submit    : 0=0.0%, 4=100.0%, 8=0.0%, 16=0.0%, 32=0.0%, 64=0.0%, >=64=0.0%
     complete  : 0=0.0%, 4=100.0%, 8=0.1%, 16=0.0%, 32=0.0%, 64=0.0%, >=64=0.0%
     issued    : total=r=0/w=32768/d=0, short=r=0/w=0/d=0

Run status group 0 (all jobs):
  WRITE: io=4096.0MB, aggrb=239564KB/s, minb=239564KB/s, maxb=239564KB/s, mint=17508msec, maxt=17508msec

Disk stats (read/write):
  sda: ios=0/32622, merge=0/240, ticks=0/134260, in_queue=134240, util=99.51%
