file1: (g=0): rw=read, bs=128K-128K/128K-128K/128K-128K, ioengine=libaio, iodepth=8
fio-2.1.3
Starting 1 process
file1: Laying out IO file(s) (1 file(s) / 512MB)

file1: (groupid=0, jobs=1): err= 0: pid=23694: Wed Jul  8 10:09:06 2015
  read : io=524288KB, bw=83752KB/s, iops=654, runt=  6260msec
    slat (usec): min=18, max=120, avg=20.29, stdev= 3.86
    clat (usec): min=4346, max=21895, avg=12198.68, stdev=595.48
     lat (usec): min=4367, max=21980, avg=12219.24, stdev=596.58
    clat percentiles (usec):
     |  1.00th=[11968],  5.00th=[11968], 10.00th=[11968], 20.00th=[11968],
     | 30.00th=[11968], 40.00th=[11968], 50.00th=[11968], 60.00th=[12352],
     | 70.00th=[12352], 80.00th=[12352], 90.00th=[12352], 95.00th=[12352],
     | 99.00th=[14144], 99.50th=[15808], 99.90th=[20608], 99.95th=[21376],
     | 99.99th=[21888]
    bw (KB  /s): min=82267, max=84224, per=100.00%, avg=83833.92, stdev=547.54
    lat (msec) : 10=0.20%, 20=99.66%, 50=0.15%
  cpu          : usr=0.00%, sys=3.20%, ctx=4104, majf=0, minf=283
  IO depths    : 1=0.1%, 2=0.1%, 4=0.1%, 8=99.8%, 16=0.0%, 32=0.0%, >=64=0.0%
     submit    : 0=0.0%, 4=100.0%, 8=0.0%, 16=0.0%, 32=0.0%, 64=0.0%, >=64=0.0%
     complete  : 0=0.0%, 4=100.0%, 8=0.1%, 16=0.0%, 32=0.0%, 64=0.0%, >=64=0.0%
     issued    : total=r=4096/w=0/d=0, short=r=0/w=0/d=0

Run status group 0 (all jobs):
   READ: io=524288KB, aggrb=83752KB/s, minb=83752KB/s, maxb=83752KB/s, mint=6260msec, maxt=6260msec

Disk stats (read/write):
  sda: ios=3993/21, merge=0/29, ticks=48636/31552, in_queue=80828, util=98.52%
