file1: (g=0): rw=read, bs=128K-128K/128K-128K/128K-128K, ioengine=libaio, iodepth=8
fio-2.1.3
Starting 1 process
file1: Laying out IO file(s) (1 file(s) / 4096MB)

file1: (groupid=0, jobs=1): err= 0: pid=3301: Fri Jul 10 18:09:52 2015
  read : io=4096.0MB, bw=102852KB/s, iops=803, runt= 40780msec
    slat (usec): min=24, max=269, avg=56.27, stdev= 8.22
    clat (msec): min=2, max=130, avg= 9.89, stdev= 3.49
     lat (msec): min=2, max=131, avg= 9.95, stdev= 3.49
    clat percentiles (msec):
     |  1.00th=[   10],  5.00th=[   10], 10.00th=[   10], 20.00th=[   10],
     | 30.00th=[   10], 40.00th=[   10], 50.00th=[   10], 60.00th=[   10],
     | 70.00th=[   10], 80.00th=[   10], 90.00th=[   10], 95.00th=[   11],
     | 99.00th=[   13], 99.50th=[   18], 99.90th=[   82], 99.95th=[   87],
     | 99.99th=[  129]
    bw (KB  /s): min=65176, max=109312, per=100.00%, avg=103008.12, stdev=6191.77
    lat (msec) : 4=0.76%, 10=92.97%, 20=5.96%, 50=0.14%, 100=0.15%
    lat (msec) : 250=0.02%
  cpu          : usr=1.16%, sys=7.90%, ctx=33459, majf=0, minf=1872
  IO depths    : 1=0.1%, 2=0.1%, 4=0.1%, 8=100.0%, 16=0.0%, 32=0.0%, >=64=0.0%
     submit    : 0=0.0%, 4=100.0%, 8=0.0%, 16=0.0%, 32=0.0%, 64=0.0%, >=64=0.0%
     complete  : 0=0.0%, 4=100.0%, 8=0.1%, 16=0.0%, 32=0.0%, 64=0.0%, >=64=0.0%
     issued    : total=r=32768/w=0/d=0, short=r=0/w=0/d=0

Run status group 0 (all jobs):
   READ: io=4096.0MB, aggrb=102851KB/s, minb=102851KB/s, maxb=102851KB/s, mint=40780msec, maxt=40780msec

Disk stats (read/write):
  sda: ios=32678/34, merge=60/11, ticks=318272/976, in_queue=319200, util=99.91%
