file1: (g=0): rw=write, bs=128K-128K/128K-128K/128K-128K, ioengine=libaio, iodepth=8
fio-2.1.3
Starting 1 process
file1: Laying out IO file(s) (1 file(s) / 4096MB)

file1: (groupid=0, jobs=1): err= 0: pid=3538: Fri Jul 10 18:19:30 2015
  write: io=4096.0MB, bw=90130KB/s, iops=704, runt= 46536msec
    slat (usec): min=40, max=10040, avg=95.14, stdev=151.80
    clat (usec): min=661, max=256839, avg=11258.37, stdev=5045.93
     lat (usec): min=830, max=256890, avg=11354.19, stdev=5069.02
    clat percentiles (msec):
     |  1.00th=[    5],  5.00th=[   11], 10.00th=[   11], 20.00th=[   11],
     | 30.00th=[   11], 40.00th=[   11], 50.00th=[   11], 60.00th=[   11],
     | 70.00th=[   11], 80.00th=[   11], 90.00th=[   13], 95.00th=[   13],
     | 99.00th=[   24], 99.50th=[   31], 99.90th=[   72], 99.95th=[   75],
     | 99.99th=[  258]
    bw (KB  /s): min=49428, max=94208, per=100.00%, avg=90241.47, stdev=6217.92
    lat (usec) : 750=0.01%
    lat (msec) : 2=0.01%, 4=0.23%, 10=1.64%, 20=96.83%, 50=1.07%
    lat (msec) : 100=0.18%, 500=0.02%
  cpu          : usr=2.49%, sys=11.96%, ctx=33656, majf=0, minf=820
  IO depths    : 1=0.1%, 2=0.1%, 4=0.1%, 8=100.0%, 16=0.0%, 32=0.0%, >=64=0.0%
     submit    : 0=0.0%, 4=100.0%, 8=0.0%, 16=0.0%, 32=0.0%, 64=0.0%, >=64=0.0%
     complete  : 0=0.0%, 4=100.0%, 8=0.1%, 16=0.0%, 32=0.0%, 64=0.0%, >=64=0.0%
     issued    : total=r=0/w=32768/d=0, short=r=0/w=0/d=0

Run status group 0 (all jobs):
  WRITE: io=4096.0MB, aggrb=90130KB/s, minb=90130KB/s, maxb=90130KB/s, mint=46536msec, maxt=46536msec

Disk stats (read/write):
  sda: ios=0/32649, merge=0/344, ticks=0/358012, in_queue=357956, util=99.96%
