file1: (g=0): rw=write, bs=128K-128K/128K-128K/128K-128K, ioengine=libaio, iodepth=8
fio-2.1.3
Starting 1 process
file1: Laying out IO file(s) (1 file(s) / 4096MB)

file1: (groupid=0, jobs=1): err= 0: pid=3459: Fri Jul 10 18:17:12 2015
  write: io=4096.0MB, bw=98050KB/s, iops=766, runt= 42777msec
    slat (usec): min=39, max=9308, avg=92.48, stdev=141.34
    clat (usec): min=804, max=220545, avg=10343.57, stdev=5019.99
     lat (usec): min=958, max=227789, avg=10436.73, stdev=5058.82
    clat percentiles (msec):
     |  1.00th=[    5],  5.00th=[   10], 10.00th=[   10], 20.00th=[   10],
     | 30.00th=[   10], 40.00th=[   10], 50.00th=[   11], 60.00th=[   11],
     | 70.00th=[   11], 80.00th=[   11], 90.00th=[   11], 95.00th=[   12],
     | 99.00th=[   22], 99.50th=[   30], 99.90th=[   69], 99.95th=[  123],
     | 99.99th=[  221]
    bw (KB  /s): min=54528, max=102144, per=100.00%, avg=98136.60, stdev=7285.65
    lat (usec) : 1000=0.01%
    lat (msec) : 2=0.01%, 4=0.24%, 10=47.00%, 20=51.75%, 50=0.78%
    lat (msec) : 100=0.15%, 250=0.07%
  cpu          : usr=2.58%, sys=12.20%, ctx=33558, majf=0, minf=1880
  IO depths    : 1=0.1%, 2=0.1%, 4=0.1%, 8=100.0%, 16=0.0%, 32=0.0%, >=64=0.0%
     submit    : 0=0.0%, 4=100.0%, 8=0.0%, 16=0.0%, 32=0.0%, 64=0.0%, >=64=0.0%
     complete  : 0=0.0%, 4=100.0%, 8=0.1%, 16=0.0%, 32=0.0%, 64=0.0%, >=64=0.0%
     issued    : total=r=0/w=32768/d=0, short=r=0/w=0/d=0

Run status group 0 (all jobs):
  WRITE: io=4096.0MB, aggrb=98050KB/s, minb=98050KB/s, maxb=98050KB/s, mint=42777msec, maxt=42777msec

Disk stats (read/write):
  sda: ios=0/32660, merge=0/345, ticks=0/328232, in_queue=328164, util=99.94%
