file1: (g=0): rw=read, bs=128K-128K/128K-128K/128K-128K, ioengine=libaio, iodepth=8
fio-2.1.3
Starting 1 process
file1: Laying out IO file(s) (1 file(s) / 4096MB)

file1: (groupid=0, jobs=1): err= 0: pid=29182: Thu Jul  9 15:14:59 2015
  read : io=4096.0MB, bw=86491KB/s, iops=675, runt= 48494msec
    slat (usec): min=11, max=132, avg=21.80, stdev= 2.64
    clat (msec): min=2, max=1552, avg=11.81, stdev=20.82
     lat (msec): min=3, max=1552, avg=11.84, stdev=20.82
    clat percentiles (msec):
     |  1.00th=[    4],  5.00th=[    7], 10.00th=[    7], 20.00th=[   12],
     | 30.00th=[   13], 40.00th=[   13], 50.00th=[   13], 60.00th=[   13],
     | 70.00th=[   13], 80.00th=[   13], 90.00th=[   13], 95.00th=[   13],
     | 99.00th=[   15], 99.50th=[   21], 99.90th=[   45], 99.95th=[   62],
     | 99.99th=[ 1532]
    bw (KB  /s): min=65024, max=153088, per=99.46%, avg=86025.80, stdev=18660.78
    lat (msec) : 4=2.77%, 10=16.06%, 20=80.66%, 50=0.45%, 100=0.04%
    lat (msec) : 2000=0.02%
  cpu          : usr=0.00%, sys=3.64%, ctx=32803, majf=0, minf=547
  IO depths    : 1=0.1%, 2=0.1%, 4=0.1%, 8=100.0%, 16=0.0%, 32=0.0%, >=64=0.0%
     submit    : 0=0.0%, 4=100.0%, 8=0.0%, 16=0.0%, 32=0.0%, 64=0.0%, >=64=0.0%
     complete  : 0=0.0%, 4=100.0%, 8=0.1%, 16=0.0%, 32=0.0%, 64=0.0%, >=64=0.0%
     issued    : total=r=32768/w=0/d=0, short=r=0/w=0/d=0

Run status group 0 (all jobs):
   READ: io=4096.0MB, aggrb=86491KB/s, minb=86491KB/s, maxb=86491KB/s, mint=48494msec, maxt=48494msec

Disk stats (read/write):
  sda: ios=32642/11, merge=24/2, ticks=384712/11928, in_queue=396628, util=99.94%
