file1: (g=0): rw=read, bs=128K-128K/128K-128K/128K-128K, ioengine=libaio, iodepth=8
fio-2.1.3
Starting 1 process
file1: Laying out IO file(s) (1 file(s) / 4096MB)

file1: (groupid=0, jobs=1): err= 0: pid=8542: Thu Jul  9 18:03:07 2015
  read : io=4096.0MB, bw=100096KB/s, iops=781, runt= 41903msec
    slat (usec): min=16, max=138, avg=26.72, stdev= 4.54
    clat (usec): min=9382, max=31821, avg=10198.83, stdev=863.11
     lat (usec): min=9409, max=31847, avg=10226.00, stdev=863.10
    clat percentiles (usec):
     |  1.00th=[ 9536],  5.00th=[ 9536], 10.00th=[ 9792], 20.00th=[ 9792],
     | 30.00th=[10048], 40.00th=[10048], 50.00th=[10048], 60.00th=[10304],
     | 70.00th=[10304], 80.00th=[10432], 90.00th=[10688], 95.00th=[10688],
     | 99.00th=[11840], 99.50th=[15040], 99.90th=[23936], 99.95th=[25216],
     | 99.99th=[31872]
    bw (KB  /s): min=92160, max=105984, per=100.00%, avg=100218.77, stdev=3549.64
    lat (msec) : 10=28.30%, 20=71.51%, 50=0.20%
  cpu          : usr=0.72%, sys=3.87%, ctx=33173, majf=0, minf=282
  IO depths    : 1=0.1%, 2=0.1%, 4=0.1%, 8=100.0%, 16=0.0%, 32=0.0%, >=64=0.0%
     submit    : 0=0.0%, 4=100.0%, 8=0.0%, 16=0.0%, 32=0.0%, 64=0.0%, >=64=0.0%
     complete  : 0=0.0%, 4=100.0%, 8=0.1%, 16=0.0%, 32=0.0%, 64=0.0%, >=64=0.0%
     issued    : total=r=32768/w=0/d=0, short=r=0/w=0/d=0

Run status group 0 (all jobs):
   READ: io=4096.0MB, aggrb=100095KB/s, minb=100095KB/s, maxb=100095KB/s, mint=41903msec, maxt=41903msec

Disk stats (read/write):
  sda: ios=32648/7, merge=0/2, ticks=332056/9040, in_queue=341108, util=99.88%
