file1: (g=0): rw=read, bs=128K-128K/128K-128K/128K-128K, ioengine=libaio, iodepth=8
fio-2.1.3
Starting 1 process
file1: Laying out IO file(s) (1 file(s) / 4096MB)

file1: (groupid=0, jobs=1): err= 0: pid=3217: Fri Jul 10 18:05:34 2015
  read : io=4096.0MB, bw=108190KB/s, iops=845, runt= 38768msec
    slat (usec): min=22, max=275, avg=55.99, stdev= 7.75
    clat (msec): min=2, max=82, avg= 9.40, stdev= 1.94
     lat (msec): min=2, max=83, avg= 9.46, stdev= 1.94
    clat percentiles (usec):
     |  1.00th=[ 8096],  5.00th=[ 9280], 10.00th=[ 9280], 20.00th=[ 9280],
     | 30.00th=[ 9280], 40.00th=[ 9280], 50.00th=[ 9408], 60.00th=[ 9408],
     | 70.00th=[ 9408], 80.00th=[ 9408], 90.00th=[ 9408], 95.00th=[ 9536],
     | 99.00th=[11584], 99.50th=[13888], 99.90th=[26240], 99.95th=[63744],
     | 99.99th=[82432]
    bw (KB  /s): min=87808, max=113948, per=100.00%, avg=108250.56, stdev=3183.69
    lat (msec) : 4=0.63%, 10=97.73%, 20=1.52%, 50=0.05%, 100=0.07%
  cpu          : usr=1.24%, sys=8.33%, ctx=33469, majf=0, minf=1342
  IO depths    : 1=0.1%, 2=0.1%, 4=0.1%, 8=100.0%, 16=0.0%, 32=0.0%, >=64=0.0%
     submit    : 0=0.0%, 4=100.0%, 8=0.0%, 16=0.0%, 32=0.0%, 64=0.0%, >=64=0.0%
     complete  : 0=0.0%, 4=100.0%, 8=0.1%, 16=0.0%, 32=0.0%, 64=0.0%, >=64=0.0%
     issued    : total=r=32768/w=0/d=0, short=r=0/w=0/d=0

Run status group 0 (all jobs):
   READ: io=4096.0MB, aggrb=108189KB/s, minb=108189KB/s, maxb=108189KB/s, mint=38768msec, maxt=38768msec

Disk stats (read/write):
  sda: ios=32556/11, merge=24/5, ticks=303504/320, in_queue=303804, util=99.91%
