file1: (g=0): rw=write, bs=128K-128K/128K-128K/128K-128K, ioengine=libaio, iodepth=8
fio-2.1.3
Starting 1 process
file1: Laying out IO file(s) (1 file(s) / 4096MB)

file1: (groupid=0, jobs=1): err= 0: pid=29383: Thu Jul  9 15:21:43 2015
  write: io=4096.0MB, bw=141838KB/s, iops=1108, runt= 29571msec
    slat (usec): min=17, max=7444, avg=33.13, stdev=87.39
    clat (msec): min=1, max=783, avg= 7.18, stdev= 5.84
     lat (msec): min=1, max=783, avg= 7.22, stdev= 5.85
    clat percentiles (msec):
     |  1.00th=[    4],  5.00th=[    7], 10.00th=[    7], 20.00th=[    7],
     | 30.00th=[    8], 40.00th=[    8], 50.00th=[    8], 60.00th=[    8],
     | 70.00th=[    8], 80.00th=[    8], 90.00th=[    8], 95.00th=[    8],
     | 99.00th=[   18], 99.50th=[   33], 99.90th=[   68], 99.95th=[   78],
     | 99.99th=[  117]
    bw (KB  /s): min=116736, max=148992, per=100.00%, avg=141978.76, stdev=8341.14
    lat (msec) : 2=0.02%, 4=1.18%, 10=97.62%, 20=0.20%, 50=0.66%
    lat (msec) : 100=0.29%, 250=0.02%, 1000=0.01%
  cpu          : usr=0.00%, sys=5.83%, ctx=32703, majf=0, minf=291
  IO depths    : 1=0.1%, 2=0.1%, 4=0.1%, 8=100.0%, 16=0.0%, 32=0.0%, >=64=0.0%
     submit    : 0=0.0%, 4=100.0%, 8=0.0%, 16=0.0%, 32=0.0%, 64=0.0%, >=64=0.0%
     complete  : 0=0.0%, 4=100.0%, 8=0.1%, 16=0.0%, 32=0.0%, 64=0.0%, >=64=0.0%
     issued    : total=r=0/w=32768/d=0, short=r=0/w=0/d=0

Run status group 0 (all jobs):
  WRITE: io=4096.0MB, aggrb=141838KB/s, minb=141838KB/s, maxb=141838KB/s, mint=29571msec, maxt=29571msec

Disk stats (read/write):
  sda: ios=0/32528, merge=0/308, ticks=0/237340, in_queue=237324, util=99.72%
