file1: (g=0): rw=read, bs=128K-128K/128K-128K/128K-128K, ioengine=libaio, iodepth=8
fio-2.1.3
Starting 1 process
file1: Laying out IO file(s) (1 file(s) / 4096MB)

file1: (groupid=0, jobs=1): err= 0: pid=13727: Wed Jul  8 15:30:08 2015
  read : io=4096.0MB, bw=106831KB/s, iops=834, runt= 39261msec
    slat (usec): min=22, max=275, avg=73.68, stdev= 8.78
    clat (msec): min=4, max=2015, avg= 9.50, stdev=11.71
     lat (msec): min=4, max=2015, avg= 9.58, stdev=11.71
    clat percentiles (usec):
     |  1.00th=[ 7904],  5.00th=[ 8160], 10.00th=[ 9024], 20.00th=[ 9024],
     | 30.00th=[ 9152], 40.00th=[ 9152], 50.00th=[ 9152], 60.00th=[ 9152],
     | 70.00th=[ 9152], 80.00th=[10176], 90.00th=[10176], 95.00th=[10176],
     | 99.00th=[11584], 99.50th=[14016], 99.90th=[29824], 99.95th=[50432],
     | 99.99th=[76288]
    bw (KB  /s): min=91904, max=112384, per=100.00%, avg=107025.71, stdev=5392.62
    lat (msec) : 10=76.57%, 20=23.24%, 50=0.13%, 100=0.05%, 750=0.01%
    lat (msec) : >=2000=0.01%
  cpu          : usr=1.52%, sys=10.29%, ctx=33615, majf=0, minf=1872
  IO depths    : 1=0.1%, 2=0.1%, 4=0.1%, 8=100.0%, 16=0.0%, 32=0.0%, >=64=0.0%
     submit    : 0=0.0%, 4=100.0%, 8=0.0%, 16=0.0%, 32=0.0%, 64=0.0%, >=64=0.0%
     complete  : 0=0.0%, 4=100.0%, 8=0.1%, 16=0.0%, 32=0.0%, 64=0.0%, >=64=0.0%
     issued    : total=r=32768/w=0/d=0, short=r=0/w=0/d=0

Run status group 0 (all jobs):
   READ: io=4096.0MB, aggrb=106831KB/s, minb=106831KB/s, maxb=106831KB/s, mint=39261msec, maxt=39261msec

Disk stats (read/write):
  sda: ios=32720/5, merge=12/1, ticks=309104/92, in_queue=309216, util=99.90%
