file1: (g=0): rw=read, bs=128K-128K/128K-128K/128K-128K, ioengine=libaio, iodepth=8
fio-2.1.3
Starting 1 process
file1: Laying out IO file(s) (1 file(s) / 4096MB)

file1: (groupid=0, jobs=1): err= 0: pid=13562: Wed Jul  8 15:20:19 2015
  read : io=4096.0MB, bw=106690KB/s, iops=833, runt= 39313msec
    slat (usec): min=23, max=267, avg=73.89, stdev= 8.89
    clat (msec): min=3, max=314, avg= 9.51, stdev= 2.32
     lat (msec): min=3, max=314, avg= 9.59, stdev= 2.32
    clat percentiles (usec):
     |  1.00th=[ 7968],  5.00th=[ 9024], 10.00th=[ 9024], 20.00th=[ 9024],
     | 30.00th=[ 9152], 40.00th=[ 9152], 50.00th=[ 9152], 60.00th=[ 9152],
     | 70.00th=[ 9280], 80.00th=[10176], 90.00th=[10176], 95.00th=[10432],
     | 99.00th=[11840], 99.50th=[17280], 99.90th=[30592], 99.95th=[50432],
     | 99.99th=[67072]
    bw (KB  /s): min=92416, max=112384, per=100.00%, avg=106758.58, stdev=5631.74
    lat (msec) : 4=0.03%, 10=74.07%, 20=25.76%, 50=0.09%, 100=0.06%
    lat (msec) : 500=0.01%
  cpu          : usr=1.52%, sys=10.28%, ctx=33598, majf=0, minf=1872
  IO depths    : 1=0.1%, 2=0.1%, 4=0.1%, 8=100.0%, 16=0.0%, 32=0.0%, >=64=0.0%
     submit    : 0=0.0%, 4=100.0%, 8=0.0%, 16=0.0%, 32=0.0%, 64=0.0%, >=64=0.0%
     complete  : 0=0.0%, 4=100.0%, 8=0.1%, 16=0.0%, 32=0.0%, 64=0.0%, >=64=0.0%
     issued    : total=r=32768/w=0/d=0, short=r=0/w=0/d=0

Run status group 0 (all jobs):
   READ: io=4096.0MB, aggrb=106690KB/s, minb=106690KB/s, maxb=106690KB/s, mint=39313msec, maxt=39313msec

Disk stats (read/write):
  sda: ios=32553/4, merge=12/1, ticks=308196/92, in_queue=308228, util=99.89%
