file1: (g=0): rw=read, bs=128K-128K/128K-128K/128K-128K, ioengine=libaio, iodepth=8
fio-2.1.3
Starting 1 process
file1: Laying out IO file(s) (1 file(s) / 4096MB)

file1: (groupid=0, jobs=1): err= 0: pid=13607: Wed Jul  8 15:23:07 2015
  read : io=4096.0MB, bw=106053KB/s, iops=828, runt= 39549msec
    slat (usec): min=22, max=317, avg=73.00, stdev= 8.78
    clat (msec): min=4, max=90, avg= 9.57, stdev= 2.16
     lat (msec): min=4, max=90, avg= 9.65, stdev= 2.15
    clat percentiles (usec):
     |  1.00th=[ 8032],  5.00th=[ 9024], 10.00th=[ 9024], 20.00th=[ 9024],
     | 30.00th=[ 9152], 40.00th=[ 9152], 50.00th=[ 9152], 60.00th=[ 9152],
     | 70.00th=[ 9280], 80.00th=[10176], 90.00th=[10176], 95.00th=[10432],
     | 99.00th=[11712], 99.50th=[16768], 99.90th=[50432], 99.95th=[50432],
     | 99.99th=[88576]
    bw (KB  /s): min=75880, max=112384, per=100.00%, avg=106247.19, stdev=6368.35
    lat (msec) : 10=71.93%, 20=27.81%, 50=0.15%, 100=0.11%
  cpu          : usr=1.51%, sys=10.10%, ctx=33535, majf=0, minf=1607
  IO depths    : 1=0.1%, 2=0.1%, 4=0.1%, 8=100.0%, 16=0.0%, 32=0.0%, >=64=0.0%
     submit    : 0=0.0%, 4=100.0%, 8=0.0%, 16=0.0%, 32=0.0%, 64=0.0%, >=64=0.0%
     complete  : 0=0.0%, 4=100.0%, 8=0.1%, 16=0.0%, 32=0.0%, 64=0.0%, >=64=0.0%
     issued    : total=r=32768/w=0/d=0, short=r=0/w=0/d=0

Run status group 0 (all jobs):
   READ: io=4096.0MB, aggrb=106053KB/s, minb=106053KB/s, maxb=106053KB/s, mint=39549msec, maxt=39549msec

Disk stats (read/write):
  sda: ios=32654/21, merge=48/12, ticks=309260/392, in_queue=309604, util=99.90%
