file1: (g=0): rw=write, bs=128K-128K/128K-128K/128K-128K, ioengine=libaio, iodepth=8
fio-2.1.3
Starting 1 process
file1: Laying out IO file(s) (1 file(s) / 4096MB)

file1: (groupid=0, jobs=1): err= 0: pid=22149: Thu Jul  9 18:54:29 2015
  write: io=4096.0MB, bw=88703KB/s, iops=692, runt= 47285msec
    slat (usec): min=25, max=184624, avg=122.78, stdev=1029.41
    clat (msec): min=1, max=258, avg=11.41, stdev=12.63
     lat (msec): min=1, max=379, avg=11.53, stdev=12.78
    clat percentiles (msec):
     |  1.00th=[    5],  5.00th=[    5], 10.00th=[   10], 20.00th=[   11],
     | 30.00th=[   11], 40.00th=[   11], 50.00th=[   11], 60.00th=[   11],
     | 70.00th=[   12], 80.00th=[   12], 90.00th=[   13], 95.00th=[   13],
     | 99.00th=[   28], 99.50th=[  131], 99.90th=[  194], 99.95th=[  247],
     | 99.99th=[  258]
    bw (KB  /s): min=51832, max=112384, per=100.00%, avg=89052.53, stdev=11526.58
    lat (msec) : 2=0.01%, 4=0.14%, 10=22.51%, 20=75.60%, 50=1.14%
    lat (msec) : 100=0.05%, 250=0.52%, 500=0.04%
  cpu          : usr=1.89%, sys=10.78%, ctx=33788, majf=0, minf=1880
  IO depths    : 1=0.1%, 2=0.1%, 4=0.1%, 8=100.0%, 16=0.0%, 32=0.0%, >=64=0.0%
     submit    : 0=0.0%, 4=100.0%, 8=0.0%, 16=0.0%, 32=0.0%, 64=0.0%, >=64=0.0%
     complete  : 0=0.0%, 4=100.0%, 8=0.1%, 16=0.0%, 32=0.0%, 64=0.0%, >=64=0.0%
     issued    : total=r=0/w=32768/d=0, short=r=0/w=0/d=0

Run status group 0 (all jobs):
  WRITE: io=4096.0MB, aggrb=88702KB/s, minb=88702KB/s, maxb=88702KB/s, mint=47285msec, maxt=47285msec

Disk stats (read/write):
  sda: ios=0/32653, merge=0/305, ticks=0/374688, in_queue=374656, util=99.94%
