file1: (g=0): rw=write, bs=128K-128K/128K-128K/128K-128K, ioengine=libaio, iodepth=8
fio-2.1.3
Starting 1 process
file1: Laying out IO file(s) (1 file(s) / 4096MB)

file1: (groupid=0, jobs=1): err= 0: pid=11279: Thu Jul  9 18:55:19 2015
  write: io=4096.0MB, bw=98587KB/s, iops=770, runt= 42544msec
    slat (usec): min=41, max=463, avg=65.40, stdev=22.43
    clat (msec): min=1, max=272, avg=10.32, stdev= 6.48
     lat (msec): min=1, max=272, avg=10.38, stdev= 6.48
    clat percentiles (msec):
     |  1.00th=[    5],  5.00th=[    8], 10.00th=[    8], 20.00th=[    9],
     | 30.00th=[    9], 40.00th=[    9], 50.00th=[    9], 60.00th=[    9],
     | 70.00th=[    9], 80.00th=[   11], 90.00th=[   17], 95.00th=[   18],
     | 99.00th=[   26], 99.50th=[   34], 99.90th=[   97], 99.95th=[  145],
     | 99.99th=[  153]
    bw (KB  /s): min=41389, max=110866, per=100.00%, avg=98622.58, stdev=9633.16
    lat (msec) : 2=0.01%, 4=0.52%, 10=78.25%, 20=19.03%, 50=1.88%
    lat (msec) : 100=0.20%, 250=0.09%, 500=0.01%
  cpu          : usr=1.20%, sys=4.83%, ctx=5595, majf=0, minf=290
  IO depths    : 1=0.1%, 2=0.1%, 4=0.1%, 8=100.0%, 16=0.0%, 32=0.0%, >=64=0.0%
     submit    : 0=0.0%, 4=100.0%, 8=0.0%, 16=0.0%, 32=0.0%, 64=0.0%, >=64=0.0%
     complete  : 0=0.0%, 4=100.0%, 8=0.1%, 16=0.0%, 32=0.0%, 64=0.0%, >=64=0.0%
     issued    : total=r=0/w=32768/d=0, short=r=0/w=0/d=0

Run status group 0 (all jobs):
  WRITE: io=4096.0MB, aggrb=98587KB/s, minb=98587KB/s, maxb=98587KB/s, mint=42544msec, maxt=42544msec

Disk stats (read/write):
  sda: ios=0/32607, merge=0/257, ticks=0/320060, in_queue=320080, util=99.89%
