file1: (g=0): rw=write, bs=128K-128K/128K-128K/128K-128K, ioengine=libaio, iodepth=8
fio-2.1.3
Starting 1 process
file1: Laying out IO file(s) (1 file(s) / 4096MB)

file1: (groupid=0, jobs=1): err= 0: pid=23307: Wed Jul  8 01:39:37 2015
  write: io=4096.0MB, bw=145298KB/s, iops=1135, runt= 28867msec
    slat (usec): min=18, max=7313, avg=32.48, stdev=84.66
    clat (msec): min=1, max=865, avg= 7.01, stdev= 7.14
     lat (msec): min=1, max=865, avg= 7.05, stdev= 7.14
    clat percentiles (msec):
     |  1.00th=[    5],  5.00th=[    7], 10.00th=[    7], 20.00th=[    7],
     | 30.00th=[    7], 40.00th=[    7], 50.00th=[    7], 60.00th=[    7],
     | 70.00th=[    7], 80.00th=[    7], 90.00th=[    7], 95.00th=[    7],
     | 99.00th=[   10], 99.50th=[   29], 99.90th=[   83], 99.95th=[  124],
     | 99.99th=[  147]
    bw (KB  /s): min=110228, max=154624, per=100.00%, avg=145435.19, stdev=9491.72
    lat (msec) : 2=0.02%, 4=0.88%, 10=98.23%, 20=0.14%, 50=0.48%
    lat (msec) : 100=0.20%, 250=0.05%, 750=0.01%, 1000=0.01%
  cpu          : usr=0.00%, sys=5.46%, ctx=32687, majf=0, minf=291
  IO depths    : 1=0.1%, 2=0.1%, 4=0.1%, 8=100.0%, 16=0.0%, 32=0.0%, >=64=0.0%
     submit    : 0=0.0%, 4=100.0%, 8=0.0%, 16=0.0%, 32=0.0%, 64=0.0%, >=64=0.0%
     complete  : 0=0.0%, 4=100.0%, 8=0.1%, 16=0.0%, 32=0.0%, 64=0.0%, >=64=0.0%
     issued    : total=r=0/w=32768/d=0, short=r=0/w=0/d=0

Run status group 0 (all jobs):
  WRITE: io=4096.0MB, aggrb=145297KB/s, minb=145297KB/s, maxb=145297KB/s, mint=28867msec, maxt=28867msec

Disk stats (read/write):
  sda: ios=0/32729, merge=0/291, ticks=0/231484, in_queue=231456, util=99.84%
