file1: (g=0): rw=read, bs=128K-128K/128K-128K/128K-128K, ioengine=libaio, iodepth=8
fio-2.1.3
Starting 1 process
file1: Laying out IO file(s) (1 file(s) / 4096MB)

file1: (groupid=0, jobs=1): err= 0: pid=2114: Wed Jul  8 14:59:30 2015
  read : io=4096.0MB, bw=90439KB/s, iops=706, runt= 46377msec
    slat (usec): min=16, max=136, avg=26.71, stdev= 3.83
    clat (msec): min=4, max=35, avg=11.29, stdev= 1.15
     lat (msec): min=4, max=35, avg=11.32, stdev= 1.15
    clat percentiles (usec):
     |  1.00th=[10432],  5.00th=[10432], 10.00th=[10560], 20.00th=[10688],
     | 30.00th=[10688], 40.00th=[10944], 50.00th=[11072], 60.00th=[11200],
     | 70.00th=[11712], 80.00th=[11840], 90.00th=[11840], 95.00th=[11840],
     | 99.00th=[16320], 99.50th=[17792], 99.90th=[26752], 99.95th=[29056],
     | 99.99th=[35072]
    bw (KB  /s): min=82522, max=96256, per=100.00%, avg=90574.75, stdev=3931.71
    lat (msec) : 10=0.02%, 20=99.83%, 50=0.16%
  cpu          : usr=0.63%, sys=3.53%, ctx=33130, majf=0, minf=282
  IO depths    : 1=0.1%, 2=0.1%, 4=0.1%, 8=100.0%, 16=0.0%, 32=0.0%, >=64=0.0%
     submit    : 0=0.0%, 4=100.0%, 8=0.0%, 16=0.0%, 32=0.0%, 64=0.0%, >=64=0.0%
     complete  : 0=0.0%, 4=100.0%, 8=0.1%, 16=0.0%, 32=0.0%, 64=0.0%, >=64=0.0%
     issued    : total=r=32768/w=0/d=0, short=r=0/w=0/d=0

Run status group 0 (all jobs):
   READ: io=4096.0MB, aggrb=90439KB/s, minb=90439KB/s, maxb=90439KB/s, mint=46377msec, maxt=46377msec

Disk stats (read/write):
  sda: ios=32717/7, merge=0/2, ticks=368568/7568, in_queue=376144, util=99.89%
