file1: (g=0): rw=read, bs=128K-128K/128K-128K/128K-128K, ioengine=libaio, iodepth=8
fio-2.1.3
Starting 1 process
file1: Laying out IO file(s) (1 file(s) / 4096MB)

file1: (groupid=0, jobs=1): err= 0: pid=6037: Wed Jul  8 15:27:05 2015
  read : io=4096.0MB, bw=130473KB/s, iops=1019, runt= 32147msec
    slat (usec): min=24, max=254, avg=63.33, stdev= 6.53
    clat (usec): min=3817, max=35485, avg=7774.88, stdev=934.95
     lat (usec): min=3857, max=35534, avg=7839.04, stdev=935.15
    clat percentiles (usec):
     |  1.00th=[ 6624],  5.00th=[ 6624], 10.00th=[ 6688], 20.00th=[ 7904],
     | 30.00th=[ 7904], 40.00th=[ 7904], 50.00th=[ 7904], 60.00th=[ 7968],
     | 70.00th=[ 7968], 80.00th=[ 7968], 90.00th=[ 7968], 95.00th=[ 8032],
     | 99.00th=[ 9792], 99.50th=[ 9920], 99.90th=[16320], 99.95th=[27520],
     | 99.99th=[34048]
    bw (KB  /s): min=118784, max=132352, per=100.00%, avg=130583.70, stdev=1802.61
    lat (msec) : 4=0.01%, 10=99.69%, 20=0.23%, 50=0.07%
  cpu          : usr=1.64%, sys=10.77%, ctx=33399, majf=0, minf=812
  IO depths    : 1=0.1%, 2=0.1%, 4=0.1%, 8=100.0%, 16=0.0%, 32=0.0%, >=64=0.0%
     submit    : 0=0.0%, 4=100.0%, 8=0.0%, 16=0.0%, 32=0.0%, 64=0.0%, >=64=0.0%
     complete  : 0=0.0%, 4=100.0%, 8=0.1%, 16=0.0%, 32=0.0%, 64=0.0%, >=64=0.0%
     issued    : total=r=32768/w=0/d=0, short=r=0/w=0/d=0

Run status group 0 (all jobs):
   READ: io=4096.0MB, aggrb=130472KB/s, minb=130472KB/s, maxb=130472KB/s, mint=32147msec, maxt=32147msec

Disk stats (read/write):
  sda: ios=32644/4, merge=12/1, ticks=251936/68, in_queue=251940, util=99.82%
