file1: (g=0): rw=write, bs=128K-128K/128K-128K/128K-128K, ioengine=libaio, iodepth=8
fio-2.1.3
Starting 1 process
file1: Laying out IO file(s) (1 file(s) / 4096MB)

file1: (groupid=0, jobs=1): err= 0: pid=8868: Thu Jul  9 18:17:59 2015
  write: io=4096.0MB, bw=91123KB/s, iops=711, runt= 46029msec
    slat (usec): min=21, max=22050, avg=46.42, stdev=264.17
    clat (msec): min=5, max=155, avg=11.19, stdev= 3.07
     lat (msec): min=5, max=155, avg=11.23, stdev= 3.08
    clat percentiles (msec):
     |  1.00th=[   11],  5.00th=[   11], 10.00th=[   11], 20.00th=[   11],
     | 30.00th=[   11], 40.00th=[   11], 50.00th=[   11], 60.00th=[   12],
     | 70.00th=[   12], 80.00th=[   12], 90.00th=[   12], 95.00th=[   12],
     | 99.00th=[   18], 99.50th=[   20], 99.90th=[   28], 99.95th=[   33],
     | 99.99th=[  155]
    bw (KB  /s): min=65736, max=100096, per=100.00%, avg=91259.16, stdev=5625.70
    lat (msec) : 10=0.47%, 20=99.04%, 50=0.44%, 250=0.05%
  cpu          : usr=1.67%, sys=7.27%, ctx=33243, majf=0, minf=25
  IO depths    : 1=0.1%, 2=0.1%, 4=0.1%, 8=100.0%, 16=0.0%, 32=0.0%, >=64=0.0%
     submit    : 0=0.0%, 4=100.0%, 8=0.0%, 16=0.0%, 32=0.0%, 64=0.0%, >=64=0.0%
     complete  : 0=0.0%, 4=100.0%, 8=0.1%, 16=0.0%, 32=0.0%, 64=0.0%, >=64=0.0%
     issued    : total=r=0/w=32768/d=0, short=r=0/w=0/d=0

Run status group 0 (all jobs):
  WRITE: io=4096.0MB, aggrb=91123KB/s, minb=91123KB/s, maxb=91123KB/s, mint=46029msec, maxt=46029msec

Disk stats (read/write):
  sda: ios=0/32799, merge=0/257, ticks=0/380624, in_queue=380660, util=99.89%
