file1: (g=0): rw=write, bs=128K-128K/128K-128K/128K-128K, ioengine=libaio, iodepth=8
fio-2.1.3
Starting 1 process
file1: Laying out IO file(s) (1 file(s) / 512MB)

file1: (groupid=0, jobs=1): err= 0: pid=39596: Wed Jun 24 20:30:04 2015
  write: io=524288KB, bw=140824KB/s, iops=1100, runt=  3723msec
    slat (usec): min=25, max=129, avg=59.22, stdev=13.99
    clat (usec): min=690, max=128828, avg=7203.29, stdev=5420.35
     lat (usec): min=777, max=128892, avg=7263.17, stdev=5420.39
    clat percentiles (msec):
     |  1.00th=[    6],  5.00th=[    6], 10.00th=[    7], 20.00th=[    7],
     | 30.00th=[    7], 40.00th=[    7], 50.00th=[    7], 60.00th=[    7],
     | 70.00th=[    8], 80.00th=[    8], 90.00th=[    8], 95.00th=[    8],
     | 99.00th=[   10], 99.50th=[   12], 99.90th=[  127], 99.95th=[  128],
     | 99.99th=[  129]
    bw (KB  /s): min=116649, max=150784, per=99.74%, avg=140458.43, stdev=11133.57
    lat (usec) : 750=0.02%, 1000=0.02%
    lat (msec) : 2=0.05%, 4=0.20%, 10=98.75%, 20=0.56%, 50=0.20%
    lat (msec) : 250=0.20%
  cpu          : usr=2.04%, sys=11.20%, ctx=4177, majf=0, minf=26
  IO depths    : 1=0.1%, 2=0.1%, 4=0.1%, 8=99.8%, 16=0.0%, 32=0.0%, >=64=0.0%
     submit    : 0=0.0%, 4=100.0%, 8=0.0%, 16=0.0%, 32=0.0%, 64=0.0%, >=64=0.0%
     complete  : 0=0.0%, 4=100.0%, 8=0.1%, 16=0.0%, 32=0.0%, 64=0.0%, >=64=0.0%
     issued    : total=r=0/w=4096/d=0, short=r=0/w=0/d=0

Run status group 0 (all jobs):
  WRITE: io=524288KB, aggrb=140824KB/s, minb=140824KB/s, maxb=140824KB/s, mint=3723msec, maxt=3723msec

Disk stats (read/write):
  sdb: ios=0/3994, merge=0/17, ticks=0/28460, in_queue=29708, util=97.40%
