file1: (g=0): rw=write, bs=128K-128K/128K-128K/128K-128K, ioengine=libaio, iodepth=8
fio-2.1.3
Starting 1 process
file1: Laying out IO file(s) (1 file(s) / 4096MB)

file1: (groupid=0, jobs=1): err= 0: pid=22034: Thu Jul  9 18:51:19 2015
  write: io=4096.0MB, bw=89440KB/s, iops=698, runt= 46895msec
    slat (usec): min=37, max=19098, avg=115.19, stdev=169.14
    clat (msec): min=1, max=308, avg=11.32, stdev=13.00
     lat (msec): min=1, max=310, avg=11.44, stdev=13.02
    clat percentiles (msec):
     |  1.00th=[    5],  5.00th=[    5], 10.00th=[   10], 20.00th=[   10],
     | 30.00th=[   10], 40.00th=[   10], 50.00th=[   11], 60.00th=[   11],
     | 70.00th=[   11], 80.00th=[   11], 90.00th=[   13], 95.00th=[   14],
     | 99.00th=[   28], 99.50th=[  131], 99.90th=[  194], 99.95th=[  208],
     | 99.99th=[  306]
    bw (KB  /s): min=38000, max=101632, per=100.00%, avg=89894.75, stdev=11978.64
    lat (msec) : 2=0.01%, 4=0.15%, 10=52.93%, 20=45.31%, 50=0.90%
    lat (msec) : 100=0.10%, 250=0.57%, 500=0.03%
  cpu          : usr=1.91%, sys=10.72%, ctx=33859, majf=0, minf=2419
  IO depths    : 1=0.1%, 2=0.1%, 4=0.1%, 8=100.0%, 16=0.0%, 32=0.0%, >=64=0.0%
     submit    : 0=0.0%, 4=100.0%, 8=0.0%, 16=0.0%, 32=0.0%, 64=0.0%, >=64=0.0%
     complete  : 0=0.0%, 4=100.0%, 8=0.1%, 16=0.0%, 32=0.0%, 64=0.0%, >=64=0.0%
     issued    : total=r=0/w=32768/d=0, short=r=0/w=0/d=0

Run status group 0 (all jobs):
  WRITE: io=4096.0MB, aggrb=89440KB/s, minb=89440KB/s, maxb=89440KB/s, mint=46895msec, maxt=46895msec

Disk stats (read/write):
  sda: ios=0/32575, merge=0/327, ticks=0/361676, in_queue=361604, util=99.92%
